<?xml version="1.0" encoding="UTF-8"?>
<testsuites name="Login as admin" time="22" tests="3" failures="0" errors="0">
   <testsuite name="Login as admin" tests="3" failures="0" errors="0" time="22" timestamp="2018-04-28 17:32:16" hostname="Donut - DESKTOP-IGTTMO3" id="Test Suites/Login as admin">
      <properties>
         <property name="deviceName" value=""/>
         <property name="devicePlatform" value=""/>
         <property name="logFolder" value="C:\\Users\\Donut\\git\\234-project-katalon-test\\Reports\\Login as admin\\20180428_173214"/>
         <property name="logFiles" value="C:\\Users\\Donut\\git\\234-project-katalon-test\\Reports\\Login as admin\\20180428_173214\\execution0.log"/>
         <property name="attachments" value=""/>
         <property name="hostName" value="Donut - DESKTOP-IGTTMO3"/>
         <property name="os" value="Windows 10 64bit"/>
         <property name="katalonVersion" value="5.3.1.1"/>
         <property name="browser" value="Firefox 59.0"/>
         <property name="hostAddress" value="172.20.10.2"/>
         <property name="sessionId" value="687d2a41-0ae5-4e5e-b877-b35736c5a613"/>
         <property name="seleniumVersion" value="3.7.1"/>
         <property name="proxyInformation" value="ProxyInformation{proxyOption=NO_PROXY, proxyServerType=HTTP, password=, proxyServerAddress=, proxyServerPort=0}"/>
         <property name="platform" value="Windows 10"/>
      </properties>
      <testcase name="Test Cases/Navigate to web" classname="Test Cases/Navigate to web" status="PASSED">
         <system-out><![CDATA[2018-04-28 17:32:17 - [TEST_CASE][PASSED] - Test Cases/Navigate to web: Test Cases/Navigate to web

2018-04-28 17:32:17 - [TEST_STEP][PASSED] - openBrowser: Browser is opened with url: ''

2018-04-28 17:32:23 - [MESSAGE][PASSED] - Browser is opened with url: ''

2018-04-28 17:32:23 - [TEST_STEP][PASSED] - navigateToUrl: Navigate to 'http://54.71.80.147:8086/' successfully

2018-04-28 17:32:36 - [MESSAGE][PASSED] - Navigate to 'http://54.71.80.147:8086/' successfully]]></system-out>
         <system-err><![CDATA[]]></system-err>
      </testcase>
      <testcase name="Test Cases/Login with credentials" classname="Test Cases/Login with credentials" status="PASSED">
         <system-out><![CDATA[2018-04-28 17:32:36 - [TEST_CASE][PASSED] - Test Cases/Login with credentials: Test Cases/Login with credentials

2018-04-28 17:32:37 - [TEST_STEP][PASSED] - setText: Text 'admin' is set on object 'Object Repository/Page_ProjectBackend/input_username'

2018-04-28 17:32:37 - [MESSAGE][PASSED] - Text 'admin' is set on object 'Object Repository/Page_ProjectBackend/input_username'

2018-04-28 17:32:37 - [TEST_STEP][PASSED] - setText: Text 'admin' is set on object 'Object Repository/Page_ProjectBackend/input_password'

2018-04-28 17:32:37 - [MESSAGE][PASSED] - Text 'admin' is set on object 'Object Repository/Page_ProjectBackend/input_password'

2018-04-28 17:32:37 - [TEST_STEP][PASSED] - click: Object: 'Object Repository/Page_ProjectBackend/button_Login' is clicked on

2018-04-28 17:32:37 - [MESSAGE][PASSED] - Object: 'Object Repository/Page_ProjectBackend/button_Login' is clicked on]]></system-out>
         <system-err><![CDATA[]]></system-err>
      </testcase>
      <testcase name="Test Cases/Verify admin landing page" classname="Test Cases/Verify admin landing page" status="PASSED">
         <system-out><![CDATA[2018-04-28 17:32:37 - [TEST_CASE][PASSED] - Test Cases/Verify admin landing page: Test Cases/Verify admin landing page

2018-04-28 17:32:38 - [TEST_STEP][PASSED] - verifyElementText: Actual text and expected text of test object 'Object Repository/Page_ProjectBackend/a_Products' are matched.

2018-04-28 17:32:39 - [MESSAGE][PASSED] - Actual text and expected text of test object 'Object Repository/Page_ProjectBackend/a_Products' are matched.

2018-04-28 17:32:39 - [TEST_STEP][PASSED] - verifyElementText: Actual text and expected text of test object 'Object Repository/Page_ProjectBackend/a_Total Transaction' are matched.

2018-04-28 17:32:39 - [MESSAGE][PASSED] - Actual text and expected text of test object 'Object Repository/Page_ProjectBackend/a_Total Transaction' are matched.]]></system-out>
         <system-err><![CDATA[]]></system-err>
      </testcase>
      <system-out><![CDATA[2018-04-28 17:32:16 - [TEST_SUITE][PASSED] - Login as admin: Test Cases/Verify admin landing page]]></system-out>
      <system-err><![CDATA[]]></system-err>
   </testsuite>
</testsuites>
