<?xml version="1.0" encoding="UTF-8"?>
<testsuites name="Test logout" time="40" tests="5" failures="0" errors="0">
   <testsuite name="Test logout" tests="5" failures="0" errors="0" time="40" timestamp="2018-05-09 15:27:55" hostname="Donut - 10.80.178.12" id="Test Suites/Test logout">
      <properties>
         <property name="deviceName" value=""/>
         <property name="devicePlatform" value=""/>
         <property name="logFolder" value="C:\\Users\\Donut\\git\\234-project-katalon-test\\Reports\\Test logout\\20180509_152753"/>
         <property name="logFiles" value="C:\\Users\\Donut\\git\\234-project-katalon-test\\Reports\\Test logout\\20180509_152753\\execution0.log"/>
         <property name="attachments" value=""/>
         <property name="hostName" value="Donut - 10.80.178.12"/>
         <property name="os" value="Windows 10 64bit"/>
         <property name="katalonVersion" value="5.3.1.1"/>
         <property name="browser" value="Chrome 66.0.3359.139"/>
         <property name="hostAddress" value="10.80.178.12"/>
         <property name="sessionId" value="711b87a5fbf1d4d15835104dbdd7b831"/>
         <property name="seleniumVersion" value="3.7.1"/>
         <property name="proxyInformation" value="ProxyInformation{proxyOption=NO_PROXY, proxyServerType=HTTP, password=, proxyServerAddress=, proxyServerPort=0}"/>
         <property name="platform" value="Windows 10"/>
      </properties>
      <testcase name="Test Cases/Navigate to web" classname="Test Cases/Navigate to web" status="PASSED">
         <system-out><![CDATA[2018-05-09 15:27:56 - [TEST_CASE][PASSED] - Test Cases/Navigate to web: Test Cases/Navigate to web

2018-05-09 15:27:56 - [TEST_STEP][PASSED] - openBrowser: Browser is opened with url: ''

2018-05-09 15:28:00 - [MESSAGE][PASSED] - Browser is opened with url: ''

2018-05-09 15:28:00 - [TEST_STEP][PASSED] - navigateToUrl: Navigate to 'http://54.71.80.147:8086/' successfully

2018-05-09 15:28:30 - [MESSAGE][PASSED] - Navigate to 'http://54.71.80.147:8086/' successfully]]></system-out>
         <system-err><![CDATA[]]></system-err>
      </testcase>
      <testcase name="Test Cases/Login then logout" classname="Test Cases/Login then logout" status="PASSED">
         <system-out><![CDATA[2018-05-09 15:28:30 - [TEST_CASE][PASSED] - Test Cases/Login then logout: Test Cases/Login then logout

2018-05-09 15:28:30 - [TEST_STEP][PASSED] - setText: Text 'admin' is set on object 'Object Repository/Login_Page/input_username'

2018-05-09 15:28:31 - [MESSAGE][PASSED] - Text 'admin' is set on object 'Object Repository/Login_Page/input_username'

2018-05-09 15:28:31 - [TEST_STEP][PASSED] - setText: Text 'admin' is set on object 'Object Repository/Login_Page/input_password'

2018-05-09 15:28:31 - [MESSAGE][PASSED] - Text 'admin' is set on object 'Object Repository/Login_Page/input_password'

2018-05-09 15:28:31 - [TEST_STEP][PASSED] - click: Object: 'Object Repository/Login_Page/button_Login' is clicked on

2018-05-09 15:28:31 - [MESSAGE][PASSED] - Object: 'Object Repository/Login_Page/button_Login' is clicked on

2018-05-09 15:28:31 - [TEST_STEP][PASSED] - waitForElementNotPresent: Web element with id: 'Object Repository/Login_Page/button_Login' located by 'By.xpath: //button[(text() = 'Login' or . = 'Login')]' is not present after '15' second(s)

2018-05-09 15:28:32 - [MESSAGE][PASSED] - Web element with id: 'Object Repository/Login_Page/button_Login' located by 'By.xpath: //button[(text() = 'Login' or . = 'Login')]' is not present after '15' second(s)

2018-05-09 15:28:32 - [TEST_STEP][PASSED] - click: Object: 'Object Repository/Main_Page/Logout Button' is clicked on

2018-05-09 15:28:32 - [MESSAGE][PASSED] - Object: 'Object Repository/Main_Page/Logout Button' is clicked on

2018-05-09 15:28:32 - [TEST_STEP][PASSED] - verifyElementPresent: Object 'Object Repository/Login_Page/Login Header' is present

2018-05-09 15:28:33 - [MESSAGE][PASSED] - Object 'Object Repository/Login_Page/Login Header' is present]]></system-out>
         <system-err><![CDATA[]]></system-err>
      </testcase>
      <testcase name="Test Cases/Login then logout" classname="Test Cases/Login then logout" status="PASSED">
         <system-out><![CDATA[2018-05-09 15:28:33 - [TEST_CASE][PASSED] - Test Cases/Login then logout: Test Cases/Login then logout

2018-05-09 15:28:33 - [TEST_STEP][PASSED] - setText: Text 'user' is set on object 'Object Repository/Login_Page/input_username'

2018-05-09 15:28:33 - [MESSAGE][PASSED] - Text 'user' is set on object 'Object Repository/Login_Page/input_username'

2018-05-09 15:28:33 - [TEST_STEP][PASSED] - setText: Text 'user' is set on object 'Object Repository/Login_Page/input_password'

2018-05-09 15:28:33 - [MESSAGE][PASSED] - Text 'user' is set on object 'Object Repository/Login_Page/input_password'

2018-05-09 15:28:33 - [TEST_STEP][PASSED] - click: Object: 'Object Repository/Login_Page/button_Login' is clicked on

2018-05-09 15:28:33 - [MESSAGE][PASSED] - Object: 'Object Repository/Login_Page/button_Login' is clicked on

2018-05-09 15:28:33 - [TEST_STEP][PASSED] - waitForElementNotPresent: Web element with id: 'Object Repository/Login_Page/button_Login' located by 'By.xpath: //button[(text() = 'Login' or . = 'Login')]' is not present after '15' second(s)

2018-05-09 15:28:34 - [MESSAGE][PASSED] - Web element with id: 'Object Repository/Login_Page/button_Login' located by 'By.xpath: //button[(text() = 'Login' or . = 'Login')]' is not present after '15' second(s)

2018-05-09 15:28:34 - [TEST_STEP][PASSED] - click: Object: 'Object Repository/Main_Page/Logout Button' is clicked on

2018-05-09 15:28:34 - [MESSAGE][PASSED] - Object: 'Object Repository/Main_Page/Logout Button' is clicked on

2018-05-09 15:28:34 - [TEST_STEP][PASSED] - verifyElementPresent: Object 'Object Repository/Login_Page/Login Header' is present

2018-05-09 15:28:34 - [MESSAGE][PASSED] - Object 'Object Repository/Login_Page/Login Header' is present]]></system-out>
         <system-err><![CDATA[]]></system-err>
      </testcase>
      <testcase name="Test Cases/Login then logout" classname="Test Cases/Login then logout" status="PASSED">
         <system-out><![CDATA[2018-05-09 15:28:34 - [TEST_CASE][PASSED] - Test Cases/Login then logout: Test Cases/Login then logout

2018-05-09 15:28:34 - [TEST_STEP][PASSED] - setText: Text 'hello' is set on object 'Object Repository/Login_Page/input_username'

2018-05-09 15:28:34 - [MESSAGE][PASSED] - Text 'hello' is set on object 'Object Repository/Login_Page/input_username'

2018-05-09 15:28:34 - [TEST_STEP][PASSED] - setText: Text 'hello' is set on object 'Object Repository/Login_Page/input_password'

2018-05-09 15:28:34 - [MESSAGE][PASSED] - Text 'hello' is set on object 'Object Repository/Login_Page/input_password'

2018-05-09 15:28:34 - [TEST_STEP][PASSED] - click: Object: 'Object Repository/Login_Page/button_Login' is clicked on

2018-05-09 15:28:34 - [MESSAGE][PASSED] - Object: 'Object Repository/Login_Page/button_Login' is clicked on

2018-05-09 15:28:34 - [TEST_STEP][PASSED] - waitForElementNotPresent: Web element with id: 'Object Repository/Login_Page/button_Login' located by 'By.xpath: //button[(text() = 'Login' or . = 'Login')]' is not present after '15' second(s)

2018-05-09 15:28:35 - [MESSAGE][PASSED] - Web element with id: 'Object Repository/Login_Page/button_Login' located by 'By.xpath: //button[(text() = 'Login' or . = 'Login')]' is not present after '15' second(s)

2018-05-09 15:28:35 - [TEST_STEP][PASSED] - click: Object: 'Object Repository/Main_Page/Logout Button' is clicked on

2018-05-09 15:28:35 - [MESSAGE][PASSED] - Object: 'Object Repository/Main_Page/Logout Button' is clicked on

2018-05-09 15:28:35 - [TEST_STEP][PASSED] - verifyElementPresent: Object 'Object Repository/Login_Page/Login Header' is present

2018-05-09 15:28:35 - [MESSAGE][PASSED] - Object 'Object Repository/Login_Page/Login Header' is present]]></system-out>
         <system-err><![CDATA[]]></system-err>
      </testcase>
      <testcase name="Test Cases/Exit browser" classname="Test Cases/Exit browser" status="PASSED">
         <system-out><![CDATA[2018-05-09 15:28:35 - [TEST_CASE][PASSED] - Test Cases/Exit browser: Test Cases/Exit browser

2018-05-09 15:28:35 - [TEST_STEP][PASSED] - closeBrowser: Browser is closed

2018-05-09 15:28:36 - [MESSAGE][PASSED] - Browser is closed]]></system-out>
         <system-err><![CDATA[]]></system-err>
      </testcase>
      <system-out><![CDATA[2018-05-09 15:27:55 - [TEST_SUITE][PASSED] - Test logout: Test Cases/Exit browser]]></system-out>
      <system-err><![CDATA[]]></system-err>
   </testsuite>
</testsuites>
