<?xml version="1.0" encoding="UTF-8"?>
<testsuites name="Selecting products updates the number in carts" time="42" tests="4" failures="0" errors="0">
   <testsuite name="Selecting products updates the number in carts" tests="4" failures="0" errors="0" time="42" timestamp="2018-05-10 21:37:59" hostname="Donut - DESKTOP-IGTTMO3" id="Test Suites/Selecting products updates the number in carts">
      <properties>
         <property name="deviceName" value=""/>
         <property name="devicePlatform" value=""/>
         <property name="logFolder" value="C:\\Users\\Donut\\git\\234-project-katalon-test\\Reports\\Selecting products updates the number in carts\\20180510_213757"/>
         <property name="logFiles" value="C:\\Users\\Donut\\git\\234-project-katalon-test\\Reports\\Selecting products updates the number in carts\\20180510_213757\\execution0.log"/>
         <property name="attachments" value=""/>
         <property name="hostName" value="Donut - DESKTOP-IGTTMO3"/>
         <property name="os" value="Windows 10 64bit"/>
         <property name="katalonVersion" value="5.3.1.1"/>
         <property name="browser" value="Chrome 66.0.3359.139"/>
         <property name="hostAddress" value="172.20.10.2"/>
         <property name="sessionId" value="7ce5c8b9bd8e4add1bf5cae58ef63fc2"/>
         <property name="seleniumVersion" value="3.7.1"/>
         <property name="proxyInformation" value="ProxyInformation{proxyOption=NO_PROXY, proxyServerType=HTTP, password=, proxyServerAddress=, proxyServerPort=0}"/>
         <property name="platform" value="Windows 10"/>
      </properties>
      <testcase name="Test Cases/Navigate to web" classname="Test Cases/Navigate to web" status="PASSED">
         <system-out><![CDATA[2018-05-10 21:37:59 - [TEST_CASE][PASSED] - Test Cases/Navigate to web: Test Cases/Navigate to web

2018-05-10 21:38:00 - [TEST_STEP][PASSED] - openBrowser: Browser is opened with url: ''

2018-05-10 21:38:04 - [MESSAGE][PASSED] - Browser is opened with url: ''

2018-05-10 21:38:04 - [TEST_STEP][PASSED] - navigateToUrl: Navigate to 'http://54.71.80.147:8086/' successfully

2018-05-10 21:38:12 - [MESSAGE][PASSED] - Navigate to 'http://54.71.80.147:8086/' successfully]]></system-out>
         <system-err><![CDATA[]]></system-err>
      </testcase>
      <testcase name="Test Cases/5-Selecting product updates the lable" classname="Test Cases/5-Selecting product updates the lable" status="PASSED">
         <system-out><![CDATA[2018-05-10 21:38:12 - [TEST_CASE][PASSED] - Test Cases/5-Selecting product updates the lable: Test Cases/5-Selecting product updates the lable

2018-05-10 21:38:12 - [TEST_STEP][PASSED] - delay: Delayed 1 second(s)

2018-05-10 21:38:13 - [MESSAGE][PASSED] - Delayed 1 second(s)

2018-05-10 21:38:13 - [TEST_STEP][PASSED] - setText: Text 'user' is set on object 'Object Repository/Login_Page/input_username'

2018-05-10 21:38:13 - [MESSAGE][PASSED] - Text 'user' is set on object 'Object Repository/Login_Page/input_username'

2018-05-10 21:38:13 - [TEST_STEP][PASSED] - setText: Text 'user' is set on object 'Object Repository/Login_Page/input_password'

2018-05-10 21:38:14 - [MESSAGE][PASSED] - Text 'user' is set on object 'Object Repository/Login_Page/input_password'

2018-05-10 21:38:14 - [TEST_STEP][PASSED] - click: Object: 'Object Repository/Login_Page/button_Login' is clicked on

2018-05-10 21:38:14 - [MESSAGE][PASSED] - Object: 'Object Repository/Login_Page/button_Login' is clicked on

2018-05-10 21:38:14 - [TEST_STEP][PASSED] - waitForElementPresent: Object 'Object Repository/Product page/Header_Products' is present

2018-05-10 21:38:14 - [MESSAGE][WARNING] - Timeout '0' is invalid. Using default page load timeout: '30'

2018-05-10 21:38:15 - [MESSAGE][PASSED] - Object 'Object Repository/Product page/Header_Products' is present

2018-05-10 21:38:15 - [TEST_STEP][PASSED] - delay: Delayed 2 second(s)

2018-05-10 21:38:17 - [MESSAGE][PASSED] - Delayed 2 second(s)

2018-05-10 21:38:17 - [TEST_STEP][PASSED] - Statement - driver = com.kms.katalon.core.webui.driver.DriverFactory.getWebDriver(): null

2018-05-10 21:38:17 - [TEST_STEP][PASSED] - Statement - Products = driver.findElement(org.openqa.selenium.By.xpath("/html/body/app-root/app-product-list/div/div[2]/div")): null

2018-05-10 21:38:17 - [TEST_STEP][PASSED] - Statement - farmerCards = Products.findElements(org.openqa.selenium.By.className("farmer-card")): null

2018-05-10 21:38:17 - [TEST_STEP][PASSED] - Statement - For ([i = 1, i <= farmerCards.size(), (i++)]): Delayed 1 second(s)

2018-05-10 21:38:17 - [TEST_STEP][PASSED] - Statement - buttonAddProduct = new com.kms.katalon.core.testobject.TestObject(): null

2018-05-10 21:38:17 - [TEST_STEP][PASSED] - Statement - buttonAddProduct.addProperty("xpath", EQUALS, "/html/body/app-root/app-product-list/div/div[2]/div/div[" + i + "]/a/div[2]/div[2]/button"): null

2018-05-10 21:38:17 - [TEST_STEP][PASSED] - verifyElementText: Actual text and expected text of test object '' are matched.

2018-05-10 21:38:18 - [MESSAGE][PASSED] - Actual text and expected text of test object '' are matched.

2018-05-10 21:38:18 - [TEST_STEP][PASSED] - click: Object: '' is clicked on

2018-05-10 21:38:18 - [MESSAGE][PASSED] - Object: '' is clicked on

2018-05-10 21:38:18 - [TEST_STEP][PASSED] - verifyElementText: Actual text and expected text of test object '' are matched.

2018-05-10 21:38:18 - [MESSAGE][PASSED] - Actual text and expected text of test object '' are matched.

2018-05-10 21:38:18 - [TEST_STEP][PASSED] - Statement - println(buttonAddProduct): null

2018-05-10 21:38:18 - [TEST_STEP][PASSED] - verifyElementText: Actual text and expected text of test object 'Object Repository/Product page/cart amount label' are matched.

2018-05-10 21:38:18 - [MESSAGE][PASSED] - Actual text and expected text of test object 'Object Repository/Product page/cart amount label' are matched.

2018-05-10 21:38:18 - [TEST_STEP][PASSED] - delay: Delayed 1 second(s)

2018-05-10 21:38:19 - [MESSAGE][PASSED] - Delayed 1 second(s)

2018-05-10 21:38:19 - [TEST_STEP][PASSED] - Statement - buttonAddProduct = new com.kms.katalon.core.testobject.TestObject(): null

2018-05-10 21:38:19 - [TEST_STEP][PASSED] - Statement - buttonAddProduct.addProperty("xpath", EQUALS, "/html/body/app-root/app-product-list/div/div[2]/div/div[" + i + "]/a/div[2]/div[2]/button"): null

2018-05-10 21:38:19 - [TEST_STEP][PASSED] - verifyElementText: Actual text and expected text of test object '' are matched.

2018-05-10 21:38:19 - [MESSAGE][PASSED] - Actual text and expected text of test object '' are matched.

2018-05-10 21:38:19 - [TEST_STEP][PASSED] - click: Object: '' is clicked on

2018-05-10 21:38:19 - [MESSAGE][PASSED] - Object: '' is clicked on

2018-05-10 21:38:19 - [TEST_STEP][PASSED] - verifyElementText: Actual text and expected text of test object '' are matched.

2018-05-10 21:38:19 - [MESSAGE][PASSED] - Actual text and expected text of test object '' are matched.

2018-05-10 21:38:19 - [TEST_STEP][PASSED] - Statement - println(buttonAddProduct): null

2018-05-10 21:38:19 - [TEST_STEP][PASSED] - verifyElementText: Actual text and expected text of test object 'Object Repository/Product page/cart amount label' are matched.

2018-05-10 21:38:19 - [MESSAGE][PASSED] - Actual text and expected text of test object 'Object Repository/Product page/cart amount label' are matched.

2018-05-10 21:38:19 - [TEST_STEP][PASSED] - delay: Delayed 1 second(s)

2018-05-10 21:38:20 - [MESSAGE][PASSED] - Delayed 1 second(s)

2018-05-10 21:38:20 - [TEST_STEP][PASSED] - Statement - buttonAddProduct = new com.kms.katalon.core.testobject.TestObject(): null

2018-05-10 21:38:20 - [TEST_STEP][PASSED] - Statement - buttonAddProduct.addProperty("xpath", EQUALS, "/html/body/app-root/app-product-list/div/div[2]/div/div[" + i + "]/a/div[2]/div[2]/button"): null

2018-05-10 21:38:20 - [TEST_STEP][PASSED] - verifyElementText: Actual text and expected text of test object '' are matched.

2018-05-10 21:38:20 - [MESSAGE][PASSED] - Actual text and expected text of test object '' are matched.

2018-05-10 21:38:20 - [TEST_STEP][PASSED] - click: Object: '' is clicked on

2018-05-10 21:38:20 - [MESSAGE][PASSED] - Object: '' is clicked on

2018-05-10 21:38:20 - [TEST_STEP][PASSED] - verifyElementText: Actual text and expected text of test object '' are matched.

2018-05-10 21:38:21 - [MESSAGE][PASSED] - Actual text and expected text of test object '' are matched.

2018-05-10 21:38:21 - [TEST_STEP][PASSED] - Statement - println(buttonAddProduct): null

2018-05-10 21:38:21 - [TEST_STEP][PASSED] - verifyElementText: Actual text and expected text of test object 'Object Repository/Product page/cart amount label' are matched.

2018-05-10 21:38:21 - [MESSAGE][PASSED] - Actual text and expected text of test object 'Object Repository/Product page/cart amount label' are matched.

2018-05-10 21:38:21 - [TEST_STEP][PASSED] - delay: Delayed 1 second(s)

2018-05-10 21:38:22 - [MESSAGE][PASSED] - Delayed 1 second(s)

2018-05-10 21:38:22 - [TEST_STEP][PASSED] - Statement - buttonAddProduct = new com.kms.katalon.core.testobject.TestObject(): null

2018-05-10 21:38:22 - [TEST_STEP][PASSED] - Statement - buttonAddProduct.addProperty("xpath", EQUALS, "/html/body/app-root/app-product-list/div/div[2]/div/div[" + i + "]/a/div[2]/div[2]/button"): null

2018-05-10 21:38:22 - [TEST_STEP][PASSED] - verifyElementText: Actual text and expected text of test object '' are matched.

2018-05-10 21:38:22 - [MESSAGE][PASSED] - Actual text and expected text of test object '' are matched.

2018-05-10 21:38:22 - [TEST_STEP][PASSED] - click: Object: '' is clicked on

2018-05-10 21:38:22 - [MESSAGE][PASSED] - Object: '' is clicked on

2018-05-10 21:38:22 - [TEST_STEP][PASSED] - verifyElementText: Actual text and expected text of test object '' are matched.

2018-05-10 21:38:22 - [MESSAGE][PASSED] - Actual text and expected text of test object '' are matched.

2018-05-10 21:38:22 - [TEST_STEP][PASSED] - Statement - println(buttonAddProduct): null

2018-05-10 21:38:22 - [TEST_STEP][PASSED] - verifyElementText: Actual text and expected text of test object 'Object Repository/Product page/cart amount label' are matched.

2018-05-10 21:38:22 - [MESSAGE][PASSED] - Actual text and expected text of test object 'Object Repository/Product page/cart amount label' are matched.

2018-05-10 21:38:22 - [TEST_STEP][PASSED] - delay: Delayed 1 second(s)

2018-05-10 21:38:23 - [MESSAGE][PASSED] - Delayed 1 second(s)

2018-05-10 21:38:23 - [TEST_STEP][PASSED] - Statement - buttonAddProduct = new com.kms.katalon.core.testobject.TestObject(): null

2018-05-10 21:38:23 - [TEST_STEP][PASSED] - Statement - buttonAddProduct.addProperty("xpath", EQUALS, "/html/body/app-root/app-product-list/div/div[2]/div/div[" + i + "]/a/div[2]/div[2]/button"): null

2018-05-10 21:38:23 - [TEST_STEP][PASSED] - verifyElementText: Actual text and expected text of test object '' are matched.

2018-05-10 21:38:23 - [MESSAGE][PASSED] - Actual text and expected text of test object '' are matched.

2018-05-10 21:38:23 - [TEST_STEP][PASSED] - click: Object: '' is clicked on

2018-05-10 21:38:23 - [MESSAGE][PASSED] - Object: '' is clicked on

2018-05-10 21:38:23 - [TEST_STEP][PASSED] - verifyElementText: Actual text and expected text of test object '' are matched.

2018-05-10 21:38:23 - [MESSAGE][PASSED] - Actual text and expected text of test object '' are matched.

2018-05-10 21:38:23 - [TEST_STEP][PASSED] - Statement - println(buttonAddProduct): null

2018-05-10 21:38:23 - [TEST_STEP][PASSED] - verifyElementText: Actual text and expected text of test object 'Object Repository/Product page/cart amount label' are matched.

2018-05-10 21:38:23 - [MESSAGE][PASSED] - Actual text and expected text of test object 'Object Repository/Product page/cart amount label' are matched.

2018-05-10 21:38:23 - [TEST_STEP][PASSED] - delay: Delayed 1 second(s)

2018-05-10 21:38:24 - [MESSAGE][PASSED] - Delayed 1 second(s)

2018-05-10 21:38:24 - [TEST_STEP][PASSED] - delay: Delayed 2 second(s)

2018-05-10 21:38:26 - [MESSAGE][PASSED] - Delayed 2 second(s)

2018-05-10 21:38:26 - [TEST_STEP][PASSED] - click: Object: 'Object Repository/Navigation bar/Logout Button' is clicked on

2018-05-10 21:38:26 - [MESSAGE][PASSED] - Object: 'Object Repository/Navigation bar/Logout Button' is clicked on

2018-05-10 21:38:26 - [TEST_STEP][PASSED] - verifyElementPresent: Object 'Object Repository/Login_Page/Login Header' is present

2018-05-10 21:38:26 - [MESSAGE][PASSED] - Object 'Object Repository/Login_Page/Login Header' is present]]></system-out>
         <system-err><![CDATA[]]></system-err>
      </testcase>
      <testcase name="Test Cases/5-Selecting product updates the lable" classname="Test Cases/5-Selecting product updates the lable" status="PASSED">
         <system-out><![CDATA[2018-05-10 21:38:26 - [TEST_CASE][PASSED] - Test Cases/5-Selecting product updates the lable: Test Cases/5-Selecting product updates the lable

2018-05-10 21:38:26 - [TEST_STEP][PASSED] - delay: Delayed 1 second(s)

2018-05-10 21:38:27 - [MESSAGE][PASSED] - Delayed 1 second(s)

2018-05-10 21:38:27 - [TEST_STEP][PASSED] - setText: Text 'hello' is set on object 'Object Repository/Login_Page/input_username'

2018-05-10 21:38:28 - [MESSAGE][PASSED] - Text 'hello' is set on object 'Object Repository/Login_Page/input_username'

2018-05-10 21:38:28 - [TEST_STEP][PASSED] - setText: Text 'hello' is set on object 'Object Repository/Login_Page/input_password'

2018-05-10 21:38:28 - [MESSAGE][PASSED] - Text 'hello' is set on object 'Object Repository/Login_Page/input_password'

2018-05-10 21:38:28 - [TEST_STEP][PASSED] - click: Object: 'Object Repository/Login_Page/button_Login' is clicked on

2018-05-10 21:38:28 - [MESSAGE][PASSED] - Object: 'Object Repository/Login_Page/button_Login' is clicked on

2018-05-10 21:38:28 - [TEST_STEP][PASSED] - waitForElementPresent: Object 'Object Repository/Product page/Header_Products' is present

2018-05-10 21:38:28 - [MESSAGE][WARNING] - Timeout '0' is invalid. Using default page load timeout: '30'

2018-05-10 21:38:29 - [MESSAGE][PASSED] - Object 'Object Repository/Product page/Header_Products' is present

2018-05-10 21:38:29 - [TEST_STEP][PASSED] - delay: Delayed 2 second(s)

2018-05-10 21:38:31 - [MESSAGE][PASSED] - Delayed 2 second(s)

2018-05-10 21:38:31 - [TEST_STEP][PASSED] - Statement - driver = com.kms.katalon.core.webui.driver.DriverFactory.getWebDriver(): null

2018-05-10 21:38:31 - [TEST_STEP][PASSED] - Statement - Products = driver.findElement(org.openqa.selenium.By.xpath("/html/body/app-root/app-product-list/div/div[2]/div")): null

2018-05-10 21:38:31 - [TEST_STEP][PASSED] - Statement - farmerCards = Products.findElements(org.openqa.selenium.By.className("farmer-card")): null

2018-05-10 21:38:31 - [TEST_STEP][PASSED] - Statement - For ([i = 1, i <= farmerCards.size(), (i++)]): Delayed 1 second(s)

2018-05-10 21:38:31 - [TEST_STEP][PASSED] - Statement - buttonAddProduct = new com.kms.katalon.core.testobject.TestObject(): null

2018-05-10 21:38:31 - [TEST_STEP][PASSED] - Statement - buttonAddProduct.addProperty("xpath", EQUALS, "/html/body/app-root/app-product-list/div/div[2]/div/div[" + i + "]/a/div[2]/div[2]/button"): null

2018-05-10 21:38:31 - [TEST_STEP][PASSED] - verifyElementText: Actual text and expected text of test object '' are matched.

2018-05-10 21:38:31 - [MESSAGE][PASSED] - Actual text and expected text of test object '' are matched.

2018-05-10 21:38:31 - [TEST_STEP][PASSED] - click: Object: '' is clicked on

2018-05-10 21:38:31 - [MESSAGE][PASSED] - Object: '' is clicked on

2018-05-10 21:38:31 - [TEST_STEP][PASSED] - verifyElementText: Actual text and expected text of test object '' are matched.

2018-05-10 21:38:31 - [MESSAGE][PASSED] - Actual text and expected text of test object '' are matched.

2018-05-10 21:38:31 - [TEST_STEP][PASSED] - Statement - println(buttonAddProduct): null

2018-05-10 21:38:31 - [TEST_STEP][PASSED] - verifyElementText: Actual text and expected text of test object 'Object Repository/Product page/cart amount label' are matched.

2018-05-10 21:38:32 - [MESSAGE][PASSED] - Actual text and expected text of test object 'Object Repository/Product page/cart amount label' are matched.

2018-05-10 21:38:32 - [TEST_STEP][PASSED] - delay: Delayed 1 second(s)

2018-05-10 21:38:33 - [MESSAGE][PASSED] - Delayed 1 second(s)

2018-05-10 21:38:33 - [TEST_STEP][PASSED] - Statement - buttonAddProduct = new com.kms.katalon.core.testobject.TestObject(): null

2018-05-10 21:38:33 - [TEST_STEP][PASSED] - Statement - buttonAddProduct.addProperty("xpath", EQUALS, "/html/body/app-root/app-product-list/div/div[2]/div/div[" + i + "]/a/div[2]/div[2]/button"): null

2018-05-10 21:38:33 - [TEST_STEP][PASSED] - verifyElementText: Actual text and expected text of test object '' are matched.

2018-05-10 21:38:33 - [MESSAGE][PASSED] - Actual text and expected text of test object '' are matched.

2018-05-10 21:38:33 - [TEST_STEP][PASSED] - click: Object: '' is clicked on

2018-05-10 21:38:33 - [MESSAGE][PASSED] - Object: '' is clicked on

2018-05-10 21:38:33 - [TEST_STEP][PASSED] - verifyElementText: Actual text and expected text of test object '' are matched.

2018-05-10 21:38:33 - [MESSAGE][PASSED] - Actual text and expected text of test object '' are matched.

2018-05-10 21:38:33 - [TEST_STEP][PASSED] - Statement - println(buttonAddProduct): null

2018-05-10 21:38:33 - [TEST_STEP][PASSED] - verifyElementText: Actual text and expected text of test object 'Object Repository/Product page/cart amount label' are matched.

2018-05-10 21:38:33 - [MESSAGE][PASSED] - Actual text and expected text of test object 'Object Repository/Product page/cart amount label' are matched.

2018-05-10 21:38:33 - [TEST_STEP][PASSED] - delay: Delayed 1 second(s)

2018-05-10 21:38:34 - [MESSAGE][PASSED] - Delayed 1 second(s)

2018-05-10 21:38:34 - [TEST_STEP][PASSED] - Statement - buttonAddProduct = new com.kms.katalon.core.testobject.TestObject(): null

2018-05-10 21:38:34 - [TEST_STEP][PASSED] - Statement - buttonAddProduct.addProperty("xpath", EQUALS, "/html/body/app-root/app-product-list/div/div[2]/div/div[" + i + "]/a/div[2]/div[2]/button"): null

2018-05-10 21:38:34 - [TEST_STEP][PASSED] - verifyElementText: Actual text and expected text of test object '' are matched.

2018-05-10 21:38:34 - [MESSAGE][PASSED] - Actual text and expected text of test object '' are matched.

2018-05-10 21:38:34 - [TEST_STEP][PASSED] - click: Object: '' is clicked on

2018-05-10 21:38:34 - [MESSAGE][PASSED] - Object: '' is clicked on

2018-05-10 21:38:34 - [TEST_STEP][PASSED] - verifyElementText: Actual text and expected text of test object '' are matched.

2018-05-10 21:38:34 - [MESSAGE][PASSED] - Actual text and expected text of test object '' are matched.

2018-05-10 21:38:34 - [TEST_STEP][PASSED] - Statement - println(buttonAddProduct): null

2018-05-10 21:38:34 - [TEST_STEP][PASSED] - verifyElementText: Actual text and expected text of test object 'Object Repository/Product page/cart amount label' are matched.

2018-05-10 21:38:34 - [MESSAGE][PASSED] - Actual text and expected text of test object 'Object Repository/Product page/cart amount label' are matched.

2018-05-10 21:38:34 - [TEST_STEP][PASSED] - delay: Delayed 1 second(s)

2018-05-10 21:38:35 - [MESSAGE][PASSED] - Delayed 1 second(s)

2018-05-10 21:38:35 - [TEST_STEP][PASSED] - Statement - buttonAddProduct = new com.kms.katalon.core.testobject.TestObject(): null

2018-05-10 21:38:35 - [TEST_STEP][PASSED] - Statement - buttonAddProduct.addProperty("xpath", EQUALS, "/html/body/app-root/app-product-list/div/div[2]/div/div[" + i + "]/a/div[2]/div[2]/button"): null

2018-05-10 21:38:35 - [TEST_STEP][PASSED] - verifyElementText: Actual text and expected text of test object '' are matched.

2018-05-10 21:38:35 - [MESSAGE][PASSED] - Actual text and expected text of test object '' are matched.

2018-05-10 21:38:35 - [TEST_STEP][PASSED] - click: Object: '' is clicked on

2018-05-10 21:38:35 - [MESSAGE][PASSED] - Object: '' is clicked on

2018-05-10 21:38:35 - [TEST_STEP][PASSED] - verifyElementText: Actual text and expected text of test object '' are matched.

2018-05-10 21:38:35 - [MESSAGE][PASSED] - Actual text and expected text of test object '' are matched.

2018-05-10 21:38:35 - [TEST_STEP][PASSED] - Statement - println(buttonAddProduct): null

2018-05-10 21:38:35 - [TEST_STEP][PASSED] - verifyElementText: Actual text and expected text of test object 'Object Repository/Product page/cart amount label' are matched.

2018-05-10 21:38:35 - [MESSAGE][PASSED] - Actual text and expected text of test object 'Object Repository/Product page/cart amount label' are matched.

2018-05-10 21:38:35 - [TEST_STEP][PASSED] - delay: Delayed 1 second(s)

2018-05-10 21:38:36 - [MESSAGE][PASSED] - Delayed 1 second(s)

2018-05-10 21:38:36 - [TEST_STEP][PASSED] - Statement - buttonAddProduct = new com.kms.katalon.core.testobject.TestObject(): null

2018-05-10 21:38:36 - [TEST_STEP][PASSED] - Statement - buttonAddProduct.addProperty("xpath", EQUALS, "/html/body/app-root/app-product-list/div/div[2]/div/div[" + i + "]/a/div[2]/div[2]/button"): null

2018-05-10 21:38:36 - [TEST_STEP][PASSED] - verifyElementText: Actual text and expected text of test object '' are matched.

2018-05-10 21:38:36 - [MESSAGE][PASSED] - Actual text and expected text of test object '' are matched.

2018-05-10 21:38:36 - [TEST_STEP][PASSED] - click: Object: '' is clicked on

2018-05-10 21:38:37 - [MESSAGE][PASSED] - Object: '' is clicked on

2018-05-10 21:38:37 - [TEST_STEP][PASSED] - verifyElementText: Actual text and expected text of test object '' are matched.

2018-05-10 21:38:37 - [MESSAGE][PASSED] - Actual text and expected text of test object '' are matched.

2018-05-10 21:38:37 - [TEST_STEP][PASSED] - Statement - println(buttonAddProduct): null

2018-05-10 21:38:37 - [TEST_STEP][PASSED] - verifyElementText: Actual text and expected text of test object 'Object Repository/Product page/cart amount label' are matched.

2018-05-10 21:38:37 - [MESSAGE][PASSED] - Actual text and expected text of test object 'Object Repository/Product page/cart amount label' are matched.

2018-05-10 21:38:37 - [TEST_STEP][PASSED] - delay: Delayed 1 second(s)

2018-05-10 21:38:38 - [MESSAGE][PASSED] - Delayed 1 second(s)

2018-05-10 21:38:38 - [TEST_STEP][PASSED] - delay: Delayed 2 second(s)

2018-05-10 21:38:40 - [MESSAGE][PASSED] - Delayed 2 second(s)

2018-05-10 21:38:40 - [TEST_STEP][PASSED] - click: Object: 'Object Repository/Navigation bar/Logout Button' is clicked on

2018-05-10 21:38:40 - [MESSAGE][PASSED] - Object: 'Object Repository/Navigation bar/Logout Button' is clicked on

2018-05-10 21:38:40 - [TEST_STEP][PASSED] - verifyElementPresent: Object 'Object Repository/Login_Page/Login Header' is present

2018-05-10 21:38:40 - [MESSAGE][PASSED] - Object 'Object Repository/Login_Page/Login Header' is present]]></system-out>
         <system-err><![CDATA[]]></system-err>
      </testcase>
      <testcase name="Test Cases/Exit browser" classname="Test Cases/Exit browser" status="PASSED">
         <system-out><![CDATA[2018-05-10 21:38:40 - [TEST_CASE][PASSED] - Test Cases/Exit browser: Test Cases/Exit browser

2018-05-10 21:38:40 - [TEST_STEP][PASSED] - closeBrowser: Browser is closed

2018-05-10 21:38:41 - [MESSAGE][PASSED] - Browser is closed]]></system-out>
         <system-err><![CDATA[]]></system-err>
      </testcase>
      <system-out><![CDATA[2018-05-10 21:37:59 - [TEST_SUITE][PASSED] - Selecting products updates the number in carts: Test Cases/Exit browser]]></system-out>
      <system-err><![CDATA[]]></system-err>
   </testsuite>
</testsuites>
