<?xml version="1.0" encoding="UTF-8"?>
<testsuites name="Test selecting and updating amount in cart page change total price" time="0" tests="1" failures="0" errors="0">
   <testsuite name="Test selecting and updating amount in cart page change total price" tests="1" failures="0" errors="0" time="0" timestamp="2018-05-09 12:16:10" hostname="Donut - DESKTOP-IGTTMO3" id="Test Suites/Test selecting and updating amount in cart page change total price">
      <properties>
         <property name="deviceName" value=""/>
         <property name="devicePlatform" value=""/>
         <property name="logFolder" value="C:\\Users\\Donut\\git\\234-project-katalon-test\\Reports\\Test selecting and updating amount in cart page change total price\\20180509_121607"/>
         <property name="logFiles" value="C:\\Users\\Donut\\git\\234-project-katalon-test\\Reports\\Test selecting and updating amount in cart page change total price\\20180509_121607\\execution0.log"/>
         <property name="attachments" value=""/>
         <property name="hostName" value="Donut - DESKTOP-IGTTMO3"/>
         <property name="hostAddress" value="172.20.10.2"/>
         <property name="os" value="Windows 10 64bit"/>
         <property name="katalonVersion" value="5.3.1.1"/>
      </properties>
      <testcase name="Test Cases/Change amount in cart" classname="Test Cases/Change amount in cart" status="PASSED">
         <system-out><![CDATA[2018-05-09 12:16:10 - [TEST_CASE][PASSED] - Test Cases/Change amount in cart: null]]></system-out>
         <system-err><![CDATA[]]></system-err>
      </testcase>
      <system-out><![CDATA[2018-05-09 12:16:10 - [TEST_SUITE][INCOMPLETE] - Test selecting and updating amount in cart page change total price: null]]></system-out>
      <system-err><![CDATA[2018-05-09 12:16:10 - [TEST_SUITE][INCOMPLETE] - Test selecting and updating amount in cart page change total price: null]]></system-err>
   </testsuite>
</testsuites>
