<?xml version="1.0" encoding="UTF-8"?>
<testsuites name="Test transaction update" time="209" tests="5" failures="0" errors="0">
   <testsuite name="Test transaction update" tests="5" failures="0" errors="0" time="209" timestamp="2018-05-09 20:50:46" hostname="Donut - 10.80.178.12" id="Test Suites/Test transaction update">
      <properties>
         <property name="deviceName" value=""/>
         <property name="devicePlatform" value=""/>
         <property name="logFolder" value="C:\\Users\\Donut\\git\\234-project-katalon-test\\Reports\\Test transaction update\\20180509_205044"/>
         <property name="logFiles" value="C:\\Users\\Donut\\git\\234-project-katalon-test\\Reports\\Test transaction update\\20180509_205044\\execution0.log"/>
         <property name="attachments" value=""/>
         <property name="hostName" value="Donut - 10.80.178.12"/>
         <property name="os" value="Windows 10 64bit"/>
         <property name="katalonVersion" value="5.3.1.1"/>
         <property name="browser" value="Chrome 66.0.3359.139"/>
         <property name="hostAddress" value="10.80.178.12"/>
         <property name="sessionId" value="5530ba3428e42d78dda8747e44e75d92"/>
         <property name="seleniumVersion" value="3.7.1"/>
         <property name="proxyInformation" value="ProxyInformation{proxyOption=NO_PROXY, proxyServerType=HTTP, password=, proxyServerAddress=, proxyServerPort=0}"/>
         <property name="platform" value="Windows 10"/>
      </properties>
      <testcase name="Test Cases/Test transaction update" classname="Test Cases/Test transaction update" status="PASSED">
         <system-out><![CDATA[2018-05-09 20:50:46 - [TEST_CASE][PASSED] - Test Cases/Test transaction update: Test Cases/Test transaction update

2018-05-09 20:50:47 - [TEST_STEP][PASSED] - openBrowser: Browser is opened with url: ''

2018-05-09 20:50:50 - [MESSAGE][PASSED] - Browser is opened with url: ''

2018-05-09 20:50:50 - [TEST_STEP][PASSED] - navigateToUrl: Navigate to 'http://54.71.80.147:8086/' successfully

2018-05-09 20:51:06 - [MESSAGE][PASSED] - Navigate to 'http://54.71.80.147:8086/' successfully

2018-05-09 20:51:06 - [TEST_STEP][PASSED] - setText: Text 'admin' is set on object 'Object Repository/Login_Page/input_username'

2018-05-09 20:51:07 - [MESSAGE][PASSED] - Text 'admin' is set on object 'Object Repository/Login_Page/input_username'

2018-05-09 20:51:07 - [TEST_STEP][PASSED] - setText: Text 'admin' is set on object 'Object Repository/Login_Page/input_password'

2018-05-09 20:51:07 - [MESSAGE][PASSED] - Text 'admin' is set on object 'Object Repository/Login_Page/input_password'

2018-05-09 20:51:07 - [TEST_STEP][PASSED] - click: Object: 'Object Repository/Login_Page/button_Login' is clicked on

2018-05-09 20:51:07 - [MESSAGE][PASSED] - Object: 'Object Repository/Login_Page/button_Login' is clicked on

2018-05-09 20:51:07 - [TEST_STEP][PASSED] - waitForElementNotPresent: Web element with id: 'Object Repository/Main_Page/Logout Button' located by 'By.xpath: //button[@type = 'button' and (text() = 'Logout' or . = 'Logout')]' is not present after '15' second(s)

2018-05-09 20:51:07 - [MESSAGE][PASSED] - Web element with id: 'Object Repository/Main_Page/Logout Button' located by 'By.xpath: //button[@type = 'button' and (text() = 'Logout' or . = 'Logout')]' is not present after '15' second(s)

2018-05-09 20:51:07 - [TEST_STEP][PASSED] - click: Object: 'Object Repository/Main_Page/a_Total Transaction' is clicked on

2018-05-09 20:51:08 - [MESSAGE][PASSED] - Object: 'Object Repository/Main_Page/a_Total Transaction' is clicked on

2018-05-09 20:51:08 - [TEST_STEP][PASSED] - delay: Delayed 2 second(s)

2018-05-09 20:51:10 - [MESSAGE][PASSED] - Delayed 2 second(s)

2018-05-09 20:51:10 - [TEST_STEP][PASSED] - Statement - driver = com.kms.katalon.core.webui.driver.DriverFactory.getWebDriver(): null

2018-05-09 20:51:10 - [TEST_STEP][PASSED] - Statement - TransactionsTable = driver.findElement(org.openqa.selenium.By.xpath("//*[@id="add-row"]/div/table")): null

2018-05-09 20:51:11 - [TEST_STEP][PASSED] - Statement - transactions = TransactionsTable.findElements(org.openqa.selenium.By.tagName("tr")): null

2018-05-09 20:51:11 - [TEST_STEP][PASSED] - Statement - println(transactions.size()): null

2018-05-09 20:51:11 - [TEST_STEP][PASSED] - Statement - transactionSizeBefore = transactions.size(): null

2018-05-09 20:51:11 - [TEST_STEP][PASSED] - Statement - totalPrice1 = new com.kms.katalon.core.testobject.TestObject(): null

2018-05-09 20:51:11 - [TEST_STEP][PASSED] - Statement - totalPrice1.addProperty("xpath", EQUALS, "//*[@id="add-row"]/div/div[2]/div/p"): null

2018-05-09 20:51:11 - [TEST_STEP][PASSED] - Statement - firstprice = java.lang.Integer.parseInt(com.kms.katalon.core.webui.keyword.WebUiBuiltInKeywords.getText(totalPrice1).replace(" THB", "").replace(",", "").replace("Total price: ", "")): Text of object '' is: 'Total price: 685,820 THB'

2018-05-09 20:51:11 - [MESSAGE][PASSED] - Text of object '' is: 'Total price: 685,820 THB'

2018-05-09 20:51:11 - [TEST_STEP][PASSED] - Statement - println(firstprice): null

2018-05-09 20:51:11 - [TEST_STEP][PASSED] - delay: Delayed 1 second(s)

2018-05-09 20:51:12 - [MESSAGE][PASSED] - Delayed 1 second(s)

2018-05-09 20:51:12 - [TEST_STEP][PASSED] - click: Object: 'Object Repository/Main_Page/Logout Button' is clicked on

2018-05-09 20:51:12 - [MESSAGE][PASSED] - Object: 'Object Repository/Main_Page/Logout Button' is clicked on

2018-05-09 20:51:12 - [TEST_STEP][PASSED] - verifyElementPresent: Object 'Object Repository/Login_Page/Login Header' is present

2018-05-09 20:51:12 - [MESSAGE][PASSED] - Object 'Object Repository/Login_Page/Login Header' is present

2018-05-09 20:51:12 - [TEST_STEP][PASSED] - setText: Text 'user' is set on object 'Object Repository/Login_Page/input_username'

2018-05-09 20:51:12 - [MESSAGE][PASSED] - Text 'user' is set on object 'Object Repository/Login_Page/input_username'

2018-05-09 20:51:12 - [TEST_STEP][PASSED] - setText: Text 'user' is set on object 'Object Repository/Login_Page/input_password'

2018-05-09 20:51:12 - [MESSAGE][PASSED] - Text 'user' is set on object 'Object Repository/Login_Page/input_password'

2018-05-09 20:51:12 - [TEST_STEP][PASSED] - click: Object: 'Object Repository/Login_Page/button_Login' is clicked on

2018-05-09 20:51:12 - [MESSAGE][PASSED] - Object: 'Object Repository/Login_Page/button_Login' is clicked on

2018-05-09 20:51:12 - [TEST_STEP][PASSED] - waitForElementPresent: Object 'Object Repository/Main_Page/h2_Products' is present

2018-05-09 20:51:13 - [MESSAGE][PASSED] - Object 'Object Repository/Main_Page/h2_Products' is present

2018-05-09 20:51:13 - [TEST_STEP][PASSED] - delay: Delayed 2 second(s)

2018-05-09 20:51:15 - [MESSAGE][PASSED] - Delayed 2 second(s)

2018-05-09 20:51:15 - [TEST_STEP][PASSED] - Statement - Products = driver.findElement(org.openqa.selenium.By.xpath("/html/body/app-root/app-product-list/div/div[2]/div")): null

2018-05-09 20:51:15 - [TEST_STEP][PASSED] - Statement - farmerCards = Products.findElements(org.openqa.selenium.By.className("farmer-card")): null

2018-05-09 20:51:15 - [TEST_STEP][PASSED] - Statement - For ([i = 1, i <= farmerCards.size(), (i++)]): Delayed 1 second(s)

2018-05-09 20:51:15 - [TEST_STEP][PASSED] - Statement - buttonAddProduct = new com.kms.katalon.core.testobject.TestObject(): null

2018-05-09 20:51:15 - [TEST_STEP][PASSED] - Statement - buttonAddProduct.addProperty("xpath", EQUALS, "/html/body/app-root/app-product-list/div/div[2]/div/div[" + i + "]/a/div[2]/div[2]/button"): null

2018-05-09 20:51:15 - [TEST_STEP][PASSED] - click: Object: '' is clicked on

2018-05-09 20:51:15 - [MESSAGE][PASSED] - Object: '' is clicked on

2018-05-09 20:51:15 - [TEST_STEP][PASSED] - delay: Delayed 1 second(s)

2018-05-09 20:51:16 - [MESSAGE][PASSED] - Delayed 1 second(s)

2018-05-09 20:51:16 - [TEST_STEP][PASSED] - Statement - buttonAddProduct = new com.kms.katalon.core.testobject.TestObject(): null

2018-05-09 20:51:16 - [TEST_STEP][PASSED] - Statement - buttonAddProduct.addProperty("xpath", EQUALS, "/html/body/app-root/app-product-list/div/div[2]/div/div[" + i + "]/a/div[2]/div[2]/button"): null

2018-05-09 20:51:16 - [TEST_STEP][PASSED] - click: Object: '' is clicked on

2018-05-09 20:51:16 - [MESSAGE][PASSED] - Object: '' is clicked on

2018-05-09 20:51:16 - [TEST_STEP][PASSED] - delay: Delayed 1 second(s)

2018-05-09 20:51:17 - [MESSAGE][PASSED] - Delayed 1 second(s)

2018-05-09 20:51:17 - [TEST_STEP][PASSED] - Statement - buttonAddProduct = new com.kms.katalon.core.testobject.TestObject(): null

2018-05-09 20:51:17 - [TEST_STEP][PASSED] - Statement - buttonAddProduct.addProperty("xpath", EQUALS, "/html/body/app-root/app-product-list/div/div[2]/div/div[" + i + "]/a/div[2]/div[2]/button"): null

2018-05-09 20:51:17 - [TEST_STEP][PASSED] - click: Object: '' is clicked on

2018-05-09 20:51:18 - [MESSAGE][PASSED] - Object: '' is clicked on

2018-05-09 20:51:18 - [TEST_STEP][PASSED] - delay: Delayed 1 second(s)

2018-05-09 20:51:19 - [MESSAGE][PASSED] - Delayed 1 second(s)

2018-05-09 20:51:19 - [TEST_STEP][PASSED] - Statement - buttonAddProduct = new com.kms.katalon.core.testobject.TestObject(): null

2018-05-09 20:51:19 - [TEST_STEP][PASSED] - Statement - buttonAddProduct.addProperty("xpath", EQUALS, "/html/body/app-root/app-product-list/div/div[2]/div/div[" + i + "]/a/div[2]/div[2]/button"): null

2018-05-09 20:51:19 - [TEST_STEP][PASSED] - click: Object: '' is clicked on

2018-05-09 20:51:19 - [MESSAGE][PASSED] - Object: '' is clicked on

2018-05-09 20:51:19 - [TEST_STEP][PASSED] - delay: Delayed 1 second(s)

2018-05-09 20:51:20 - [MESSAGE][PASSED] - Delayed 1 second(s)

2018-05-09 20:51:20 - [TEST_STEP][PASSED] - Statement - buttonAddProduct = new com.kms.katalon.core.testobject.TestObject(): null

2018-05-09 20:51:20 - [TEST_STEP][PASSED] - Statement - buttonAddProduct.addProperty("xpath", EQUALS, "/html/body/app-root/app-product-list/div/div[2]/div/div[" + i + "]/a/div[2]/div[2]/button"): null

2018-05-09 20:51:20 - [TEST_STEP][PASSED] - click: Object: '' is clicked on

2018-05-09 20:51:20 - [MESSAGE][PASSED] - Object: '' is clicked on

2018-05-09 20:51:20 - [TEST_STEP][PASSED] - delay: Delayed 1 second(s)

2018-05-09 20:51:21 - [MESSAGE][PASSED] - Delayed 1 second(s)

2018-05-09 20:51:21 - [TEST_STEP][PASSED] - click: Object: 'Object Repository/Main_Page/Link to Carts' is clicked on

2018-05-09 20:51:21 - [MESSAGE][PASSED] - Object: 'Object Repository/Main_Page/Link to Carts' is clicked on

2018-05-09 20:51:21 - [TEST_STEP][PASSED] - delay: Delayed 1 second(s)

2018-05-09 20:51:22 - [MESSAGE][PASSED] - Delayed 1 second(s)

2018-05-09 20:51:22 - [TEST_STEP][PASSED] - setText: Text '1' is set on object 'Object Repository/Cart Page/item1'

2018-05-09 20:51:22 - [MESSAGE][PASSED] - Text '1' is set on object 'Object Repository/Cart Page/item1'

2018-05-09 20:51:22 - [TEST_STEP][PASSED] - setText: Text '3' is set on object 'Object Repository/Cart Page/item2'

2018-05-09 20:51:23 - [MESSAGE][PASSED] - Text '3' is set on object 'Object Repository/Cart Page/item2'

2018-05-09 20:51:23 - [TEST_STEP][PASSED] - setText: Text '4' is set on object 'Object Repository/Cart Page/item3'

2018-05-09 20:51:23 - [MESSAGE][PASSED] - Text '4' is set on object 'Object Repository/Cart Page/item3'

2018-05-09 20:51:23 - [TEST_STEP][PASSED] - setText: Text '5' is set on object 'Object Repository/Cart Page/item4'

2018-05-09 20:51:23 - [MESSAGE][PASSED] - Text '5' is set on object 'Object Repository/Cart Page/item4'

2018-05-09 20:51:23 - [TEST_STEP][PASSED] - setText: Text '1' is set on object 'Object Repository/Cart Page/item5'

2018-05-09 20:51:23 - [MESSAGE][PASSED] - Text '1' is set on object 'Object Repository/Cart Page/item5'

2018-05-09 20:51:23 - [TEST_STEP][PASSED] - Statement - priceOfLatestTeansaction = java.lang.Integer.parseInt(com.kms.katalon.core.webui.keyword.WebUiBuiltInKeywords.getText(com.kms.katalon.core.testobject.ObjectRepository.findTestObject(Cart Page/Total price  label)).replace(" THB", "").replace(",", "").replace("Total price: ", "")): Text of object 'Object Repository/Cart Page/Total price  label' is: 'Total price: 21,650 THB'

2018-05-09 20:51:23 - [MESSAGE][PASSED] - Text of object 'Object Repository/Cart Page/Total price  label' is: 'Total price: 21,650 THB'

2018-05-09 20:51:23 - [TEST_STEP][PASSED] - Statement - println(priceOfLatestTeansaction): null

2018-05-09 20:51:23 - [TEST_STEP][PASSED] - delay: Delayed 2 second(s)

2018-05-09 20:51:25 - [MESSAGE][PASSED] - Delayed 2 second(s)

2018-05-09 20:51:25 - [TEST_STEP][PASSED] - click: Object: 'Object Repository/Cart Page/Confirm purchase button' is clicked on

2018-05-09 20:51:25 - [MESSAGE][PASSED] - Object: 'Object Repository/Cart Page/Confirm purchase button' is clicked on

2018-05-09 20:51:25 - [TEST_STEP][PASSED] - acceptAlert: Alert accepted

2018-05-09 20:51:25 - [MESSAGE][PASSED] - Alert accepted

2018-05-09 20:51:25 - [TEST_STEP][PASSED] - waitForElementPresent: Object 'Object Repository/Main_Page/Logout Button' is present

2018-05-09 20:51:26 - [MESSAGE][PASSED] - Object 'Object Repository/Main_Page/Logout Button' is present

2018-05-09 20:51:26 - [TEST_STEP][PASSED] - click: Object: 'Object Repository/Main_Page/Logout Button' is clicked on

2018-05-09 20:51:26 - [MESSAGE][PASSED] - Object: 'Object Repository/Main_Page/Logout Button' is clicked on

2018-05-09 20:51:26 - [TEST_STEP][PASSED] - waitForElementNotPresent: Web element with id: 'Object Repository/Main_Page/Logout Button' located by 'By.xpath: //button[@type = 'button' and (text() = 'Logout' or . = 'Logout')]' is not present after '15' second(s)

2018-05-09 20:51:26 - [MESSAGE][PASSED] - Web element with id: 'Object Repository/Main_Page/Logout Button' located by 'By.xpath: //button[@type = 'button' and (text() = 'Logout' or . = 'Logout')]' is not present after '15' second(s)

2018-05-09 20:51:26 - [TEST_STEP][PASSED] - delay: Delayed 1 second(s)

2018-05-09 20:51:27 - [MESSAGE][PASSED] - Delayed 1 second(s)

2018-05-09 20:51:27 - [TEST_STEP][PASSED] - setText: Text 'admin' is set on object 'Object Repository/Login_Page/input_username'

2018-05-09 20:51:27 - [MESSAGE][PASSED] - Text 'admin' is set on object 'Object Repository/Login_Page/input_username'

2018-05-09 20:51:27 - [TEST_STEP][PASSED] - setText: Text 'admin' is set on object 'Object Repository/Login_Page/input_password'

2018-05-09 20:51:27 - [MESSAGE][PASSED] - Text 'admin' is set on object 'Object Repository/Login_Page/input_password'

2018-05-09 20:51:27 - [TEST_STEP][PASSED] - click: Object: 'Object Repository/Login_Page/button_Login' is clicked on

2018-05-09 20:51:27 - [MESSAGE][PASSED] - Object: 'Object Repository/Login_Page/button_Login' is clicked on

2018-05-09 20:51:27 - [TEST_STEP][PASSED] - click: Object: 'Object Repository/Main_Page/a_Total Transaction' is clicked on

2018-05-09 20:51:28 - [MESSAGE][PASSED] - Object: 'Object Repository/Main_Page/a_Total Transaction' is clicked on

2018-05-09 20:51:28 - [TEST_STEP][PASSED] - Statement - verifyPrice = java.lang.String.format("%,d", firstprice + priceOfLatestTeansaction): null

2018-05-09 20:51:28 - [TEST_STEP][PASSED] - verifyElementText: Actual text and expected text of test object 'Object Repository/Transaction page/Total Transaction Price' are matched.

2018-05-09 20:51:28 - [MESSAGE][PASSED] - Actual text and expected text of test object 'Object Repository/Transaction page/Total Transaction Price' are matched.

2018-05-09 20:51:28 - [TEST_STEP][PASSED] - Statement - TransactionsTable = driver.findElement(org.openqa.selenium.By.xpath("//*[@id="add-row"]/div/table")): null

2018-05-09 20:51:28 - [TEST_STEP][PASSED] - Statement - transactions = TransactionsTable.findElements(org.openqa.selenium.By.tagName("tr")): null

2018-05-09 20:51:28 - [TEST_STEP][PASSED] - Statement - transactionSizeAfter = transactions.size(): null

2018-05-09 20:51:28 - [TEST_STEP][PASSED] - delay: Delayed 2 second(s)

2018-05-09 20:51:30 - [MESSAGE][PASSED] - Delayed 2 second(s)

2018-05-09 20:51:30 - [TEST_STEP][PASSED] - verifyEqual: Actual object '23' and expected object '23' are equal

2018-05-09 20:51:30 - [MESSAGE][PASSED] - Actual object '23' and expected object '23' are equal

2018-05-09 20:51:30 - [TEST_STEP][PASSED] - delay: Delayed 1 second(s)

2018-05-09 20:51:31 - [MESSAGE][PASSED] - Delayed 1 second(s)]]></system-out>
         <system-err><![CDATA[]]></system-err>
      </testcase>
      <testcase name="Test Cases/Test transaction update" classname="Test Cases/Test transaction update" status="PASSED">
         <system-out><![CDATA[2018-05-09 20:51:31 - [TEST_CASE][PASSED] - Test Cases/Test transaction update: Test Cases/Test transaction update

2018-05-09 20:51:31 - [TEST_STEP][PASSED] - openBrowser: Browser is opened with url: ''

2018-05-09 20:51:31 - [MESSAGE][WARNING] - A browser is already opened. Closing browser and opening a new one

2018-05-09 20:51:34 - [MESSAGE][PASSED] - Browser is opened with url: ''

2018-05-09 20:51:34 - [TEST_STEP][PASSED] - navigateToUrl: Navigate to 'http://54.71.80.147:8086/' successfully

2018-05-09 20:51:49 - [MESSAGE][PASSED] - Navigate to 'http://54.71.80.147:8086/' successfully

2018-05-09 20:51:49 - [TEST_STEP][PASSED] - setText: Text 'admin' is set on object 'Object Repository/Login_Page/input_username'

2018-05-09 20:51:49 - [MESSAGE][PASSED] - Text 'admin' is set on object 'Object Repository/Login_Page/input_username'

2018-05-09 20:51:49 - [TEST_STEP][PASSED] - setText: Text 'admin' is set on object 'Object Repository/Login_Page/input_password'

2018-05-09 20:51:50 - [MESSAGE][PASSED] - Text 'admin' is set on object 'Object Repository/Login_Page/input_password'

2018-05-09 20:51:50 - [TEST_STEP][PASSED] - click: Object: 'Object Repository/Login_Page/button_Login' is clicked on

2018-05-09 20:51:50 - [MESSAGE][PASSED] - Object: 'Object Repository/Login_Page/button_Login' is clicked on

2018-05-09 20:51:50 - [TEST_STEP][PASSED] - waitForElementNotPresent: Web element with id: 'Object Repository/Main_Page/Logout Button' located by 'By.xpath: //button[@type = 'button' and (text() = 'Logout' or . = 'Logout')]' is not present after '15' second(s)

2018-05-09 20:51:50 - [MESSAGE][PASSED] - Web element with id: 'Object Repository/Main_Page/Logout Button' located by 'By.xpath: //button[@type = 'button' and (text() = 'Logout' or . = 'Logout')]' is not present after '15' second(s)

2018-05-09 20:51:50 - [TEST_STEP][PASSED] - click: Object: 'Object Repository/Main_Page/a_Total Transaction' is clicked on

2018-05-09 20:51:51 - [MESSAGE][PASSED] - Object: 'Object Repository/Main_Page/a_Total Transaction' is clicked on

2018-05-09 20:51:51 - [TEST_STEP][PASSED] - delay: Delayed 2 second(s)

2018-05-09 20:51:53 - [MESSAGE][PASSED] - Delayed 2 second(s)

2018-05-09 20:51:53 - [TEST_STEP][PASSED] - Statement - driver = com.kms.katalon.core.webui.driver.DriverFactory.getWebDriver(): null

2018-05-09 20:51:53 - [TEST_STEP][PASSED] - Statement - TransactionsTable = driver.findElement(org.openqa.selenium.By.xpath("//*[@id="add-row"]/div/table")): null

2018-05-09 20:51:53 - [TEST_STEP][PASSED] - Statement - transactions = TransactionsTable.findElements(org.openqa.selenium.By.tagName("tr")): null

2018-05-09 20:51:53 - [TEST_STEP][PASSED] - Statement - println(transactions.size()): null

2018-05-09 20:51:53 - [TEST_STEP][PASSED] - Statement - transactionSizeBefore = transactions.size(): null

2018-05-09 20:51:53 - [TEST_STEP][PASSED] - Statement - totalPrice1 = new com.kms.katalon.core.testobject.TestObject(): null

2018-05-09 20:51:53 - [TEST_STEP][PASSED] - Statement - totalPrice1.addProperty("xpath", EQUALS, "//*[@id="add-row"]/div/div[2]/div/p"): null

2018-05-09 20:51:53 - [TEST_STEP][PASSED] - Statement - firstprice = java.lang.Integer.parseInt(com.kms.katalon.core.webui.keyword.WebUiBuiltInKeywords.getText(totalPrice1).replace(" THB", "").replace(",", "").replace("Total price: ", "")): Text of object '' is: 'Total price: 707,470 THB'

2018-05-09 20:51:53 - [MESSAGE][PASSED] - Text of object '' is: 'Total price: 707,470 THB'

2018-05-09 20:51:53 - [TEST_STEP][PASSED] - Statement - println(firstprice): null

2018-05-09 20:51:53 - [TEST_STEP][PASSED] - delay: Delayed 1 second(s)

2018-05-09 20:51:54 - [MESSAGE][PASSED] - Delayed 1 second(s)

2018-05-09 20:51:54 - [TEST_STEP][PASSED] - click: Object: 'Object Repository/Main_Page/Logout Button' is clicked on

2018-05-09 20:51:54 - [MESSAGE][PASSED] - Object: 'Object Repository/Main_Page/Logout Button' is clicked on

2018-05-09 20:51:54 - [TEST_STEP][PASSED] - verifyElementPresent: Object 'Object Repository/Login_Page/Login Header' is present

2018-05-09 20:51:54 - [MESSAGE][PASSED] - Object 'Object Repository/Login_Page/Login Header' is present

2018-05-09 20:51:54 - [TEST_STEP][PASSED] - setText: Text 'user' is set on object 'Object Repository/Login_Page/input_username'

2018-05-09 20:51:55 - [MESSAGE][PASSED] - Text 'user' is set on object 'Object Repository/Login_Page/input_username'

2018-05-09 20:51:55 - [TEST_STEP][PASSED] - setText: Text 'user' is set on object 'Object Repository/Login_Page/input_password'

2018-05-09 20:51:55 - [MESSAGE][PASSED] - Text 'user' is set on object 'Object Repository/Login_Page/input_password'

2018-05-09 20:51:55 - [TEST_STEP][PASSED] - click: Object: 'Object Repository/Login_Page/button_Login' is clicked on

2018-05-09 20:51:55 - [MESSAGE][PASSED] - Object: 'Object Repository/Login_Page/button_Login' is clicked on

2018-05-09 20:51:55 - [TEST_STEP][PASSED] - waitForElementPresent: Object 'Object Repository/Main_Page/h2_Products' is present

2018-05-09 20:51:56 - [MESSAGE][PASSED] - Object 'Object Repository/Main_Page/h2_Products' is present

2018-05-09 20:51:56 - [TEST_STEP][PASSED] - delay: Delayed 2 second(s)

2018-05-09 20:51:58 - [MESSAGE][PASSED] - Delayed 2 second(s)

2018-05-09 20:51:58 - [TEST_STEP][PASSED] - Statement - Products = driver.findElement(org.openqa.selenium.By.xpath("/html/body/app-root/app-product-list/div/div[2]/div")): null

2018-05-09 20:51:58 - [TEST_STEP][PASSED] - Statement - farmerCards = Products.findElements(org.openqa.selenium.By.className("farmer-card")): null

2018-05-09 20:51:58 - [TEST_STEP][PASSED] - Statement - For ([i = 1, i <= farmerCards.size(), (i++)]): Delayed 1 second(s)

2018-05-09 20:51:58 - [TEST_STEP][PASSED] - Statement - buttonAddProduct = new com.kms.katalon.core.testobject.TestObject(): null

2018-05-09 20:51:58 - [TEST_STEP][PASSED] - Statement - buttonAddProduct.addProperty("xpath", EQUALS, "/html/body/app-root/app-product-list/div/div[2]/div/div[" + i + "]/a/div[2]/div[2]/button"): null

2018-05-09 20:51:58 - [TEST_STEP][PASSED] - click: Object: '' is clicked on

2018-05-09 20:51:58 - [MESSAGE][PASSED] - Object: '' is clicked on

2018-05-09 20:51:58 - [TEST_STEP][PASSED] - delay: Delayed 1 second(s)

2018-05-09 20:51:59 - [MESSAGE][PASSED] - Delayed 1 second(s)

2018-05-09 20:51:59 - [TEST_STEP][PASSED] - Statement - buttonAddProduct = new com.kms.katalon.core.testobject.TestObject(): null

2018-05-09 20:51:59 - [TEST_STEP][PASSED] - Statement - buttonAddProduct.addProperty("xpath", EQUALS, "/html/body/app-root/app-product-list/div/div[2]/div/div[" + i + "]/a/div[2]/div[2]/button"): null

2018-05-09 20:51:59 - [TEST_STEP][PASSED] - click: Object: '' is clicked on

2018-05-09 20:51:59 - [MESSAGE][PASSED] - Object: '' is clicked on

2018-05-09 20:51:59 - [TEST_STEP][PASSED] - delay: Delayed 1 second(s)

2018-05-09 20:52:00 - [MESSAGE][PASSED] - Delayed 1 second(s)

2018-05-09 20:52:00 - [TEST_STEP][PASSED] - Statement - buttonAddProduct = new com.kms.katalon.core.testobject.TestObject(): null

2018-05-09 20:52:00 - [TEST_STEP][PASSED] - Statement - buttonAddProduct.addProperty("xpath", EQUALS, "/html/body/app-root/app-product-list/div/div[2]/div/div[" + i + "]/a/div[2]/div[2]/button"): null

2018-05-09 20:52:00 - [TEST_STEP][PASSED] - click: Object: '' is clicked on

2018-05-09 20:52:00 - [MESSAGE][PASSED] - Object: '' is clicked on

2018-05-09 20:52:00 - [TEST_STEP][PASSED] - delay: Delayed 1 second(s)

2018-05-09 20:52:01 - [MESSAGE][PASSED] - Delayed 1 second(s)

2018-05-09 20:52:01 - [TEST_STEP][PASSED] - Statement - buttonAddProduct = new com.kms.katalon.core.testobject.TestObject(): null

2018-05-09 20:52:01 - [TEST_STEP][PASSED] - Statement - buttonAddProduct.addProperty("xpath", EQUALS, "/html/body/app-root/app-product-list/div/div[2]/div/div[" + i + "]/a/div[2]/div[2]/button"): null

2018-05-09 20:52:01 - [TEST_STEP][PASSED] - click: Object: '' is clicked on

2018-05-09 20:52:01 - [MESSAGE][PASSED] - Object: '' is clicked on

2018-05-09 20:52:01 - [TEST_STEP][PASSED] - delay: Delayed 1 second(s)

2018-05-09 20:52:02 - [MESSAGE][PASSED] - Delayed 1 second(s)

2018-05-09 20:52:02 - [TEST_STEP][PASSED] - Statement - buttonAddProduct = new com.kms.katalon.core.testobject.TestObject(): null

2018-05-09 20:52:02 - [TEST_STEP][PASSED] - Statement - buttonAddProduct.addProperty("xpath", EQUALS, "/html/body/app-root/app-product-list/div/div[2]/div/div[" + i + "]/a/div[2]/div[2]/button"): null

2018-05-09 20:52:02 - [TEST_STEP][PASSED] - click: Object: '' is clicked on

2018-05-09 20:52:02 - [MESSAGE][PASSED] - Object: '' is clicked on

2018-05-09 20:52:02 - [TEST_STEP][PASSED] - delay: Delayed 1 second(s)

2018-05-09 20:52:03 - [MESSAGE][PASSED] - Delayed 1 second(s)

2018-05-09 20:52:03 - [TEST_STEP][PASSED] - click: Object: 'Object Repository/Main_Page/Link to Carts' is clicked on

2018-05-09 20:52:04 - [MESSAGE][PASSED] - Object: 'Object Repository/Main_Page/Link to Carts' is clicked on

2018-05-09 20:52:04 - [TEST_STEP][PASSED] - delay: Delayed 1 second(s)

2018-05-09 20:52:05 - [MESSAGE][PASSED] - Delayed 1 second(s)

2018-05-09 20:52:05 - [TEST_STEP][PASSED] - setText: Text '2' is set on object 'Object Repository/Cart Page/item1'

2018-05-09 20:52:05 - [MESSAGE][PASSED] - Text '2' is set on object 'Object Repository/Cart Page/item1'

2018-05-09 20:52:05 - [TEST_STEP][PASSED] - setText: Text '4' is set on object 'Object Repository/Cart Page/item2'

2018-05-09 20:52:05 - [MESSAGE][PASSED] - Text '4' is set on object 'Object Repository/Cart Page/item2'

2018-05-09 20:52:05 - [TEST_STEP][PASSED] - setText: Text '2' is set on object 'Object Repository/Cart Page/item3'

2018-05-09 20:52:05 - [MESSAGE][PASSED] - Text '2' is set on object 'Object Repository/Cart Page/item3'

2018-05-09 20:52:05 - [TEST_STEP][PASSED] - setText: Text '3' is set on object 'Object Repository/Cart Page/item4'

2018-05-09 20:52:05 - [MESSAGE][PASSED] - Text '3' is set on object 'Object Repository/Cart Page/item4'

2018-05-09 20:52:05 - [TEST_STEP][PASSED] - setText: Text '8' is set on object 'Object Repository/Cart Page/item5'

2018-05-09 20:52:06 - [MESSAGE][PASSED] - Text '8' is set on object 'Object Repository/Cart Page/item5'

2018-05-09 20:52:06 - [TEST_STEP][PASSED] - Statement - priceOfLatestTeansaction = java.lang.Integer.parseInt(com.kms.katalon.core.webui.keyword.WebUiBuiltInKeywords.getText(com.kms.katalon.core.testobject.ObjectRepository.findTestObject(Cart Page/Total price  label)).replace(" THB", "").replace(",", "").replace("Total price: ", "")): Text of object 'Object Repository/Cart Page/Total price  label' is: 'Total price: 41,356 THB'

2018-05-09 20:52:06 - [MESSAGE][PASSED] - Text of object 'Object Repository/Cart Page/Total price  label' is: 'Total price: 41,356 THB'

2018-05-09 20:52:06 - [TEST_STEP][PASSED] - Statement - println(priceOfLatestTeansaction): null

2018-05-09 20:52:06 - [TEST_STEP][PASSED] - delay: Delayed 2 second(s)

2018-05-09 20:52:08 - [MESSAGE][PASSED] - Delayed 2 second(s)

2018-05-09 20:52:08 - [TEST_STEP][PASSED] - click: Object: 'Object Repository/Cart Page/Confirm purchase button' is clicked on

2018-05-09 20:52:08 - [MESSAGE][PASSED] - Object: 'Object Repository/Cart Page/Confirm purchase button' is clicked on

2018-05-09 20:52:08 - [TEST_STEP][PASSED] - acceptAlert: Alert accepted

2018-05-09 20:52:08 - [MESSAGE][PASSED] - Alert accepted

2018-05-09 20:52:08 - [TEST_STEP][PASSED] - waitForElementPresent: Object 'Object Repository/Main_Page/Logout Button' is present

2018-05-09 20:52:08 - [MESSAGE][PASSED] - Object 'Object Repository/Main_Page/Logout Button' is present

2018-05-09 20:52:08 - [TEST_STEP][PASSED] - click: Object: 'Object Repository/Main_Page/Logout Button' is clicked on

2018-05-09 20:52:08 - [MESSAGE][PASSED] - Object: 'Object Repository/Main_Page/Logout Button' is clicked on

2018-05-09 20:52:08 - [TEST_STEP][PASSED] - waitForElementNotPresent: Web element with id: 'Object Repository/Main_Page/Logout Button' located by 'By.xpath: //button[@type = 'button' and (text() = 'Logout' or . = 'Logout')]' is not present after '15' second(s)

2018-05-09 20:52:08 - [MESSAGE][PASSED] - Web element with id: 'Object Repository/Main_Page/Logout Button' located by 'By.xpath: //button[@type = 'button' and (text() = 'Logout' or . = 'Logout')]' is not present after '15' second(s)

2018-05-09 20:52:08 - [TEST_STEP][PASSED] - delay: Delayed 1 second(s)

2018-05-09 20:52:09 - [MESSAGE][PASSED] - Delayed 1 second(s)

2018-05-09 20:52:09 - [TEST_STEP][PASSED] - setText: Text 'admin' is set on object 'Object Repository/Login_Page/input_username'

2018-05-09 20:52:09 - [MESSAGE][PASSED] - Text 'admin' is set on object 'Object Repository/Login_Page/input_username'

2018-05-09 20:52:09 - [TEST_STEP][PASSED] - setText: Text 'admin' is set on object 'Object Repository/Login_Page/input_password'

2018-05-09 20:52:10 - [MESSAGE][PASSED] - Text 'admin' is set on object 'Object Repository/Login_Page/input_password'

2018-05-09 20:52:10 - [TEST_STEP][PASSED] - click: Object: 'Object Repository/Login_Page/button_Login' is clicked on

2018-05-09 20:52:10 - [MESSAGE][PASSED] - Object: 'Object Repository/Login_Page/button_Login' is clicked on

2018-05-09 20:52:10 - [TEST_STEP][PASSED] - click: Object: 'Object Repository/Main_Page/a_Total Transaction' is clicked on

2018-05-09 20:52:10 - [MESSAGE][PASSED] - Object: 'Object Repository/Main_Page/a_Total Transaction' is clicked on

2018-05-09 20:52:10 - [TEST_STEP][PASSED] - Statement - verifyPrice = java.lang.String.format("%,d", firstprice + priceOfLatestTeansaction): null

2018-05-09 20:52:10 - [TEST_STEP][PASSED] - verifyElementText: Actual text and expected text of test object 'Object Repository/Transaction page/Total Transaction Price' are matched.

2018-05-09 20:52:10 - [MESSAGE][PASSED] - Actual text and expected text of test object 'Object Repository/Transaction page/Total Transaction Price' are matched.

2018-05-09 20:52:10 - [TEST_STEP][PASSED] - Statement - TransactionsTable = driver.findElement(org.openqa.selenium.By.xpath("//*[@id="add-row"]/div/table")): null

2018-05-09 20:52:10 - [TEST_STEP][PASSED] - Statement - transactions = TransactionsTable.findElements(org.openqa.selenium.By.tagName("tr")): null

2018-05-09 20:52:10 - [TEST_STEP][PASSED] - Statement - transactionSizeAfter = transactions.size(): null

2018-05-09 20:52:10 - [TEST_STEP][PASSED] - delay: Delayed 2 second(s)

2018-05-09 20:52:12 - [MESSAGE][PASSED] - Delayed 2 second(s)

2018-05-09 20:52:12 - [TEST_STEP][PASSED] - verifyEqual: Actual object '24' and expected object '24' are equal

2018-05-09 20:52:12 - [MESSAGE][PASSED] - Actual object '24' and expected object '24' are equal

2018-05-09 20:52:12 - [TEST_STEP][PASSED] - delay: Delayed 1 second(s)

2018-05-09 20:52:13 - [MESSAGE][PASSED] - Delayed 1 second(s)]]></system-out>
         <system-err><![CDATA[]]></system-err>
      </testcase>
      <testcase name="Test Cases/Test transaction update" classname="Test Cases/Test transaction update" status="PASSED">
         <system-out><![CDATA[2018-05-09 20:52:13 - [TEST_CASE][PASSED] - Test Cases/Test transaction update: Test Cases/Test transaction update

2018-05-09 20:52:13 - [TEST_STEP][PASSED] - openBrowser: Browser is opened with url: ''

2018-05-09 20:52:13 - [MESSAGE][WARNING] - A browser is already opened. Closing browser and opening a new one

2018-05-09 20:52:16 - [MESSAGE][PASSED] - Browser is opened with url: ''

2018-05-09 20:52:16 - [TEST_STEP][PASSED] - navigateToUrl: Navigate to 'http://54.71.80.147:8086/' successfully

2018-05-09 20:52:30 - [MESSAGE][PASSED] - Navigate to 'http://54.71.80.147:8086/' successfully

2018-05-09 20:52:30 - [TEST_STEP][PASSED] - setText: Text 'admin' is set on object 'Object Repository/Login_Page/input_username'

2018-05-09 20:52:30 - [MESSAGE][PASSED] - Text 'admin' is set on object 'Object Repository/Login_Page/input_username'

2018-05-09 20:52:30 - [TEST_STEP][PASSED] - setText: Text 'admin' is set on object 'Object Repository/Login_Page/input_password'

2018-05-09 20:52:31 - [MESSAGE][PASSED] - Text 'admin' is set on object 'Object Repository/Login_Page/input_password'

2018-05-09 20:52:31 - [TEST_STEP][PASSED] - click: Object: 'Object Repository/Login_Page/button_Login' is clicked on

2018-05-09 20:52:31 - [MESSAGE][PASSED] - Object: 'Object Repository/Login_Page/button_Login' is clicked on

2018-05-09 20:52:31 - [TEST_STEP][PASSED] - waitForElementNotPresent: Web element with id: 'Object Repository/Main_Page/Logout Button' located by 'By.xpath: //button[@type = 'button' and (text() = 'Logout' or . = 'Logout')]' is not present after '15' second(s)

2018-05-09 20:52:31 - [MESSAGE][PASSED] - Web element with id: 'Object Repository/Main_Page/Logout Button' located by 'By.xpath: //button[@type = 'button' and (text() = 'Logout' or . = 'Logout')]' is not present after '15' second(s)

2018-05-09 20:52:31 - [TEST_STEP][PASSED] - click: Object: 'Object Repository/Main_Page/a_Total Transaction' is clicked on

2018-05-09 20:52:32 - [MESSAGE][PASSED] - Object: 'Object Repository/Main_Page/a_Total Transaction' is clicked on

2018-05-09 20:52:32 - [TEST_STEP][PASSED] - delay: Delayed 2 second(s)

2018-05-09 20:52:34 - [MESSAGE][PASSED] - Delayed 2 second(s)

2018-05-09 20:52:34 - [TEST_STEP][PASSED] - Statement - driver = com.kms.katalon.core.webui.driver.DriverFactory.getWebDriver(): null

2018-05-09 20:52:34 - [TEST_STEP][PASSED] - Statement - TransactionsTable = driver.findElement(org.openqa.selenium.By.xpath("//*[@id="add-row"]/div/table")): null

2018-05-09 20:52:34 - [TEST_STEP][PASSED] - Statement - transactions = TransactionsTable.findElements(org.openqa.selenium.By.tagName("tr")): null

2018-05-09 20:52:34 - [TEST_STEP][PASSED] - Statement - println(transactions.size()): null

2018-05-09 20:52:34 - [TEST_STEP][PASSED] - Statement - transactionSizeBefore = transactions.size(): null

2018-05-09 20:52:34 - [TEST_STEP][PASSED] - Statement - totalPrice1 = new com.kms.katalon.core.testobject.TestObject(): null

2018-05-09 20:52:34 - [TEST_STEP][PASSED] - Statement - totalPrice1.addProperty("xpath", EQUALS, "//*[@id="add-row"]/div/div[2]/div/p"): null

2018-05-09 20:52:34 - [TEST_STEP][PASSED] - Statement - firstprice = java.lang.Integer.parseInt(com.kms.katalon.core.webui.keyword.WebUiBuiltInKeywords.getText(totalPrice1).replace(" THB", "").replace(",", "").replace("Total price: ", "")): Text of object '' is: 'Total price: 748,826 THB'

2018-05-09 20:52:34 - [MESSAGE][PASSED] - Text of object '' is: 'Total price: 748,826 THB'

2018-05-09 20:52:34 - [TEST_STEP][PASSED] - Statement - println(firstprice): null

2018-05-09 20:52:34 - [TEST_STEP][PASSED] - delay: Delayed 1 second(s)

2018-05-09 20:52:35 - [MESSAGE][PASSED] - Delayed 1 second(s)

2018-05-09 20:52:35 - [TEST_STEP][PASSED] - click: Object: 'Object Repository/Main_Page/Logout Button' is clicked on

2018-05-09 20:52:36 - [MESSAGE][PASSED] - Object: 'Object Repository/Main_Page/Logout Button' is clicked on

2018-05-09 20:52:36 - [TEST_STEP][PASSED] - verifyElementPresent: Object 'Object Repository/Login_Page/Login Header' is present

2018-05-09 20:52:36 - [MESSAGE][PASSED] - Object 'Object Repository/Login_Page/Login Header' is present

2018-05-09 20:52:36 - [TEST_STEP][PASSED] - setText: Text 'hello' is set on object 'Object Repository/Login_Page/input_username'

2018-05-09 20:52:36 - [MESSAGE][PASSED] - Text 'hello' is set on object 'Object Repository/Login_Page/input_username'

2018-05-09 20:52:36 - [TEST_STEP][PASSED] - setText: Text 'hello' is set on object 'Object Repository/Login_Page/input_password'

2018-05-09 20:52:36 - [MESSAGE][PASSED] - Text 'hello' is set on object 'Object Repository/Login_Page/input_password'

2018-05-09 20:52:36 - [TEST_STEP][PASSED] - click: Object: 'Object Repository/Login_Page/button_Login' is clicked on

2018-05-09 20:52:36 - [MESSAGE][PASSED] - Object: 'Object Repository/Login_Page/button_Login' is clicked on

2018-05-09 20:52:36 - [TEST_STEP][PASSED] - waitForElementPresent: Object 'Object Repository/Main_Page/h2_Products' is present

2018-05-09 20:52:37 - [MESSAGE][PASSED] - Object 'Object Repository/Main_Page/h2_Products' is present

2018-05-09 20:52:37 - [TEST_STEP][PASSED] - delay: Delayed 2 second(s)

2018-05-09 20:52:39 - [MESSAGE][PASSED] - Delayed 2 second(s)

2018-05-09 20:52:39 - [TEST_STEP][PASSED] - Statement - Products = driver.findElement(org.openqa.selenium.By.xpath("/html/body/app-root/app-product-list/div/div[2]/div")): null

2018-05-09 20:52:39 - [TEST_STEP][PASSED] - Statement - farmerCards = Products.findElements(org.openqa.selenium.By.className("farmer-card")): null

2018-05-09 20:52:39 - [TEST_STEP][PASSED] - Statement - For ([i = 1, i <= farmerCards.size(), (i++)]): Delayed 1 second(s)

2018-05-09 20:52:39 - [TEST_STEP][PASSED] - Statement - buttonAddProduct = new com.kms.katalon.core.testobject.TestObject(): null

2018-05-09 20:52:39 - [TEST_STEP][PASSED] - Statement - buttonAddProduct.addProperty("xpath", EQUALS, "/html/body/app-root/app-product-list/div/div[2]/div/div[" + i + "]/a/div[2]/div[2]/button"): null

2018-05-09 20:52:39 - [TEST_STEP][PASSED] - click: Object: '' is clicked on

2018-05-09 20:52:39 - [MESSAGE][PASSED] - Object: '' is clicked on

2018-05-09 20:52:39 - [TEST_STEP][PASSED] - delay: Delayed 1 second(s)

2018-05-09 20:52:40 - [MESSAGE][PASSED] - Delayed 1 second(s)

2018-05-09 20:52:40 - [TEST_STEP][PASSED] - Statement - buttonAddProduct = new com.kms.katalon.core.testobject.TestObject(): null

2018-05-09 20:52:40 - [TEST_STEP][PASSED] - Statement - buttonAddProduct.addProperty("xpath", EQUALS, "/html/body/app-root/app-product-list/div/div[2]/div/div[" + i + "]/a/div[2]/div[2]/button"): null

2018-05-09 20:52:40 - [TEST_STEP][PASSED] - click: Object: '' is clicked on

2018-05-09 20:52:40 - [MESSAGE][PASSED] - Object: '' is clicked on

2018-05-09 20:52:40 - [TEST_STEP][PASSED] - delay: Delayed 1 second(s)

2018-05-09 20:52:41 - [MESSAGE][PASSED] - Delayed 1 second(s)

2018-05-09 20:52:41 - [TEST_STEP][PASSED] - Statement - buttonAddProduct = new com.kms.katalon.core.testobject.TestObject(): null

2018-05-09 20:52:41 - [TEST_STEP][PASSED] - Statement - buttonAddProduct.addProperty("xpath", EQUALS, "/html/body/app-root/app-product-list/div/div[2]/div/div[" + i + "]/a/div[2]/div[2]/button"): null

2018-05-09 20:52:41 - [TEST_STEP][PASSED] - click: Object: '' is clicked on

2018-05-09 20:52:41 - [MESSAGE][PASSED] - Object: '' is clicked on

2018-05-09 20:52:41 - [TEST_STEP][PASSED] - delay: Delayed 1 second(s)

2018-05-09 20:52:42 - [MESSAGE][PASSED] - Delayed 1 second(s)

2018-05-09 20:52:42 - [TEST_STEP][PASSED] - Statement - buttonAddProduct = new com.kms.katalon.core.testobject.TestObject(): null

2018-05-09 20:52:42 - [TEST_STEP][PASSED] - Statement - buttonAddProduct.addProperty("xpath", EQUALS, "/html/body/app-root/app-product-list/div/div[2]/div/div[" + i + "]/a/div[2]/div[2]/button"): null

2018-05-09 20:52:42 - [TEST_STEP][PASSED] - click: Object: '' is clicked on

2018-05-09 20:52:42 - [MESSAGE][PASSED] - Object: '' is clicked on

2018-05-09 20:52:42 - [TEST_STEP][PASSED] - delay: Delayed 1 second(s)

2018-05-09 20:52:43 - [MESSAGE][PASSED] - Delayed 1 second(s)

2018-05-09 20:52:43 - [TEST_STEP][PASSED] - Statement - buttonAddProduct = new com.kms.katalon.core.testobject.TestObject(): null

2018-05-09 20:52:43 - [TEST_STEP][PASSED] - Statement - buttonAddProduct.addProperty("xpath", EQUALS, "/html/body/app-root/app-product-list/div/div[2]/div/div[" + i + "]/a/div[2]/div[2]/button"): null

2018-05-09 20:52:43 - [TEST_STEP][PASSED] - click: Object: '' is clicked on

2018-05-09 20:52:44 - [MESSAGE][PASSED] - Object: '' is clicked on

2018-05-09 20:52:44 - [TEST_STEP][PASSED] - delay: Delayed 1 second(s)

2018-05-09 20:52:45 - [MESSAGE][PASSED] - Delayed 1 second(s)

2018-05-09 20:52:45 - [TEST_STEP][PASSED] - click: Object: 'Object Repository/Main_Page/Link to Carts' is clicked on

2018-05-09 20:52:45 - [MESSAGE][PASSED] - Object: 'Object Repository/Main_Page/Link to Carts' is clicked on

2018-05-09 20:52:45 - [TEST_STEP][PASSED] - delay: Delayed 1 second(s)

2018-05-09 20:52:46 - [MESSAGE][PASSED] - Delayed 1 second(s)

2018-05-09 20:52:46 - [TEST_STEP][PASSED] - setText: Text '1' is set on object 'Object Repository/Cart Page/item1'

2018-05-09 20:52:46 - [MESSAGE][PASSED] - Text '1' is set on object 'Object Repository/Cart Page/item1'

2018-05-09 20:52:46 - [TEST_STEP][PASSED] - setText: Text '5' is set on object 'Object Repository/Cart Page/item2'

2018-05-09 20:52:46 - [MESSAGE][PASSED] - Text '5' is set on object 'Object Repository/Cart Page/item2'

2018-05-09 20:52:46 - [TEST_STEP][PASSED] - setText: Text '4' is set on object 'Object Repository/Cart Page/item3'

2018-05-09 20:52:46 - [MESSAGE][PASSED] - Text '4' is set on object 'Object Repository/Cart Page/item3'

2018-05-09 20:52:46 - [TEST_STEP][PASSED] - setText: Text '9' is set on object 'Object Repository/Cart Page/item4'

2018-05-09 20:52:46 - [MESSAGE][PASSED] - Text '9' is set on object 'Object Repository/Cart Page/item4'

2018-05-09 20:52:46 - [TEST_STEP][PASSED] - setText: Text '6' is set on object 'Object Repository/Cart Page/item5'

2018-05-09 20:52:47 - [MESSAGE][PASSED] - Text '6' is set on object 'Object Repository/Cart Page/item5'

2018-05-09 20:52:47 - [TEST_STEP][PASSED] - Statement - priceOfLatestTeansaction = java.lang.Integer.parseInt(com.kms.katalon.core.webui.keyword.WebUiBuiltInKeywords.getText(com.kms.katalon.core.testobject.ObjectRepository.findTestObject(Cart Page/Total price  label)).replace(" THB", "").replace(",", "").replace("Total price: ", "")): Text of object 'Object Repository/Cart Page/Total price  label' is: 'Total price: 22,098 THB'

2018-05-09 20:52:47 - [MESSAGE][PASSED] - Text of object 'Object Repository/Cart Page/Total price  label' is: 'Total price: 22,098 THB'

2018-05-09 20:52:47 - [TEST_STEP][PASSED] - Statement - println(priceOfLatestTeansaction): null

2018-05-09 20:52:47 - [TEST_STEP][PASSED] - delay: Delayed 2 second(s)

2018-05-09 20:52:49 - [MESSAGE][PASSED] - Delayed 2 second(s)

2018-05-09 20:52:49 - [TEST_STEP][PASSED] - click: Object: 'Object Repository/Cart Page/Confirm purchase button' is clicked on

2018-05-09 20:52:49 - [MESSAGE][PASSED] - Object: 'Object Repository/Cart Page/Confirm purchase button' is clicked on

2018-05-09 20:52:49 - [TEST_STEP][PASSED] - acceptAlert: Alert accepted

2018-05-09 20:52:49 - [MESSAGE][PASSED] - Alert accepted

2018-05-09 20:52:49 - [TEST_STEP][PASSED] - waitForElementPresent: Object 'Object Repository/Main_Page/Logout Button' is present

2018-05-09 20:52:49 - [MESSAGE][PASSED] - Object 'Object Repository/Main_Page/Logout Button' is present

2018-05-09 20:52:49 - [TEST_STEP][PASSED] - click: Object: 'Object Repository/Main_Page/Logout Button' is clicked on

2018-05-09 20:52:49 - [MESSAGE][PASSED] - Object: 'Object Repository/Main_Page/Logout Button' is clicked on

2018-05-09 20:52:49 - [TEST_STEP][PASSED] - waitForElementNotPresent: Web element with id: 'Object Repository/Main_Page/Logout Button' located by 'By.xpath: //button[@type = 'button' and (text() = 'Logout' or . = 'Logout')]' is not present after '15' second(s)

2018-05-09 20:52:49 - [MESSAGE][PASSED] - Web element with id: 'Object Repository/Main_Page/Logout Button' located by 'By.xpath: //button[@type = 'button' and (text() = 'Logout' or . = 'Logout')]' is not present after '15' second(s)

2018-05-09 20:52:49 - [TEST_STEP][PASSED] - delay: Delayed 1 second(s)

2018-05-09 20:52:50 - [MESSAGE][PASSED] - Delayed 1 second(s)

2018-05-09 20:52:50 - [TEST_STEP][PASSED] - setText: Text 'admin' is set on object 'Object Repository/Login_Page/input_username'

2018-05-09 20:52:50 - [MESSAGE][PASSED] - Text 'admin' is set on object 'Object Repository/Login_Page/input_username'

2018-05-09 20:52:50 - [TEST_STEP][PASSED] - setText: Text 'admin' is set on object 'Object Repository/Login_Page/input_password'

2018-05-09 20:52:51 - [MESSAGE][PASSED] - Text 'admin' is set on object 'Object Repository/Login_Page/input_password'

2018-05-09 20:52:51 - [TEST_STEP][PASSED] - click: Object: 'Object Repository/Login_Page/button_Login' is clicked on

2018-05-09 20:52:51 - [MESSAGE][PASSED] - Object: 'Object Repository/Login_Page/button_Login' is clicked on

2018-05-09 20:52:51 - [TEST_STEP][PASSED] - click: Object: 'Object Repository/Main_Page/a_Total Transaction' is clicked on

2018-05-09 20:52:51 - [MESSAGE][PASSED] - Object: 'Object Repository/Main_Page/a_Total Transaction' is clicked on

2018-05-09 20:52:51 - [TEST_STEP][PASSED] - Statement - verifyPrice = java.lang.String.format("%,d", firstprice + priceOfLatestTeansaction): null

2018-05-09 20:52:51 - [TEST_STEP][PASSED] - verifyElementText: Actual text and expected text of test object 'Object Repository/Transaction page/Total Transaction Price' are matched.

2018-05-09 20:52:51 - [MESSAGE][PASSED] - Actual text and expected text of test object 'Object Repository/Transaction page/Total Transaction Price' are matched.

2018-05-09 20:52:51 - [TEST_STEP][PASSED] - Statement - TransactionsTable = driver.findElement(org.openqa.selenium.By.xpath("//*[@id="add-row"]/div/table")): null

2018-05-09 20:52:51 - [TEST_STEP][PASSED] - Statement - transactions = TransactionsTable.findElements(org.openqa.selenium.By.tagName("tr")): null

2018-05-09 20:52:51 - [TEST_STEP][PASSED] - Statement - transactionSizeAfter = transactions.size(): null

2018-05-09 20:52:51 - [TEST_STEP][PASSED] - delay: Delayed 2 second(s)

2018-05-09 20:52:53 - [MESSAGE][PASSED] - Delayed 2 second(s)

2018-05-09 20:52:53 - [TEST_STEP][PASSED] - verifyEqual: Actual object '25' and expected object '25' are equal

2018-05-09 20:52:53 - [MESSAGE][PASSED] - Actual object '25' and expected object '25' are equal

2018-05-09 20:52:53 - [TEST_STEP][PASSED] - delay: Delayed 1 second(s)

2018-05-09 20:52:54 - [MESSAGE][PASSED] - Delayed 1 second(s)]]></system-out>
         <system-err><![CDATA[]]></system-err>
      </testcase>
      <testcase name="Test Cases/Test transaction update" classname="Test Cases/Test transaction update" status="PASSED">
         <system-out><![CDATA[2018-05-09 20:52:54 - [TEST_CASE][PASSED] - Test Cases/Test transaction update: Test Cases/Test transaction update

2018-05-09 20:52:54 - [TEST_STEP][PASSED] - openBrowser: Browser is opened with url: ''

2018-05-09 20:52:54 - [MESSAGE][WARNING] - A browser is already opened. Closing browser and opening a new one

2018-05-09 20:52:57 - [MESSAGE][PASSED] - Browser is opened with url: ''

2018-05-09 20:52:57 - [TEST_STEP][PASSED] - navigateToUrl: Navigate to 'http://54.71.80.147:8086/' successfully

2018-05-09 20:53:12 - [MESSAGE][PASSED] - Navigate to 'http://54.71.80.147:8086/' successfully

2018-05-09 20:53:12 - [TEST_STEP][PASSED] - setText: Text 'admin' is set on object 'Object Repository/Login_Page/input_username'

2018-05-09 20:53:12 - [MESSAGE][PASSED] - Text 'admin' is set on object 'Object Repository/Login_Page/input_username'

2018-05-09 20:53:12 - [TEST_STEP][PASSED] - setText: Text 'admin' is set on object 'Object Repository/Login_Page/input_password'

2018-05-09 20:53:13 - [MESSAGE][PASSED] - Text 'admin' is set on object 'Object Repository/Login_Page/input_password'

2018-05-09 20:53:13 - [TEST_STEP][PASSED] - click: Object: 'Object Repository/Login_Page/button_Login' is clicked on

2018-05-09 20:53:13 - [MESSAGE][PASSED] - Object: 'Object Repository/Login_Page/button_Login' is clicked on

2018-05-09 20:53:13 - [TEST_STEP][PASSED] - waitForElementNotPresent: Web element with id: 'Object Repository/Main_Page/Logout Button' located by 'By.xpath: //button[@type = 'button' and (text() = 'Logout' or . = 'Logout')]' is not present after '15' second(s)

2018-05-09 20:53:13 - [MESSAGE][PASSED] - Web element with id: 'Object Repository/Main_Page/Logout Button' located by 'By.xpath: //button[@type = 'button' and (text() = 'Logout' or . = 'Logout')]' is not present after '15' second(s)

2018-05-09 20:53:13 - [TEST_STEP][PASSED] - click: Object: 'Object Repository/Main_Page/a_Total Transaction' is clicked on

2018-05-09 20:53:14 - [MESSAGE][PASSED] - Object: 'Object Repository/Main_Page/a_Total Transaction' is clicked on

2018-05-09 20:53:14 - [TEST_STEP][PASSED] - delay: Delayed 2 second(s)

2018-05-09 20:53:16 - [MESSAGE][PASSED] - Delayed 2 second(s)

2018-05-09 20:53:16 - [TEST_STEP][PASSED] - Statement - driver = com.kms.katalon.core.webui.driver.DriverFactory.getWebDriver(): null

2018-05-09 20:53:16 - [TEST_STEP][PASSED] - Statement - TransactionsTable = driver.findElement(org.openqa.selenium.By.xpath("//*[@id="add-row"]/div/table")): null

2018-05-09 20:53:16 - [TEST_STEP][PASSED] - Statement - transactions = TransactionsTable.findElements(org.openqa.selenium.By.tagName("tr")): null

2018-05-09 20:53:16 - [TEST_STEP][PASSED] - Statement - println(transactions.size()): null

2018-05-09 20:53:16 - [TEST_STEP][PASSED] - Statement - transactionSizeBefore = transactions.size(): null

2018-05-09 20:53:16 - [TEST_STEP][PASSED] - Statement - totalPrice1 = new com.kms.katalon.core.testobject.TestObject(): null

2018-05-09 20:53:16 - [TEST_STEP][PASSED] - Statement - totalPrice1.addProperty("xpath", EQUALS, "//*[@id="add-row"]/div/div[2]/div/p"): null

2018-05-09 20:53:16 - [TEST_STEP][PASSED] - Statement - firstprice = java.lang.Integer.parseInt(com.kms.katalon.core.webui.keyword.WebUiBuiltInKeywords.getText(totalPrice1).replace(" THB", "").replace(",", "").replace("Total price: ", "")): Text of object '' is: 'Total price: 770,924 THB'

2018-05-09 20:53:16 - [MESSAGE][PASSED] - Text of object '' is: 'Total price: 770,924 THB'

2018-05-09 20:53:16 - [TEST_STEP][PASSED] - Statement - println(firstprice): null

2018-05-09 20:53:16 - [TEST_STEP][PASSED] - delay: Delayed 1 second(s)

2018-05-09 20:53:17 - [MESSAGE][PASSED] - Delayed 1 second(s)

2018-05-09 20:53:17 - [TEST_STEP][PASSED] - click: Object: 'Object Repository/Main_Page/Logout Button' is clicked on

2018-05-09 20:53:17 - [MESSAGE][PASSED] - Object: 'Object Repository/Main_Page/Logout Button' is clicked on

2018-05-09 20:53:17 - [TEST_STEP][PASSED] - verifyElementPresent: Object 'Object Repository/Login_Page/Login Header' is present

2018-05-09 20:53:17 - [MESSAGE][PASSED] - Object 'Object Repository/Login_Page/Login Header' is present

2018-05-09 20:53:17 - [TEST_STEP][PASSED] - setText: Text 'hello' is set on object 'Object Repository/Login_Page/input_username'

2018-05-09 20:53:17 - [MESSAGE][PASSED] - Text 'hello' is set on object 'Object Repository/Login_Page/input_username'

2018-05-09 20:53:17 - [TEST_STEP][PASSED] - setText: Text 'hello' is set on object 'Object Repository/Login_Page/input_password'

2018-05-09 20:53:18 - [MESSAGE][PASSED] - Text 'hello' is set on object 'Object Repository/Login_Page/input_password'

2018-05-09 20:53:18 - [TEST_STEP][PASSED] - click: Object: 'Object Repository/Login_Page/button_Login' is clicked on

2018-05-09 20:53:18 - [MESSAGE][PASSED] - Object: 'Object Repository/Login_Page/button_Login' is clicked on

2018-05-09 20:53:18 - [TEST_STEP][PASSED] - waitForElementPresent: Object 'Object Repository/Main_Page/h2_Products' is present

2018-05-09 20:53:18 - [MESSAGE][PASSED] - Object 'Object Repository/Main_Page/h2_Products' is present

2018-05-09 20:53:18 - [TEST_STEP][PASSED] - delay: Delayed 2 second(s)

2018-05-09 20:53:20 - [MESSAGE][PASSED] - Delayed 2 second(s)

2018-05-09 20:53:20 - [TEST_STEP][PASSED] - Statement - Products = driver.findElement(org.openqa.selenium.By.xpath("/html/body/app-root/app-product-list/div/div[2]/div")): null

2018-05-09 20:53:20 - [TEST_STEP][PASSED] - Statement - farmerCards = Products.findElements(org.openqa.selenium.By.className("farmer-card")): null

2018-05-09 20:53:20 - [TEST_STEP][PASSED] - Statement - For ([i = 1, i <= farmerCards.size(), (i++)]): Delayed 1 second(s)

2018-05-09 20:53:20 - [TEST_STEP][PASSED] - Statement - buttonAddProduct = new com.kms.katalon.core.testobject.TestObject(): null

2018-05-09 20:53:20 - [TEST_STEP][PASSED] - Statement - buttonAddProduct.addProperty("xpath", EQUALS, "/html/body/app-root/app-product-list/div/div[2]/div/div[" + i + "]/a/div[2]/div[2]/button"): null

2018-05-09 20:53:20 - [TEST_STEP][PASSED] - click: Object: '' is clicked on

2018-05-09 20:53:21 - [MESSAGE][PASSED] - Object: '' is clicked on

2018-05-09 20:53:21 - [TEST_STEP][PASSED] - delay: Delayed 1 second(s)

2018-05-09 20:53:22 - [MESSAGE][PASSED] - Delayed 1 second(s)

2018-05-09 20:53:22 - [TEST_STEP][PASSED] - Statement - buttonAddProduct = new com.kms.katalon.core.testobject.TestObject(): null

2018-05-09 20:53:22 - [TEST_STEP][PASSED] - Statement - buttonAddProduct.addProperty("xpath", EQUALS, "/html/body/app-root/app-product-list/div/div[2]/div/div[" + i + "]/a/div[2]/div[2]/button"): null

2018-05-09 20:53:22 - [TEST_STEP][PASSED] - click: Object: '' is clicked on

2018-05-09 20:53:22 - [MESSAGE][PASSED] - Object: '' is clicked on

2018-05-09 20:53:22 - [TEST_STEP][PASSED] - delay: Delayed 1 second(s)

2018-05-09 20:53:23 - [MESSAGE][PASSED] - Delayed 1 second(s)

2018-05-09 20:53:23 - [TEST_STEP][PASSED] - Statement - buttonAddProduct = new com.kms.katalon.core.testobject.TestObject(): null

2018-05-09 20:53:23 - [TEST_STEP][PASSED] - Statement - buttonAddProduct.addProperty("xpath", EQUALS, "/html/body/app-root/app-product-list/div/div[2]/div/div[" + i + "]/a/div[2]/div[2]/button"): null

2018-05-09 20:53:23 - [TEST_STEP][PASSED] - click: Object: '' is clicked on

2018-05-09 20:53:23 - [MESSAGE][PASSED] - Object: '' is clicked on

2018-05-09 20:53:23 - [TEST_STEP][PASSED] - delay: Delayed 1 second(s)

2018-05-09 20:53:24 - [MESSAGE][PASSED] - Delayed 1 second(s)

2018-05-09 20:53:24 - [TEST_STEP][PASSED] - Statement - buttonAddProduct = new com.kms.katalon.core.testobject.TestObject(): null

2018-05-09 20:53:24 - [TEST_STEP][PASSED] - Statement - buttonAddProduct.addProperty("xpath", EQUALS, "/html/body/app-root/app-product-list/div/div[2]/div/div[" + i + "]/a/div[2]/div[2]/button"): null

2018-05-09 20:53:24 - [TEST_STEP][PASSED] - click: Object: '' is clicked on

2018-05-09 20:53:24 - [MESSAGE][PASSED] - Object: '' is clicked on

2018-05-09 20:53:24 - [TEST_STEP][PASSED] - delay: Delayed 1 second(s)

2018-05-09 20:53:25 - [MESSAGE][PASSED] - Delayed 1 second(s)

2018-05-09 20:53:25 - [TEST_STEP][PASSED] - Statement - buttonAddProduct = new com.kms.katalon.core.testobject.TestObject(): null

2018-05-09 20:53:25 - [TEST_STEP][PASSED] - Statement - buttonAddProduct.addProperty("xpath", EQUALS, "/html/body/app-root/app-product-list/div/div[2]/div/div[" + i + "]/a/div[2]/div[2]/button"): null

2018-05-09 20:53:25 - [TEST_STEP][PASSED] - click: Object: '' is clicked on

2018-05-09 20:53:25 - [MESSAGE][PASSED] - Object: '' is clicked on

2018-05-09 20:53:25 - [TEST_STEP][PASSED] - delay: Delayed 1 second(s)

2018-05-09 20:53:26 - [MESSAGE][PASSED] - Delayed 1 second(s)

2018-05-09 20:53:26 - [TEST_STEP][PASSED] - click: Object: 'Object Repository/Main_Page/Link to Carts' is clicked on

2018-05-09 20:53:26 - [MESSAGE][PASSED] - Object: 'Object Repository/Main_Page/Link to Carts' is clicked on

2018-05-09 20:53:26 - [TEST_STEP][PASSED] - delay: Delayed 1 second(s)

2018-05-09 20:53:27 - [MESSAGE][PASSED] - Delayed 1 second(s)

2018-05-09 20:53:27 - [TEST_STEP][PASSED] - setText: Text '4' is set on object 'Object Repository/Cart Page/item1'

2018-05-09 20:53:27 - [MESSAGE][PASSED] - Text '4' is set on object 'Object Repository/Cart Page/item1'

2018-05-09 20:53:27 - [TEST_STEP][PASSED] - setText: Text '5' is set on object 'Object Repository/Cart Page/item2'

2018-05-09 20:53:28 - [MESSAGE][PASSED] - Text '5' is set on object 'Object Repository/Cart Page/item2'

2018-05-09 20:53:28 - [TEST_STEP][PASSED] - setText: Text '6' is set on object 'Object Repository/Cart Page/item3'

2018-05-09 20:53:28 - [MESSAGE][PASSED] - Text '6' is set on object 'Object Repository/Cart Page/item3'

2018-05-09 20:53:28 - [TEST_STEP][PASSED] - setText: Text '8' is set on object 'Object Repository/Cart Page/item4'

2018-05-09 20:53:28 - [MESSAGE][PASSED] - Text '8' is set on object 'Object Repository/Cart Page/item4'

2018-05-09 20:53:28 - [TEST_STEP][PASSED] - setText: Text '7' is set on object 'Object Repository/Cart Page/item5'

2018-05-09 20:53:28 - [MESSAGE][PASSED] - Text '7' is set on object 'Object Repository/Cart Page/item5'

2018-05-09 20:53:28 - [TEST_STEP][PASSED] - Statement - priceOfLatestTeansaction = java.lang.Integer.parseInt(com.kms.katalon.core.webui.keyword.WebUiBuiltInKeywords.getText(com.kms.katalon.core.testobject.ObjectRepository.findTestObject(Cart Page/Total price  label)).replace(" THB", "").replace(",", "").replace("Total price: ", "")): Text of object 'Object Repository/Cart Page/Total price  label' is: 'Total price: 82,666 THB'

2018-05-09 20:53:28 - [MESSAGE][PASSED] - Text of object 'Object Repository/Cart Page/Total price  label' is: 'Total price: 82,666 THB'

2018-05-09 20:53:28 - [TEST_STEP][PASSED] - Statement - println(priceOfLatestTeansaction): null

2018-05-09 20:53:28 - [TEST_STEP][PASSED] - delay: Delayed 2 second(s)

2018-05-09 20:53:30 - [MESSAGE][PASSED] - Delayed 2 second(s)

2018-05-09 20:53:30 - [TEST_STEP][PASSED] - click: Object: 'Object Repository/Cart Page/Confirm purchase button' is clicked on

2018-05-09 20:53:30 - [MESSAGE][PASSED] - Object: 'Object Repository/Cart Page/Confirm purchase button' is clicked on

2018-05-09 20:53:30 - [TEST_STEP][PASSED] - acceptAlert: Alert accepted

2018-05-09 20:53:30 - [MESSAGE][PASSED] - Alert accepted

2018-05-09 20:53:30 - [TEST_STEP][PASSED] - waitForElementPresent: Object 'Object Repository/Main_Page/Logout Button' is present

2018-05-09 20:53:30 - [MESSAGE][PASSED] - Object 'Object Repository/Main_Page/Logout Button' is present

2018-05-09 20:53:30 - [TEST_STEP][PASSED] - click: Object: 'Object Repository/Main_Page/Logout Button' is clicked on

2018-05-09 20:53:31 - [MESSAGE][PASSED] - Object: 'Object Repository/Main_Page/Logout Button' is clicked on

2018-05-09 20:53:31 - [TEST_STEP][PASSED] - waitForElementNotPresent: Web element with id: 'Object Repository/Main_Page/Logout Button' located by 'By.xpath: //button[@type = 'button' and (text() = 'Logout' or . = 'Logout')]' is not present after '15' second(s)

2018-05-09 20:53:31 - [MESSAGE][PASSED] - Web element with id: 'Object Repository/Main_Page/Logout Button' located by 'By.xpath: //button[@type = 'button' and (text() = 'Logout' or . = 'Logout')]' is not present after '15' second(s)

2018-05-09 20:53:31 - [TEST_STEP][PASSED] - delay: Delayed 1 second(s)

2018-05-09 20:53:32 - [MESSAGE][PASSED] - Delayed 1 second(s)

2018-05-09 20:53:32 - [TEST_STEP][PASSED] - setText: Text 'admin' is set on object 'Object Repository/Login_Page/input_username'

2018-05-09 20:53:32 - [MESSAGE][PASSED] - Text 'admin' is set on object 'Object Repository/Login_Page/input_username'

2018-05-09 20:53:32 - [TEST_STEP][PASSED] - setText: Text 'admin' is set on object 'Object Repository/Login_Page/input_password'

2018-05-09 20:53:32 - [MESSAGE][PASSED] - Text 'admin' is set on object 'Object Repository/Login_Page/input_password'

2018-05-09 20:53:32 - [TEST_STEP][PASSED] - click: Object: 'Object Repository/Login_Page/button_Login' is clicked on

2018-05-09 20:53:32 - [MESSAGE][PASSED] - Object: 'Object Repository/Login_Page/button_Login' is clicked on

2018-05-09 20:53:32 - [TEST_STEP][PASSED] - click: Object: 'Object Repository/Main_Page/a_Total Transaction' is clicked on

2018-05-09 20:53:32 - [MESSAGE][PASSED] - Object: 'Object Repository/Main_Page/a_Total Transaction' is clicked on

2018-05-09 20:53:32 - [TEST_STEP][PASSED] - Statement - verifyPrice = java.lang.String.format("%,d", firstprice + priceOfLatestTeansaction): null

2018-05-09 20:53:32 - [TEST_STEP][PASSED] - verifyElementText: Actual text and expected text of test object 'Object Repository/Transaction page/Total Transaction Price' are matched.

2018-05-09 20:53:32 - [MESSAGE][PASSED] - Actual text and expected text of test object 'Object Repository/Transaction page/Total Transaction Price' are matched.

2018-05-09 20:53:32 - [TEST_STEP][PASSED] - Statement - TransactionsTable = driver.findElement(org.openqa.selenium.By.xpath("//*[@id="add-row"]/div/table")): null

2018-05-09 20:53:32 - [TEST_STEP][PASSED] - Statement - transactions = TransactionsTable.findElements(org.openqa.selenium.By.tagName("tr")): null

2018-05-09 20:53:33 - [TEST_STEP][PASSED] - Statement - transactionSizeAfter = transactions.size(): null

2018-05-09 20:53:33 - [TEST_STEP][PASSED] - delay: Delayed 2 second(s)

2018-05-09 20:53:35 - [MESSAGE][PASSED] - Delayed 2 second(s)

2018-05-09 20:53:35 - [TEST_STEP][PASSED] - verifyEqual: Actual object '26' and expected object '26' are equal

2018-05-09 20:53:35 - [MESSAGE][PASSED] - Actual object '26' and expected object '26' are equal

2018-05-09 20:53:35 - [TEST_STEP][PASSED] - delay: Delayed 1 second(s)

2018-05-09 20:53:36 - [MESSAGE][PASSED] - Delayed 1 second(s)]]></system-out>
         <system-err><![CDATA[]]></system-err>
      </testcase>
      <testcase name="Test Cases/Test transaction update" classname="Test Cases/Test transaction update" status="PASSED">
         <system-out><![CDATA[2018-05-09 20:53:36 - [TEST_CASE][PASSED] - Test Cases/Test transaction update: Test Cases/Test transaction update

2018-05-09 20:53:36 - [TEST_STEP][PASSED] - openBrowser: Browser is opened with url: ''

2018-05-09 20:53:36 - [MESSAGE][WARNING] - A browser is already opened. Closing browser and opening a new one

2018-05-09 20:53:38 - [MESSAGE][PASSED] - Browser is opened with url: ''

2018-05-09 20:53:38 - [TEST_STEP][PASSED] - navigateToUrl: Navigate to 'http://54.71.80.147:8086/' successfully

2018-05-09 20:53:51 - [MESSAGE][PASSED] - Navigate to 'http://54.71.80.147:8086/' successfully

2018-05-09 20:53:51 - [TEST_STEP][PASSED] - setText: Text 'admin' is set on object 'Object Repository/Login_Page/input_username'

2018-05-09 20:53:51 - [MESSAGE][PASSED] - Text 'admin' is set on object 'Object Repository/Login_Page/input_username'

2018-05-09 20:53:51 - [TEST_STEP][PASSED] - setText: Text 'admin' is set on object 'Object Repository/Login_Page/input_password'

2018-05-09 20:53:51 - [MESSAGE][PASSED] - Text 'admin' is set on object 'Object Repository/Login_Page/input_password'

2018-05-09 20:53:51 - [TEST_STEP][PASSED] - click: Object: 'Object Repository/Login_Page/button_Login' is clicked on

2018-05-09 20:53:51 - [MESSAGE][PASSED] - Object: 'Object Repository/Login_Page/button_Login' is clicked on

2018-05-09 20:53:51 - [TEST_STEP][PASSED] - waitForElementNotPresent: Web element with id: 'Object Repository/Main_Page/Logout Button' located by 'By.xpath: //button[@type = 'button' and (text() = 'Logout' or . = 'Logout')]' is not present after '15' second(s)

2018-05-09 20:53:52 - [MESSAGE][PASSED] - Web element with id: 'Object Repository/Main_Page/Logout Button' located by 'By.xpath: //button[@type = 'button' and (text() = 'Logout' or . = 'Logout')]' is not present after '15' second(s)

2018-05-09 20:53:52 - [TEST_STEP][PASSED] - click: Object: 'Object Repository/Main_Page/a_Total Transaction' is clicked on

2018-05-09 20:53:53 - [MESSAGE][PASSED] - Object: 'Object Repository/Main_Page/a_Total Transaction' is clicked on

2018-05-09 20:53:53 - [TEST_STEP][PASSED] - delay: Delayed 2 second(s)

2018-05-09 20:53:55 - [MESSAGE][PASSED] - Delayed 2 second(s)

2018-05-09 20:53:55 - [TEST_STEP][PASSED] - Statement - driver = com.kms.katalon.core.webui.driver.DriverFactory.getWebDriver(): null

2018-05-09 20:53:55 - [TEST_STEP][PASSED] - Statement - TransactionsTable = driver.findElement(org.openqa.selenium.By.xpath("//*[@id="add-row"]/div/table")): null

2018-05-09 20:53:55 - [TEST_STEP][PASSED] - Statement - transactions = TransactionsTable.findElements(org.openqa.selenium.By.tagName("tr")): null

2018-05-09 20:53:55 - [TEST_STEP][PASSED] - Statement - println(transactions.size()): null

2018-05-09 20:53:55 - [TEST_STEP][PASSED] - Statement - transactionSizeBefore = transactions.size(): null

2018-05-09 20:53:55 - [TEST_STEP][PASSED] - Statement - totalPrice1 = new com.kms.katalon.core.testobject.TestObject(): null

2018-05-09 20:53:55 - [TEST_STEP][PASSED] - Statement - totalPrice1.addProperty("xpath", EQUALS, "//*[@id="add-row"]/div/div[2]/div/p"): null

2018-05-09 20:53:55 - [TEST_STEP][PASSED] - Statement - firstprice = java.lang.Integer.parseInt(com.kms.katalon.core.webui.keyword.WebUiBuiltInKeywords.getText(totalPrice1).replace(" THB", "").replace(",", "").replace("Total price: ", "")): Text of object '' is: 'Total price: 853,590 THB'

2018-05-09 20:53:55 - [MESSAGE][PASSED] - Text of object '' is: 'Total price: 853,590 THB'

2018-05-09 20:53:55 - [TEST_STEP][PASSED] - Statement - println(firstprice): null

2018-05-09 20:53:55 - [TEST_STEP][PASSED] - delay: Delayed 1 second(s)

2018-05-09 20:53:56 - [MESSAGE][PASSED] - Delayed 1 second(s)

2018-05-09 20:53:56 - [TEST_STEP][PASSED] - click: Object: 'Object Repository/Main_Page/Logout Button' is clicked on

2018-05-09 20:53:56 - [MESSAGE][PASSED] - Object: 'Object Repository/Main_Page/Logout Button' is clicked on

2018-05-09 20:53:56 - [TEST_STEP][PASSED] - verifyElementPresent: Object 'Object Repository/Login_Page/Login Header' is present

2018-05-09 20:53:56 - [MESSAGE][PASSED] - Object 'Object Repository/Login_Page/Login Header' is present

2018-05-09 20:53:56 - [TEST_STEP][PASSED] - setText: Text 'user' is set on object 'Object Repository/Login_Page/input_username'

2018-05-09 20:53:56 - [MESSAGE][PASSED] - Text 'user' is set on object 'Object Repository/Login_Page/input_username'

2018-05-09 20:53:56 - [TEST_STEP][PASSED] - setText: Text 'user' is set on object 'Object Repository/Login_Page/input_password'

2018-05-09 20:53:57 - [MESSAGE][PASSED] - Text 'user' is set on object 'Object Repository/Login_Page/input_password'

2018-05-09 20:53:57 - [TEST_STEP][PASSED] - click: Object: 'Object Repository/Login_Page/button_Login' is clicked on

2018-05-09 20:53:57 - [MESSAGE][PASSED] - Object: 'Object Repository/Login_Page/button_Login' is clicked on

2018-05-09 20:53:57 - [TEST_STEP][PASSED] - waitForElementPresent: Object 'Object Repository/Main_Page/h2_Products' is present

2018-05-09 20:53:57 - [MESSAGE][PASSED] - Object 'Object Repository/Main_Page/h2_Products' is present

2018-05-09 20:53:57 - [TEST_STEP][PASSED] - delay: Delayed 2 second(s)

2018-05-09 20:53:59 - [MESSAGE][PASSED] - Delayed 2 second(s)

2018-05-09 20:53:59 - [TEST_STEP][PASSED] - Statement - Products = driver.findElement(org.openqa.selenium.By.xpath("/html/body/app-root/app-product-list/div/div[2]/div")): null

2018-05-09 20:53:59 - [TEST_STEP][PASSED] - Statement - farmerCards = Products.findElements(org.openqa.selenium.By.className("farmer-card")): null

2018-05-09 20:53:59 - [TEST_STEP][PASSED] - Statement - For ([i = 1, i <= farmerCards.size(), (i++)]): Delayed 1 second(s)

2018-05-09 20:53:59 - [TEST_STEP][PASSED] - Statement - buttonAddProduct = new com.kms.katalon.core.testobject.TestObject(): null

2018-05-09 20:53:59 - [TEST_STEP][PASSED] - Statement - buttonAddProduct.addProperty("xpath", EQUALS, "/html/body/app-root/app-product-list/div/div[2]/div/div[" + i + "]/a/div[2]/div[2]/button"): null

2018-05-09 20:53:59 - [TEST_STEP][PASSED] - click: Object: '' is clicked on

2018-05-09 20:53:59 - [MESSAGE][PASSED] - Object: '' is clicked on

2018-05-09 20:53:59 - [TEST_STEP][PASSED] - delay: Delayed 1 second(s)

2018-05-09 20:54:00 - [MESSAGE][PASSED] - Delayed 1 second(s)

2018-05-09 20:54:00 - [TEST_STEP][PASSED] - Statement - buttonAddProduct = new com.kms.katalon.core.testobject.TestObject(): null

2018-05-09 20:54:00 - [TEST_STEP][PASSED] - Statement - buttonAddProduct.addProperty("xpath", EQUALS, "/html/body/app-root/app-product-list/div/div[2]/div/div[" + i + "]/a/div[2]/div[2]/button"): null

2018-05-09 20:54:00 - [TEST_STEP][PASSED] - click: Object: '' is clicked on

2018-05-09 20:54:01 - [MESSAGE][PASSED] - Object: '' is clicked on

2018-05-09 20:54:01 - [TEST_STEP][PASSED] - delay: Delayed 1 second(s)

2018-05-09 20:54:02 - [MESSAGE][PASSED] - Delayed 1 second(s)

2018-05-09 20:54:02 - [TEST_STEP][PASSED] - Statement - buttonAddProduct = new com.kms.katalon.core.testobject.TestObject(): null

2018-05-09 20:54:02 - [TEST_STEP][PASSED] - Statement - buttonAddProduct.addProperty("xpath", EQUALS, "/html/body/app-root/app-product-list/div/div[2]/div/div[" + i + "]/a/div[2]/div[2]/button"): null

2018-05-09 20:54:02 - [TEST_STEP][PASSED] - click: Object: '' is clicked on

2018-05-09 20:54:02 - [MESSAGE][PASSED] - Object: '' is clicked on

2018-05-09 20:54:02 - [TEST_STEP][PASSED] - delay: Delayed 1 second(s)

2018-05-09 20:54:03 - [MESSAGE][PASSED] - Delayed 1 second(s)

2018-05-09 20:54:03 - [TEST_STEP][PASSED] - Statement - buttonAddProduct = new com.kms.katalon.core.testobject.TestObject(): null

2018-05-09 20:54:03 - [TEST_STEP][PASSED] - Statement - buttonAddProduct.addProperty("xpath", EQUALS, "/html/body/app-root/app-product-list/div/div[2]/div/div[" + i + "]/a/div[2]/div[2]/button"): null

2018-05-09 20:54:03 - [TEST_STEP][PASSED] - click: Object: '' is clicked on

2018-05-09 20:54:03 - [MESSAGE][PASSED] - Object: '' is clicked on

2018-05-09 20:54:03 - [TEST_STEP][PASSED] - delay: Delayed 1 second(s)

2018-05-09 20:54:04 - [MESSAGE][PASSED] - Delayed 1 second(s)

2018-05-09 20:54:04 - [TEST_STEP][PASSED] - Statement - buttonAddProduct = new com.kms.katalon.core.testobject.TestObject(): null

2018-05-09 20:54:04 - [TEST_STEP][PASSED] - Statement - buttonAddProduct.addProperty("xpath", EQUALS, "/html/body/app-root/app-product-list/div/div[2]/div/div[" + i + "]/a/div[2]/div[2]/button"): null

2018-05-09 20:54:04 - [TEST_STEP][PASSED] - click: Object: '' is clicked on

2018-05-09 20:54:04 - [MESSAGE][PASSED] - Object: '' is clicked on

2018-05-09 20:54:04 - [TEST_STEP][PASSED] - delay: Delayed 1 second(s)

2018-05-09 20:54:05 - [MESSAGE][PASSED] - Delayed 1 second(s)

2018-05-09 20:54:05 - [TEST_STEP][PASSED] - click: Object: 'Object Repository/Main_Page/Link to Carts' is clicked on

2018-05-09 20:54:05 - [MESSAGE][PASSED] - Object: 'Object Repository/Main_Page/Link to Carts' is clicked on

2018-05-09 20:54:05 - [TEST_STEP][PASSED] - delay: Delayed 1 second(s)

2018-05-09 20:54:06 - [MESSAGE][PASSED] - Delayed 1 second(s)

2018-05-09 20:54:06 - [TEST_STEP][PASSED] - setText: Text '2' is set on object 'Object Repository/Cart Page/item1'

2018-05-09 20:54:06 - [MESSAGE][PASSED] - Text '2' is set on object 'Object Repository/Cart Page/item1'

2018-05-09 20:54:06 - [TEST_STEP][PASSED] - setText: Text '3' is set on object 'Object Repository/Cart Page/item2'

2018-05-09 20:54:07 - [MESSAGE][PASSED] - Text '3' is set on object 'Object Repository/Cart Page/item2'

2018-05-09 20:54:07 - [TEST_STEP][PASSED] - setText: Text '6' is set on object 'Object Repository/Cart Page/item3'

2018-05-09 20:54:07 - [MESSAGE][PASSED] - Text '6' is set on object 'Object Repository/Cart Page/item3'

2018-05-09 20:54:07 - [TEST_STEP][PASSED] - setText: Text '4' is set on object 'Object Repository/Cart Page/item4'

2018-05-09 20:54:07 - [MESSAGE][PASSED] - Text '4' is set on object 'Object Repository/Cart Page/item4'

2018-05-09 20:54:07 - [TEST_STEP][PASSED] - setText: Text '5' is set on object 'Object Repository/Cart Page/item5'

2018-05-09 20:54:07 - [MESSAGE][PASSED] - Text '5' is set on object 'Object Repository/Cart Page/item5'

2018-05-09 20:54:07 - [TEST_STEP][PASSED] - Statement - priceOfLatestTeansaction = java.lang.Integer.parseInt(com.kms.katalon.core.webui.keyword.WebUiBuiltInKeywords.getText(com.kms.katalon.core.testobject.ObjectRepository.findTestObject(Cart Page/Total price  label)).replace(" THB", "").replace(",", "").replace("Total price: ", "")): Text of object 'Object Repository/Cart Page/Total price  label' is: 'Total price: 42,278 THB'

2018-05-09 20:54:07 - [MESSAGE][PASSED] - Text of object 'Object Repository/Cart Page/Total price  label' is: 'Total price: 42,278 THB'

2018-05-09 20:54:07 - [TEST_STEP][PASSED] - Statement - println(priceOfLatestTeansaction): null

2018-05-09 20:54:07 - [TEST_STEP][PASSED] - delay: Delayed 2 second(s)

2018-05-09 20:54:09 - [MESSAGE][PASSED] - Delayed 2 second(s)

2018-05-09 20:54:09 - [TEST_STEP][PASSED] - click: Object: 'Object Repository/Cart Page/Confirm purchase button' is clicked on

2018-05-09 20:54:09 - [MESSAGE][PASSED] - Object: 'Object Repository/Cart Page/Confirm purchase button' is clicked on

2018-05-09 20:54:09 - [TEST_STEP][PASSED] - acceptAlert: Alert accepted

2018-05-09 20:54:09 - [MESSAGE][PASSED] - Alert accepted

2018-05-09 20:54:09 - [TEST_STEP][PASSED] - waitForElementPresent: Object 'Object Repository/Main_Page/Logout Button' is present

2018-05-09 20:54:09 - [MESSAGE][PASSED] - Object 'Object Repository/Main_Page/Logout Button' is present

2018-05-09 20:54:09 - [TEST_STEP][PASSED] - click: Object: 'Object Repository/Main_Page/Logout Button' is clicked on

2018-05-09 20:54:10 - [MESSAGE][PASSED] - Object: 'Object Repository/Main_Page/Logout Button' is clicked on

2018-05-09 20:54:10 - [TEST_STEP][PASSED] - waitForElementNotPresent: Web element with id: 'Object Repository/Main_Page/Logout Button' located by 'By.xpath: //button[@type = 'button' and (text() = 'Logout' or . = 'Logout')]' is not present after '15' second(s)

2018-05-09 20:54:10 - [MESSAGE][PASSED] - Web element with id: 'Object Repository/Main_Page/Logout Button' located by 'By.xpath: //button[@type = 'button' and (text() = 'Logout' or . = 'Logout')]' is not present after '15' second(s)

2018-05-09 20:54:10 - [TEST_STEP][PASSED] - delay: Delayed 1 second(s)

2018-05-09 20:54:11 - [MESSAGE][PASSED] - Delayed 1 second(s)

2018-05-09 20:54:11 - [TEST_STEP][PASSED] - setText: Text 'admin' is set on object 'Object Repository/Login_Page/input_username'

2018-05-09 20:54:11 - [MESSAGE][PASSED] - Text 'admin' is set on object 'Object Repository/Login_Page/input_username'

2018-05-09 20:54:11 - [TEST_STEP][PASSED] - setText: Text 'admin' is set on object 'Object Repository/Login_Page/input_password'

2018-05-09 20:54:11 - [MESSAGE][PASSED] - Text 'admin' is set on object 'Object Repository/Login_Page/input_password'

2018-05-09 20:54:11 - [TEST_STEP][PASSED] - click: Object: 'Object Repository/Login_Page/button_Login' is clicked on

2018-05-09 20:54:11 - [MESSAGE][PASSED] - Object: 'Object Repository/Login_Page/button_Login' is clicked on

2018-05-09 20:54:11 - [TEST_STEP][PASSED] - click: Object: 'Object Repository/Main_Page/a_Total Transaction' is clicked on

2018-05-09 20:54:11 - [MESSAGE][PASSED] - Object: 'Object Repository/Main_Page/a_Total Transaction' is clicked on

2018-05-09 20:54:11 - [TEST_STEP][PASSED] - Statement - verifyPrice = java.lang.String.format("%,d", firstprice + priceOfLatestTeansaction): null

2018-05-09 20:54:11 - [TEST_STEP][PASSED] - verifyElementText: Actual text and expected text of test object 'Object Repository/Transaction page/Total Transaction Price' are matched.

2018-05-09 20:54:11 - [MESSAGE][PASSED] - Actual text and expected text of test object 'Object Repository/Transaction page/Total Transaction Price' are matched.

2018-05-09 20:54:11 - [TEST_STEP][PASSED] - Statement - TransactionsTable = driver.findElement(org.openqa.selenium.By.xpath("//*[@id="add-row"]/div/table")): null

2018-05-09 20:54:11 - [TEST_STEP][PASSED] - Statement - transactions = TransactionsTable.findElements(org.openqa.selenium.By.tagName("tr")): null

2018-05-09 20:54:11 - [TEST_STEP][PASSED] - Statement - transactionSizeAfter = transactions.size(): null

2018-05-09 20:54:11 - [TEST_STEP][PASSED] - delay: Delayed 2 second(s)

2018-05-09 20:54:13 - [MESSAGE][PASSED] - Delayed 2 second(s)

2018-05-09 20:54:13 - [TEST_STEP][PASSED] - verifyEqual: Actual object '27' and expected object '27' are equal

2018-05-09 20:54:13 - [MESSAGE][PASSED] - Actual object '27' and expected object '27' are equal

2018-05-09 20:54:13 - [TEST_STEP][PASSED] - delay: Delayed 1 second(s)

2018-05-09 20:54:14 - [MESSAGE][PASSED] - Delayed 1 second(s)]]></system-out>
         <system-err><![CDATA[]]></system-err>
      </testcase>
      <system-out><![CDATA[2018-05-09 20:50:46 - [TEST_SUITE][PASSED] - Test transaction update: Test Cases/Test transaction update]]></system-out>
      <system-err><![CDATA[]]></system-err>
   </testsuite>
</testsuites>
