<?xml version="1.0" encoding="UTF-8"?>
<testsuites name="Login as admin" time="22" tests="4" failures="0" errors="0">
   <testsuite name="Login as admin" tests="4" failures="0" errors="0" time="22" timestamp="2018-04-28 23:51:03" hostname="Donut - DESKTOP-IGTTMO3" id="Test Suites/Login as admin">
      <properties>
         <property name="deviceName" value=""/>
         <property name="devicePlatform" value=""/>
         <property name="logFolder" value="C:\\Users\\Donut\\git\\234-project-katalon-test\\Reports\\Login as admin\\20180428_235101"/>
         <property name="logFiles" value="C:\\Users\\Donut\\git\\234-project-katalon-test\\Reports\\Login as admin\\20180428_235101\\execution0.log"/>
         <property name="attachments" value=""/>
         <property name="hostName" value="Donut - DESKTOP-IGTTMO3"/>
         <property name="os" value="Windows 10 64bit"/>
         <property name="katalonVersion" value="5.3.1.1"/>
         <property name="browser" value="Firefox 59.0"/>
         <property name="hostAddress" value="172.20.10.2"/>
         <property name="sessionId" value="cb1a9013-68be-4b75-ba88-15652e336d60"/>
         <property name="seleniumVersion" value="3.7.1"/>
         <property name="proxyInformation" value="ProxyInformation{proxyOption=NO_PROXY, proxyServerType=HTTP, password=, proxyServerAddress=, proxyServerPort=0}"/>
         <property name="platform" value="Windows 10"/>
      </properties>
      <testcase name="Test Cases/Navigate to web" classname="Test Cases/Navigate to web" status="PASSED">
         <system-out><![CDATA[2018-04-28 23:51:04 - [TEST_CASE][PASSED] - Test Cases/Navigate to web: Test Cases/Navigate to web

2018-04-28 23:51:04 - [TEST_STEP][PASSED] - openBrowser: Browser is opened with url: ''

2018-04-28 23:51:10 - [MESSAGE][PASSED] - Browser is opened with url: ''

2018-04-28 23:51:10 - [TEST_STEP][PASSED] - navigateToUrl: Navigate to 'http://54.71.80.147:8086/' successfully

2018-04-28 23:51:23 - [MESSAGE][PASSED] - Navigate to 'http://54.71.80.147:8086/' successfully]]></system-out>
         <system-err><![CDATA[]]></system-err>
      </testcase>
      <testcase name="Test Cases/Login with credentials" classname="Test Cases/Login with credentials" status="PASSED">
         <system-out><![CDATA[2018-04-28 23:51:23 - [TEST_CASE][PASSED] - Test Cases/Login with credentials: Test Cases/Login with credentials

2018-04-28 23:51:23 - [TEST_STEP][PASSED] - setText: Text 'admin' is set on object 'Object Repository/Login_Page/input_username'

2018-04-28 23:51:24 - [MESSAGE][PASSED] - Text 'admin' is set on object 'Object Repository/Login_Page/input_username'

2018-04-28 23:51:24 - [TEST_STEP][PASSED] - setText: Text 'admin' is set on object 'Object Repository/Login_Page/input_password'

2018-04-28 23:51:24 - [MESSAGE][PASSED] - Text 'admin' is set on object 'Object Repository/Login_Page/input_password'

2018-04-28 23:51:24 - [TEST_STEP][PASSED] - click: Object: 'Object Repository/Login_Page/button_Login' is clicked on

2018-04-28 23:51:24 - [MESSAGE][PASSED] - Object: 'Object Repository/Login_Page/button_Login' is clicked on]]></system-out>
         <system-err><![CDATA[]]></system-err>
      </testcase>
      <testcase name="Test Cases/Verify admin landing page" classname="Test Cases/Verify admin landing page" status="PASSED">
         <system-out><![CDATA[2018-04-28 23:51:24 - [TEST_CASE][PASSED] - Test Cases/Verify admin landing page: Test Cases/Verify admin landing page

2018-04-28 23:51:24 - [TEST_STEP][PASSED] - verifyElementText: Actual text and expected text of test object 'Object Repository/Main_Page/a_Products' are matched.

2018-04-28 23:51:25 - [MESSAGE][PASSED] - Actual text and expected text of test object 'Object Repository/Main_Page/a_Products' are matched.

2018-04-28 23:51:25 - [TEST_STEP][PASSED] - verifyElementText: Actual text and expected text of test object 'Object Repository/Main_Page/a_Total Transaction' are matched.

2018-04-28 23:51:25 - [MESSAGE][PASSED] - Actual text and expected text of test object 'Object Repository/Main_Page/a_Total Transaction' are matched.]]></system-out>
         <system-err><![CDATA[]]></system-err>
      </testcase>
      <testcase name="Test Cases/Exit browser" classname="Test Cases/Exit browser" status="PASSED">
         <system-out><![CDATA[2018-04-28 23:51:25 - [TEST_CASE][PASSED] - Test Cases/Exit browser: Test Cases/Exit browser

2018-04-28 23:51:25 - [TEST_STEP][PASSED] - closeBrowser: Browser is closed

2018-04-28 23:51:25 - [MESSAGE][PASSED] - Browser is closed]]></system-out>
         <system-err><![CDATA[]]></system-err>
      </testcase>
      <system-out><![CDATA[2018-04-28 23:51:03 - [TEST_SUITE][PASSED] - Login as admin: Test Cases/Exit browser]]></system-out>
      <system-err><![CDATA[]]></system-err>
   </testsuite>
</testsuites>
