<?xml version="1.0" encoding="UTF-8"?>
<testsuites name="Select product and view cart" time="46" tests="4" failures="0" errors="0">
   <testsuite name="Select product and view cart" tests="4" failures="0" errors="0" time="46" timestamp="2018-05-10 21:18:41" hostname="Donut - DESKTOP-IGTTMO3" id="Test Suites/Select product and view cart">
      <properties>
         <property name="deviceName" value=""/>
         <property name="devicePlatform" value=""/>
         <property name="logFolder" value="C:\\Users\\Donut\\git\\234-project-katalon-test\\Reports\\Select product and view cart\\20180510_211839"/>
         <property name="logFiles" value="C:\\Users\\Donut\\git\\234-project-katalon-test\\Reports\\Select product and view cart\\20180510_211839\\execution0.log"/>
         <property name="attachments" value=""/>
         <property name="hostName" value="Donut - DESKTOP-IGTTMO3"/>
         <property name="os" value="Windows 10 64bit"/>
         <property name="katalonVersion" value="5.3.1.1"/>
         <property name="browser" value="Chrome 66.0.3359.139"/>
         <property name="hostAddress" value="172.20.10.2"/>
         <property name="sessionId" value="0bb0d748b657025d0ad761e172e9d032"/>
         <property name="seleniumVersion" value="3.7.1"/>
         <property name="proxyInformation" value="ProxyInformation{proxyOption=NO_PROXY, proxyServerType=HTTP, password=, proxyServerAddress=, proxyServerPort=0}"/>
         <property name="platform" value="Windows 10"/>
      </properties>
      <testcase name="Test Cases/Navigate to web" classname="Test Cases/Navigate to web" status="PASSED">
         <system-out><![CDATA[2018-05-10 21:18:41 - [TEST_CASE][PASSED] - Test Cases/Navigate to web: Test Cases/Navigate to web

2018-05-10 21:18:42 - [TEST_STEP][PASSED] - openBrowser: Browser is opened with url: ''

2018-05-10 21:18:46 - [MESSAGE][PASSED] - Browser is opened with url: ''

2018-05-10 21:18:46 - [TEST_STEP][PASSED] - navigateToUrl: Navigate to 'http://54.71.80.147:8086/' successfully

2018-05-10 21:18:58 - [MESSAGE][PASSED] - Navigate to 'http://54.71.80.147:8086/' successfully]]></system-out>
         <system-err><![CDATA[]]></system-err>
      </testcase>
      <testcase name="Test Cases/4-Selecting product and view cart" classname="Test Cases/4-Selecting product and view cart" status="PASSED">
         <system-out><![CDATA[2018-05-10 21:18:58 - [TEST_CASE][PASSED] - Test Cases/4-Selecting product and view cart: Test Cases/4-Selecting product and view cart

2018-05-10 21:18:58 - [TEST_STEP][PASSED] - delay: Delayed 1 second(s)

2018-05-10 21:18:59 - [MESSAGE][PASSED] - Delayed 1 second(s)

2018-05-10 21:18:59 - [TEST_STEP][PASSED] - setText: Text 'user' is set on object 'Object Repository/Login_Page/input_username'

2018-05-10 21:19:00 - [MESSAGE][PASSED] - Text 'user' is set on object 'Object Repository/Login_Page/input_username'

2018-05-10 21:19:00 - [TEST_STEP][PASSED] - setText: Text 'user' is set on object 'Object Repository/Login_Page/input_password'

2018-05-10 21:19:00 - [MESSAGE][PASSED] - Text 'user' is set on object 'Object Repository/Login_Page/input_password'

2018-05-10 21:19:00 - [TEST_STEP][PASSED] - click: Object: 'Object Repository/Login_Page/button_Login' is clicked on

2018-05-10 21:19:00 - [MESSAGE][PASSED] - Object: 'Object Repository/Login_Page/button_Login' is clicked on

2018-05-10 21:19:00 - [TEST_STEP][PASSED] - waitForElementPresent: Object 'Object Repository/Product page/Header_Products' is present

2018-05-10 21:19:00 - [MESSAGE][WARNING] - Timeout '0' is invalid. Using default page load timeout: '30'

2018-05-10 21:19:02 - [MESSAGE][PASSED] - Object 'Object Repository/Product page/Header_Products' is present

2018-05-10 21:19:02 - [TEST_STEP][PASSED] - delay: Delayed 2 second(s)

2018-05-10 21:19:04 - [MESSAGE][PASSED] - Delayed 2 second(s)

2018-05-10 21:19:04 - [TEST_STEP][PASSED] - Statement - driver = com.kms.katalon.core.webui.driver.DriverFactory.getWebDriver(): null

2018-05-10 21:19:04 - [TEST_STEP][PASSED] - Statement - Products = driver.findElement(org.openqa.selenium.By.xpath("/html/body/app-root/app-product-list/div/div[2]/div")): null

2018-05-10 21:19:04 - [TEST_STEP][PASSED] - Statement - farmerCards = Products.findElements(org.openqa.selenium.By.className("farmer-card")): null

2018-05-10 21:19:04 - [TEST_STEP][PASSED] - Statement - For ([i = 1, i <= farmerCards.size(), (i++)]): Object: 'Object Repository/Navigation bar/Redirect to product' is clicked on

2018-05-10 21:19:04 - [TEST_STEP][PASSED] - Statement - buttonAddProduct = new com.kms.katalon.core.testobject.TestObject(): null

2018-05-10 21:19:04 - [TEST_STEP][PASSED] - Statement - buttonAddProduct.addProperty("xpath", EQUALS, "/html/body/app-root/app-product-list/div/div[2]/div/div[" + i + "]/a/div[2]/div[2]/button"): null

2018-05-10 21:19:04 - [TEST_STEP][PASSED] - click: Object: '' is clicked on

2018-05-10 21:19:04 - [MESSAGE][PASSED] - Object: '' is clicked on

2018-05-10 21:19:04 - [TEST_STEP][PASSED] - click: Object: 'Object Repository/Navigation bar/Redirect to cart' is clicked on

2018-05-10 21:19:04 - [MESSAGE][PASSED] - Object: 'Object Repository/Navigation bar/Redirect to cart' is clicked on

2018-05-10 21:19:04 - [TEST_STEP][PASSED] - delay: Delayed 1 second(s)

2018-05-10 21:19:05 - [MESSAGE][PASSED] - Delayed 1 second(s)

2018-05-10 21:19:05 - [TEST_STEP][PASSED] - click: Object: 'Object Repository/Navigation bar/Redirect to product' is clicked on

2018-05-10 21:19:06 - [MESSAGE][PASSED] - Object: 'Object Repository/Navigation bar/Redirect to product' is clicked on

2018-05-10 21:19:06 - [TEST_STEP][PASSED] - Statement - buttonAddProduct = new com.kms.katalon.core.testobject.TestObject(): null

2018-05-10 21:19:06 - [TEST_STEP][PASSED] - Statement - buttonAddProduct.addProperty("xpath", EQUALS, "/html/body/app-root/app-product-list/div/div[2]/div/div[" + i + "]/a/div[2]/div[2]/button"): null

2018-05-10 21:19:06 - [TEST_STEP][PASSED] - click: Object: '' is clicked on

2018-05-10 21:19:06 - [MESSAGE][PASSED] - Object: '' is clicked on

2018-05-10 21:19:06 - [TEST_STEP][PASSED] - click: Object: 'Object Repository/Navigation bar/Redirect to cart' is clicked on

2018-05-10 21:19:06 - [MESSAGE][PASSED] - Object: 'Object Repository/Navigation bar/Redirect to cart' is clicked on

2018-05-10 21:19:06 - [TEST_STEP][PASSED] - delay: Delayed 1 second(s)

2018-05-10 21:19:07 - [MESSAGE][PASSED] - Delayed 1 second(s)

2018-05-10 21:19:07 - [TEST_STEP][PASSED] - click: Object: 'Object Repository/Navigation bar/Redirect to product' is clicked on

2018-05-10 21:19:07 - [MESSAGE][PASSED] - Object: 'Object Repository/Navigation bar/Redirect to product' is clicked on

2018-05-10 21:19:07 - [TEST_STEP][PASSED] - Statement - buttonAddProduct = new com.kms.katalon.core.testobject.TestObject(): null

2018-05-10 21:19:07 - [TEST_STEP][PASSED] - Statement - buttonAddProduct.addProperty("xpath", EQUALS, "/html/body/app-root/app-product-list/div/div[2]/div/div[" + i + "]/a/div[2]/div[2]/button"): null

2018-05-10 21:19:07 - [TEST_STEP][PASSED] - click: Object: '' is clicked on

2018-05-10 21:19:07 - [MESSAGE][PASSED] - Object: '' is clicked on

2018-05-10 21:19:07 - [TEST_STEP][PASSED] - click: Object: 'Object Repository/Navigation bar/Redirect to cart' is clicked on

2018-05-10 21:19:07 - [MESSAGE][PASSED] - Object: 'Object Repository/Navigation bar/Redirect to cart' is clicked on

2018-05-10 21:19:07 - [TEST_STEP][PASSED] - delay: Delayed 1 second(s)

2018-05-10 21:19:08 - [MESSAGE][PASSED] - Delayed 1 second(s)

2018-05-10 21:19:08 - [TEST_STEP][PASSED] - click: Object: 'Object Repository/Navigation bar/Redirect to product' is clicked on

2018-05-10 21:19:08 - [MESSAGE][PASSED] - Object: 'Object Repository/Navigation bar/Redirect to product' is clicked on

2018-05-10 21:19:08 - [TEST_STEP][PASSED] - Statement - buttonAddProduct = new com.kms.katalon.core.testobject.TestObject(): null

2018-05-10 21:19:08 - [TEST_STEP][PASSED] - Statement - buttonAddProduct.addProperty("xpath", EQUALS, "/html/body/app-root/app-product-list/div/div[2]/div/div[" + i + "]/a/div[2]/div[2]/button"): null

2018-05-10 21:19:08 - [TEST_STEP][PASSED] - click: Object: '' is clicked on

2018-05-10 21:19:08 - [MESSAGE][PASSED] - Object: '' is clicked on

2018-05-10 21:19:08 - [TEST_STEP][PASSED] - click: Object: 'Object Repository/Navigation bar/Redirect to cart' is clicked on

2018-05-10 21:19:09 - [MESSAGE][PASSED] - Object: 'Object Repository/Navigation bar/Redirect to cart' is clicked on

2018-05-10 21:19:09 - [TEST_STEP][PASSED] - delay: Delayed 1 second(s)

2018-05-10 21:19:10 - [MESSAGE][PASSED] - Delayed 1 second(s)

2018-05-10 21:19:10 - [TEST_STEP][PASSED] - click: Object: 'Object Repository/Navigation bar/Redirect to product' is clicked on

2018-05-10 21:19:10 - [MESSAGE][PASSED] - Object: 'Object Repository/Navigation bar/Redirect to product' is clicked on

2018-05-10 21:19:10 - [TEST_STEP][PASSED] - Statement - buttonAddProduct = new com.kms.katalon.core.testobject.TestObject(): null

2018-05-10 21:19:10 - [TEST_STEP][PASSED] - Statement - buttonAddProduct.addProperty("xpath", EQUALS, "/html/body/app-root/app-product-list/div/div[2]/div/div[" + i + "]/a/div[2]/div[2]/button"): null

2018-05-10 21:19:10 - [TEST_STEP][PASSED] - click: Object: '' is clicked on

2018-05-10 21:19:10 - [MESSAGE][PASSED] - Object: '' is clicked on

2018-05-10 21:19:10 - [TEST_STEP][PASSED] - click: Object: 'Object Repository/Navigation bar/Redirect to cart' is clicked on

2018-05-10 21:19:10 - [MESSAGE][PASSED] - Object: 'Object Repository/Navigation bar/Redirect to cart' is clicked on

2018-05-10 21:19:10 - [TEST_STEP][PASSED] - delay: Delayed 1 second(s)

2018-05-10 21:19:11 - [MESSAGE][PASSED] - Delayed 1 second(s)

2018-05-10 21:19:11 - [TEST_STEP][PASSED] - click: Object: 'Object Repository/Navigation bar/Redirect to product' is clicked on

2018-05-10 21:19:11 - [MESSAGE][PASSED] - Object: 'Object Repository/Navigation bar/Redirect to product' is clicked on

2018-05-10 21:19:11 - [TEST_STEP][PASSED] - delay: Delayed 2 second(s)

2018-05-10 21:19:13 - [MESSAGE][PASSED] - Delayed 2 second(s)

2018-05-10 21:19:13 - [TEST_STEP][PASSED] - click: Object: 'Object Repository/Product page/Logout Button' is clicked on

2018-05-10 21:19:13 - [MESSAGE][PASSED] - Object: 'Object Repository/Product page/Logout Button' is clicked on

2018-05-10 21:19:13 - [TEST_STEP][PASSED] - verifyElementPresent: Object 'Object Repository/Login_Page/Login Header' is present

2018-05-10 21:19:13 - [MESSAGE][PASSED] - Object 'Object Repository/Login_Page/Login Header' is present]]></system-out>
         <system-err><![CDATA[]]></system-err>
      </testcase>
      <testcase name="Test Cases/4-Selecting product and view cart" classname="Test Cases/4-Selecting product and view cart" status="PASSED">
         <system-out><![CDATA[2018-05-10 21:19:13 - [TEST_CASE][PASSED] - Test Cases/4-Selecting product and view cart: Test Cases/4-Selecting product and view cart

2018-05-10 21:19:13 - [TEST_STEP][PASSED] - delay: Delayed 1 second(s)

2018-05-10 21:19:14 - [MESSAGE][PASSED] - Delayed 1 second(s)

2018-05-10 21:19:14 - [TEST_STEP][PASSED] - setText: Text 'hello' is set on object 'Object Repository/Login_Page/input_username'

2018-05-10 21:19:15 - [MESSAGE][PASSED] - Text 'hello' is set on object 'Object Repository/Login_Page/input_username'

2018-05-10 21:19:15 - [TEST_STEP][PASSED] - setText: Text 'hello' is set on object 'Object Repository/Login_Page/input_password'

2018-05-10 21:19:15 - [MESSAGE][PASSED] - Text 'hello' is set on object 'Object Repository/Login_Page/input_password'

2018-05-10 21:19:15 - [TEST_STEP][PASSED] - click: Object: 'Object Repository/Login_Page/button_Login' is clicked on

2018-05-10 21:19:15 - [MESSAGE][PASSED] - Object: 'Object Repository/Login_Page/button_Login' is clicked on

2018-05-10 21:19:15 - [TEST_STEP][PASSED] - waitForElementPresent: Object 'Object Repository/Product page/Header_Products' is present

2018-05-10 21:19:15 - [MESSAGE][WARNING] - Timeout '0' is invalid. Using default page load timeout: '30'

2018-05-10 21:19:15 - [MESSAGE][PASSED] - Object 'Object Repository/Product page/Header_Products' is present

2018-05-10 21:19:15 - [TEST_STEP][PASSED] - delay: Delayed 2 second(s)

2018-05-10 21:19:17 - [MESSAGE][PASSED] - Delayed 2 second(s)

2018-05-10 21:19:17 - [TEST_STEP][PASSED] - Statement - driver = com.kms.katalon.core.webui.driver.DriverFactory.getWebDriver(): null

2018-05-10 21:19:17 - [TEST_STEP][PASSED] - Statement - Products = driver.findElement(org.openqa.selenium.By.xpath("/html/body/app-root/app-product-list/div/div[2]/div")): null

2018-05-10 21:19:17 - [TEST_STEP][PASSED] - Statement - farmerCards = Products.findElements(org.openqa.selenium.By.className("farmer-card")): null

2018-05-10 21:19:17 - [TEST_STEP][PASSED] - Statement - For ([i = 1, i <= farmerCards.size(), (i++)]): Object: 'Object Repository/Navigation bar/Redirect to product' is clicked on

2018-05-10 21:19:17 - [TEST_STEP][PASSED] - Statement - buttonAddProduct = new com.kms.katalon.core.testobject.TestObject(): null

2018-05-10 21:19:17 - [TEST_STEP][PASSED] - Statement - buttonAddProduct.addProperty("xpath", EQUALS, "/html/body/app-root/app-product-list/div/div[2]/div/div[" + i + "]/a/div[2]/div[2]/button"): null

2018-05-10 21:19:17 - [TEST_STEP][PASSED] - click: Object: '' is clicked on

2018-05-10 21:19:18 - [MESSAGE][PASSED] - Object: '' is clicked on

2018-05-10 21:19:18 - [TEST_STEP][PASSED] - click: Object: 'Object Repository/Navigation bar/Redirect to cart' is clicked on

2018-05-10 21:19:18 - [MESSAGE][PASSED] - Object: 'Object Repository/Navigation bar/Redirect to cart' is clicked on

2018-05-10 21:19:18 - [TEST_STEP][PASSED] - delay: Delayed 1 second(s)

2018-05-10 21:19:19 - [MESSAGE][PASSED] - Delayed 1 second(s)

2018-05-10 21:19:19 - [TEST_STEP][PASSED] - click: Object: 'Object Repository/Navigation bar/Redirect to product' is clicked on

2018-05-10 21:19:19 - [MESSAGE][PASSED] - Object: 'Object Repository/Navigation bar/Redirect to product' is clicked on

2018-05-10 21:19:19 - [TEST_STEP][PASSED] - Statement - buttonAddProduct = new com.kms.katalon.core.testobject.TestObject(): null

2018-05-10 21:19:19 - [TEST_STEP][PASSED] - Statement - buttonAddProduct.addProperty("xpath", EQUALS, "/html/body/app-root/app-product-list/div/div[2]/div/div[" + i + "]/a/div[2]/div[2]/button"): null

2018-05-10 21:19:19 - [TEST_STEP][PASSED] - click: Object: '' is clicked on

2018-05-10 21:19:19 - [MESSAGE][PASSED] - Object: '' is clicked on

2018-05-10 21:19:19 - [TEST_STEP][PASSED] - click: Object: 'Object Repository/Navigation bar/Redirect to cart' is clicked on

2018-05-10 21:19:19 - [MESSAGE][PASSED] - Object: 'Object Repository/Navigation bar/Redirect to cart' is clicked on

2018-05-10 21:19:19 - [TEST_STEP][PASSED] - delay: Delayed 1 second(s)

2018-05-10 21:19:20 - [MESSAGE][PASSED] - Delayed 1 second(s)

2018-05-10 21:19:20 - [TEST_STEP][PASSED] - click: Object: 'Object Repository/Navigation bar/Redirect to product' is clicked on

2018-05-10 21:19:20 - [MESSAGE][PASSED] - Object: 'Object Repository/Navigation bar/Redirect to product' is clicked on

2018-05-10 21:19:20 - [TEST_STEP][PASSED] - Statement - buttonAddProduct = new com.kms.katalon.core.testobject.TestObject(): null

2018-05-10 21:19:20 - [TEST_STEP][PASSED] - Statement - buttonAddProduct.addProperty("xpath", EQUALS, "/html/body/app-root/app-product-list/div/div[2]/div/div[" + i + "]/a/div[2]/div[2]/button"): null

2018-05-10 21:19:20 - [TEST_STEP][PASSED] - click: Object: '' is clicked on

2018-05-10 21:19:20 - [MESSAGE][PASSED] - Object: '' is clicked on

2018-05-10 21:19:20 - [TEST_STEP][PASSED] - click: Object: 'Object Repository/Navigation bar/Redirect to cart' is clicked on

2018-05-10 21:19:21 - [MESSAGE][PASSED] - Object: 'Object Repository/Navigation bar/Redirect to cart' is clicked on

2018-05-10 21:19:21 - [TEST_STEP][PASSED] - delay: Delayed 1 second(s)

2018-05-10 21:19:22 - [MESSAGE][PASSED] - Delayed 1 second(s)

2018-05-10 21:19:22 - [TEST_STEP][PASSED] - click: Object: 'Object Repository/Navigation bar/Redirect to product' is clicked on

2018-05-10 21:19:22 - [MESSAGE][PASSED] - Object: 'Object Repository/Navigation bar/Redirect to product' is clicked on

2018-05-10 21:19:22 - [TEST_STEP][PASSED] - Statement - buttonAddProduct = new com.kms.katalon.core.testobject.TestObject(): null

2018-05-10 21:19:22 - [TEST_STEP][PASSED] - Statement - buttonAddProduct.addProperty("xpath", EQUALS, "/html/body/app-root/app-product-list/div/div[2]/div/div[" + i + "]/a/div[2]/div[2]/button"): null

2018-05-10 21:19:22 - [TEST_STEP][PASSED] - click: Object: '' is clicked on

2018-05-10 21:19:22 - [MESSAGE][PASSED] - Object: '' is clicked on

2018-05-10 21:19:22 - [TEST_STEP][PASSED] - click: Object: 'Object Repository/Navigation bar/Redirect to cart' is clicked on

2018-05-10 21:19:22 - [MESSAGE][PASSED] - Object: 'Object Repository/Navigation bar/Redirect to cart' is clicked on

2018-05-10 21:19:22 - [TEST_STEP][PASSED] - delay: Delayed 1 second(s)

2018-05-10 21:19:23 - [MESSAGE][PASSED] - Delayed 1 second(s)

2018-05-10 21:19:23 - [TEST_STEP][PASSED] - click: Object: 'Object Repository/Navigation bar/Redirect to product' is clicked on

2018-05-10 21:19:23 - [MESSAGE][PASSED] - Object: 'Object Repository/Navigation bar/Redirect to product' is clicked on

2018-05-10 21:19:23 - [TEST_STEP][PASSED] - Statement - buttonAddProduct = new com.kms.katalon.core.testobject.TestObject(): null

2018-05-10 21:19:23 - [TEST_STEP][PASSED] - Statement - buttonAddProduct.addProperty("xpath", EQUALS, "/html/body/app-root/app-product-list/div/div[2]/div/div[" + i + "]/a/div[2]/div[2]/button"): null

2018-05-10 21:19:23 - [TEST_STEP][PASSED] - click: Object: '' is clicked on

2018-05-10 21:19:23 - [MESSAGE][PASSED] - Object: '' is clicked on

2018-05-10 21:19:23 - [TEST_STEP][PASSED] - click: Object: 'Object Repository/Navigation bar/Redirect to cart' is clicked on

2018-05-10 21:19:23 - [MESSAGE][PASSED] - Object: 'Object Repository/Navigation bar/Redirect to cart' is clicked on

2018-05-10 21:19:23 - [TEST_STEP][PASSED] - delay: Delayed 1 second(s)

2018-05-10 21:19:24 - [MESSAGE][PASSED] - Delayed 1 second(s)

2018-05-10 21:19:24 - [TEST_STEP][PASSED] - click: Object: 'Object Repository/Navigation bar/Redirect to product' is clicked on

2018-05-10 21:19:24 - [MESSAGE][PASSED] - Object: 'Object Repository/Navigation bar/Redirect to product' is clicked on

2018-05-10 21:19:24 - [TEST_STEP][PASSED] - delay: Delayed 2 second(s)

2018-05-10 21:19:26 - [MESSAGE][PASSED] - Delayed 2 second(s)

2018-05-10 21:19:26 - [TEST_STEP][PASSED] - click: Object: 'Object Repository/Product page/Logout Button' is clicked on

2018-05-10 21:19:27 - [MESSAGE][PASSED] - Object: 'Object Repository/Product page/Logout Button' is clicked on

2018-05-10 21:19:27 - [TEST_STEP][PASSED] - verifyElementPresent: Object 'Object Repository/Login_Page/Login Header' is present

2018-05-10 21:19:27 - [MESSAGE][PASSED] - Object 'Object Repository/Login_Page/Login Header' is present]]></system-out>
         <system-err><![CDATA[]]></system-err>
      </testcase>
      <testcase name="Test Cases/Exit browser" classname="Test Cases/Exit browser" status="PASSED">
         <system-out><![CDATA[2018-05-10 21:19:27 - [TEST_CASE][PASSED] - Test Cases/Exit browser: Test Cases/Exit browser

2018-05-10 21:19:27 - [TEST_STEP][PASSED] - closeBrowser: Browser is closed

2018-05-10 21:19:27 - [MESSAGE][PASSED] - Browser is closed]]></system-out>
         <system-err><![CDATA[]]></system-err>
      </testcase>
      <system-out><![CDATA[2018-05-10 21:18:41 - [TEST_SUITE][PASSED] - Select product and view cart: Test Cases/Exit browser]]></system-out>
      <system-err><![CDATA[]]></system-err>
   </testsuite>
</testsuites>
