<?xml version="1.0" encoding="UTF-8"?>
<testsuites name="Test selecting and updating amount in cart page change total price" time="172" tests="4" failures="0" errors="0">
   <testsuite name="Test selecting and updating amount in cart page change total price" tests="4" failures="0" errors="0" time="172" timestamp="2018-05-09 12:37:34" hostname="Donut - DESKTOP-IGTTMO3" id="Test Suites/Test selecting and updating amount in cart page change total price">
      <properties>
         <property name="deviceName" value=""/>
         <property name="devicePlatform" value=""/>
         <property name="logFolder" value="C:\\Users\\Donut\\git\\234-project-katalon-test\\Reports\\Test selecting and updating amount in cart page change total price\\20180509_123732"/>
         <property name="logFiles" value="C:\\Users\\Donut\\git\\234-project-katalon-test\\Reports\\Test selecting and updating amount in cart page change total price\\20180509_123732\\execution0.log"/>
         <property name="attachments" value=""/>
         <property name="hostName" value="Donut - DESKTOP-IGTTMO3"/>
         <property name="os" value="Windows 10 64bit"/>
         <property name="katalonVersion" value="5.3.1.1"/>
         <property name="browser" value="Chrome 66.0.3359.139"/>
         <property name="hostAddress" value="172.20.10.2"/>
         <property name="sessionId" value="c21de3d72fdbcd96f5717f81c9a0401a"/>
         <property name="seleniumVersion" value="3.7.1"/>
         <property name="proxyInformation" value="ProxyInformation{proxyOption=NO_PROXY, proxyServerType=HTTP, password=, proxyServerAddress=, proxyServerPort=0}"/>
         <property name="platform" value="Windows 10"/>
      </properties>
      <testcase name="Test Cases/Change amount in cart" classname="Test Cases/Change amount in cart" status="PASSED">
         <system-out><![CDATA[2018-05-09 12:37:34 - [TEST_CASE][PASSED] - Test Cases/Change amount in cart: Test Cases/Change amount in cart

2018-05-09 12:37:35 - [TEST_STEP][PASSED] - openBrowser: Browser is opened with url: ''

2018-05-09 12:37:39 - [MESSAGE][PASSED] - Browser is opened with url: ''

2018-05-09 12:37:39 - [TEST_STEP][PASSED] - navigateToUrl: Navigate to 'http://54.71.80.147:8086/' successfully

2018-05-09 12:37:52 - [MESSAGE][PASSED] - Navigate to 'http://54.71.80.147:8086/' successfully

2018-05-09 12:37:52 - [TEST_STEP][PASSED] - setText: Text 'user' is set on object 'Object Repository/Login_Page/input_username'

2018-05-09 12:37:53 - [MESSAGE][PASSED] - Text 'user' is set on object 'Object Repository/Login_Page/input_username'

2018-05-09 12:37:53 - [TEST_STEP][PASSED] - setText: Text 'user' is set on object 'Object Repository/Login_Page/input_password'

2018-05-09 12:37:53 - [MESSAGE][PASSED] - Text 'user' is set on object 'Object Repository/Login_Page/input_password'

2018-05-09 12:37:53 - [TEST_STEP][PASSED] - click: Object: 'Object Repository/Login_Page/button_Login' is clicked on

2018-05-09 12:37:53 - [MESSAGE][PASSED] - Object: 'Object Repository/Login_Page/button_Login' is clicked on

2018-05-09 12:37:53 - [TEST_STEP][PASSED] - delay: Delayed 2 second(s)

2018-05-09 12:37:55 - [MESSAGE][PASSED] - Delayed 2 second(s)

2018-05-09 12:37:55 - [TEST_STEP][PASSED] - waitForElementPresent: Object 'Object Repository/Main_Page/h2_Products' is present

2018-05-09 12:37:55 - [MESSAGE][PASSED] - Object 'Object Repository/Main_Page/h2_Products' is present

2018-05-09 12:37:55 - [TEST_STEP][PASSED] - delay: Delayed 5 second(s)

2018-05-09 12:38:00 - [MESSAGE][PASSED] - Delayed 5 second(s)

2018-05-09 12:38:00 - [TEST_STEP][PASSED] - Statement - driver = com.kms.katalon.core.webui.driver.DriverFactory.getWebDriver(): null

2018-05-09 12:38:00 - [TEST_STEP][PASSED] - Statement - Products = driver.findElement(org.openqa.selenium.By.xpath("/html/body/app-root/app-product-list/div/div[2]/div")): null

2018-05-09 12:38:00 - [TEST_STEP][PASSED] - Statement - farmerCards = Products.findElements(org.openqa.selenium.By.className("farmer-card")): null

2018-05-09 12:38:00 - [TEST_STEP][PASSED] - Statement - For ([i = 1, i <= farmerCards.size(), (i++)]): Actual text and expected text of test object 'Object Repository/Product page/cart amount label' are matched.

2018-05-09 12:38:00 - [TEST_STEP][PASSED] - Statement - buttonAddProduct = new com.kms.katalon.core.testobject.TestObject(): null

2018-05-09 12:38:00 - [TEST_STEP][PASSED] - Statement - buttonAddProduct.addProperty("xpath", EQUALS, "/html/body/app-root/app-product-list/div/div[2]/div/div[" + i + "]/a/div[2]/div[2]/button"): null

2018-05-09 12:38:00 - [TEST_STEP][PASSED] - verifyElementText: Actual text and expected text of test object '' are matched.

2018-05-09 12:38:01 - [MESSAGE][PASSED] - Actual text and expected text of test object '' are matched.

2018-05-09 12:38:01 - [TEST_STEP][PASSED] - click: Object: '' is clicked on

2018-05-09 12:38:01 - [MESSAGE][PASSED] - Object: '' is clicked on

2018-05-09 12:38:01 - [TEST_STEP][PASSED] - verifyElementText: Actual text and expected text of test object '' are matched.

2018-05-09 12:38:01 - [MESSAGE][PASSED] - Actual text and expected text of test object '' are matched.

2018-05-09 12:38:01 - [TEST_STEP][PASSED] - Statement - println(buttonAddProduct): null

2018-05-09 12:38:01 - [TEST_STEP][PASSED] - verifyElementText: Actual text and expected text of test object 'Object Repository/Product page/cart amount label' are matched.

2018-05-09 12:38:01 - [MESSAGE][PASSED] - Actual text and expected text of test object 'Object Repository/Product page/cart amount label' are matched.

2018-05-09 12:38:01 - [TEST_STEP][PASSED] - Statement - buttonAddProduct = new com.kms.katalon.core.testobject.TestObject(): null

2018-05-09 12:38:01 - [TEST_STEP][PASSED] - Statement - buttonAddProduct.addProperty("xpath", EQUALS, "/html/body/app-root/app-product-list/div/div[2]/div/div[" + i + "]/a/div[2]/div[2]/button"): null

2018-05-09 12:38:01 - [TEST_STEP][PASSED] - verifyElementText: Actual text and expected text of test object '' are matched.

2018-05-09 12:38:01 - [MESSAGE][PASSED] - Actual text and expected text of test object '' are matched.

2018-05-09 12:38:01 - [TEST_STEP][PASSED] - click: Object: '' is clicked on

2018-05-09 12:38:01 - [MESSAGE][PASSED] - Object: '' is clicked on

2018-05-09 12:38:01 - [TEST_STEP][PASSED] - verifyElementText: Actual text and expected text of test object '' are matched.

2018-05-09 12:38:01 - [MESSAGE][PASSED] - Actual text and expected text of test object '' are matched.

2018-05-09 12:38:01 - [TEST_STEP][PASSED] - Statement - println(buttonAddProduct): null

2018-05-09 12:38:01 - [TEST_STEP][PASSED] - verifyElementText: Actual text and expected text of test object 'Object Repository/Product page/cart amount label' are matched.

2018-05-09 12:38:01 - [MESSAGE][PASSED] - Actual text and expected text of test object 'Object Repository/Product page/cart amount label' are matched.

2018-05-09 12:38:01 - [TEST_STEP][PASSED] - Statement - buttonAddProduct = new com.kms.katalon.core.testobject.TestObject(): null

2018-05-09 12:38:01 - [TEST_STEP][PASSED] - Statement - buttonAddProduct.addProperty("xpath", EQUALS, "/html/body/app-root/app-product-list/div/div[2]/div/div[" + i + "]/a/div[2]/div[2]/button"): null

2018-05-09 12:38:01 - [TEST_STEP][PASSED] - verifyElementText: Actual text and expected text of test object '' are matched.

2018-05-09 12:38:01 - [MESSAGE][PASSED] - Actual text and expected text of test object '' are matched.

2018-05-09 12:38:01 - [TEST_STEP][PASSED] - click: Object: '' is clicked on

2018-05-09 12:38:01 - [MESSAGE][PASSED] - Object: '' is clicked on

2018-05-09 12:38:01 - [TEST_STEP][PASSED] - verifyElementText: Actual text and expected text of test object '' are matched.

2018-05-09 12:38:01 - [MESSAGE][PASSED] - Actual text and expected text of test object '' are matched.

2018-05-09 12:38:01 - [TEST_STEP][PASSED] - Statement - println(buttonAddProduct): null

2018-05-09 12:38:01 - [TEST_STEP][PASSED] - verifyElementText: Actual text and expected text of test object 'Object Repository/Product page/cart amount label' are matched.

2018-05-09 12:38:02 - [MESSAGE][PASSED] - Actual text and expected text of test object 'Object Repository/Product page/cart amount label' are matched.

2018-05-09 12:38:02 - [TEST_STEP][PASSED] - Statement - buttonAddProduct = new com.kms.katalon.core.testobject.TestObject(): null

2018-05-09 12:38:02 - [TEST_STEP][PASSED] - Statement - buttonAddProduct.addProperty("xpath", EQUALS, "/html/body/app-root/app-product-list/div/div[2]/div/div[" + i + "]/a/div[2]/div[2]/button"): null

2018-05-09 12:38:02 - [TEST_STEP][PASSED] - verifyElementText: Actual text and expected text of test object '' are matched.

2018-05-09 12:38:02 - [MESSAGE][PASSED] - Actual text and expected text of test object '' are matched.

2018-05-09 12:38:02 - [TEST_STEP][PASSED] - click: Object: '' is clicked on

2018-05-09 12:38:02 - [MESSAGE][PASSED] - Object: '' is clicked on

2018-05-09 12:38:02 - [TEST_STEP][PASSED] - verifyElementText: Actual text and expected text of test object '' are matched.

2018-05-09 12:38:02 - [MESSAGE][PASSED] - Actual text and expected text of test object '' are matched.

2018-05-09 12:38:02 - [TEST_STEP][PASSED] - Statement - println(buttonAddProduct): null

2018-05-09 12:38:02 - [TEST_STEP][PASSED] - verifyElementText: Actual text and expected text of test object 'Object Repository/Product page/cart amount label' are matched.

2018-05-09 12:38:02 - [MESSAGE][PASSED] - Actual text and expected text of test object 'Object Repository/Product page/cart amount label' are matched.

2018-05-09 12:38:02 - [TEST_STEP][PASSED] - Statement - buttonAddProduct = new com.kms.katalon.core.testobject.TestObject(): null

2018-05-09 12:38:02 - [TEST_STEP][PASSED] - Statement - buttonAddProduct.addProperty("xpath", EQUALS, "/html/body/app-root/app-product-list/div/div[2]/div/div[" + i + "]/a/div[2]/div[2]/button"): null

2018-05-09 12:38:02 - [TEST_STEP][PASSED] - verifyElementText: Actual text and expected text of test object '' are matched.

2018-05-09 12:38:02 - [MESSAGE][PASSED] - Actual text and expected text of test object '' are matched.

2018-05-09 12:38:02 - [TEST_STEP][PASSED] - click: Object: '' is clicked on

2018-05-09 12:38:02 - [MESSAGE][PASSED] - Object: '' is clicked on

2018-05-09 12:38:02 - [TEST_STEP][PASSED] - verifyElementText: Actual text and expected text of test object '' are matched.

2018-05-09 12:38:02 - [MESSAGE][PASSED] - Actual text and expected text of test object '' are matched.

2018-05-09 12:38:02 - [TEST_STEP][PASSED] - Statement - println(buttonAddProduct): null

2018-05-09 12:38:02 - [TEST_STEP][PASSED] - verifyElementText: Actual text and expected text of test object 'Object Repository/Product page/cart amount label' are matched.

2018-05-09 12:38:02 - [MESSAGE][PASSED] - Actual text and expected text of test object 'Object Repository/Product page/cart amount label' are matched.

2018-05-09 12:38:02 - [TEST_STEP][PASSED] - delay: Delayed 2 second(s)

2018-05-09 12:38:04 - [MESSAGE][PASSED] - Delayed 2 second(s)

2018-05-09 12:38:04 - [TEST_STEP][PASSED] - click: Object: 'Object Repository/Main_Page/a_Carts' is clicked on

2018-05-09 12:38:04 - [MESSAGE][PASSED] - Object: 'Object Repository/Main_Page/a_Carts' is clicked on

2018-05-09 12:38:04 - [TEST_STEP][PASSED] - delay: Delayed 2 second(s)

2018-05-09 12:38:06 - [MESSAGE][PASSED] - Delayed 2 second(s)

2018-05-09 12:38:06 - [TEST_STEP][PASSED] - Statement - items = driver.findElement(org.openqa.selenium.By.xpath("/html/body/app-root/app-cart-list/div/div/table")): null

2018-05-09 12:38:06 - [TEST_STEP][PASSED] - Statement - itemInTable = items.findElements(org.openqa.selenium.By.tagName("tr")): null

2018-05-09 12:38:06 - [TEST_STEP][PASSED] - Statement - prices = []: null

2018-05-09 12:38:06 - [TEST_STEP][PASSED] - Statement - For ([i = 1, i < size, (i++)]): null

2018-05-09 12:38:06 - [TEST_STEP][PASSED] - Statement - product = new com.kms.katalon.core.testobject.TestObject(): null

2018-05-09 12:38:06 - [TEST_STEP][PASSED] - Statement - product.addProperty("xpath", EQUALS, "//*[@id="add-row"]/div/table/tbody/tr[" + i + "]/td[2]"): null

2018-05-09 12:38:06 - [TEST_STEP][PASSED] - Statement - prices[i] = java.lang.Integer.parseInt(com.kms.katalon.core.webui.keyword.WebUiBuiltInKeywords.getText(product).replace(" THB", "").replace(",", "")): Text of object '' is: '20,000 THB'

2018-05-09 12:38:07 - [MESSAGE][PASSED] - Text of object '' is: '20,000 THB'

2018-05-09 12:38:07 - [TEST_STEP][PASSED] - Statement - println("No:" + i + "price" + prices[i]): null

2018-05-09 12:38:07 - [TEST_STEP][PASSED] - Statement - product = new com.kms.katalon.core.testobject.TestObject(): null

2018-05-09 12:38:07 - [TEST_STEP][PASSED] - Statement - product.addProperty("xpath", EQUALS, "//*[@id="add-row"]/div/table/tbody/tr[" + i + "]/td[2]"): null

2018-05-09 12:38:07 - [TEST_STEP][PASSED] - Statement - prices[i] = java.lang.Integer.parseInt(com.kms.katalon.core.webui.keyword.WebUiBuiltInKeywords.getText(product).replace(" THB", "").replace(",", "")): Text of object '' is: '150 THB'

2018-05-09 12:38:07 - [MESSAGE][PASSED] - Text of object '' is: '150 THB'

2018-05-09 12:38:07 - [TEST_STEP][PASSED] - Statement - println("No:" + i + "price" + prices[i]): null

2018-05-09 12:38:07 - [TEST_STEP][PASSED] - Statement - product = new com.kms.katalon.core.testobject.TestObject(): null

2018-05-09 12:38:07 - [TEST_STEP][PASSED] - Statement - product.addProperty("xpath", EQUALS, "//*[@id="add-row"]/div/table/tbody/tr[" + i + "]/td[2]"): null

2018-05-09 12:38:07 - [TEST_STEP][PASSED] - Statement - prices[i] = java.lang.Integer.parseInt(com.kms.katalon.core.webui.keyword.WebUiBuiltInKeywords.getText(product).replace(" THB", "").replace(",", "")): Text of object '' is: '280 THB'

2018-05-09 12:38:07 - [MESSAGE][PASSED] - Text of object '' is: '280 THB'

2018-05-09 12:38:07 - [TEST_STEP][PASSED] - Statement - println("No:" + i + "price" + prices[i]): null

2018-05-09 12:38:07 - [TEST_STEP][PASSED] - Statement - product = new com.kms.katalon.core.testobject.TestObject(): null

2018-05-09 12:38:07 - [TEST_STEP][PASSED] - Statement - product.addProperty("xpath", EQUALS, "//*[@id="add-row"]/div/table/tbody/tr[" + i + "]/td[2]"): null

2018-05-09 12:38:07 - [TEST_STEP][PASSED] - Statement - prices[i] = java.lang.Integer.parseInt(com.kms.katalon.core.webui.keyword.WebUiBuiltInKeywords.getText(product).replace(" THB", "").replace(",", "")): Text of object '' is: '12 THB'

2018-05-09 12:38:07 - [MESSAGE][PASSED] - Text of object '' is: '12 THB'

2018-05-09 12:38:07 - [TEST_STEP][PASSED] - Statement - println("No:" + i + "price" + prices[i]): null

2018-05-09 12:38:07 - [TEST_STEP][PASSED] - Statement - product = new com.kms.katalon.core.testobject.TestObject(): null

2018-05-09 12:38:07 - [TEST_STEP][PASSED] - Statement - product.addProperty("xpath", EQUALS, "//*[@id="add-row"]/div/table/tbody/tr[" + i + "]/td[2]"): null

2018-05-09 12:38:07 - [TEST_STEP][PASSED] - Statement - prices[i] = java.lang.Integer.parseInt(com.kms.katalon.core.webui.keyword.WebUiBuiltInKeywords.getText(product).replace(" THB", "").replace(",", "")): Text of object '' is: '20 THB'

2018-05-09 12:38:07 - [MESSAGE][PASSED] - Text of object '' is: '20 THB'

2018-05-09 12:38:07 - [TEST_STEP][PASSED] - Statement - println("No:" + i + "price" + prices[i]): null

2018-05-09 12:38:07 - [TEST_STEP][PASSED] - setText: Text '2' is set on object 'Object Repository/carting/Page_ProjectBackend/item1'

2018-05-09 12:38:07 - [MESSAGE][PASSED] - Text '2' is set on object 'Object Repository/carting/Page_ProjectBackend/item1'

2018-05-09 12:38:07 - [TEST_STEP][PASSED] - setText: Text '4' is set on object 'Object Repository/carting/Page_ProjectBackend/item2'

2018-05-09 12:38:07 - [MESSAGE][PASSED] - Text '4' is set on object 'Object Repository/carting/Page_ProjectBackend/item2'

2018-05-09 12:38:07 - [TEST_STEP][PASSED] - setText: Text '5' is set on object 'Object Repository/carting/Page_ProjectBackend/item3'

2018-05-09 12:38:07 - [MESSAGE][PASSED] - Text '5' is set on object 'Object Repository/carting/Page_ProjectBackend/item3'

2018-05-09 12:38:07 - [TEST_STEP][PASSED] - setText: Text '1' is set on object 'Object Repository/carting/Page_ProjectBackend/item4'

2018-05-09 12:38:08 - [MESSAGE][PASSED] - Text '1' is set on object 'Object Repository/carting/Page_ProjectBackend/item4'

2018-05-09 12:38:08 - [TEST_STEP][PASSED] - setText: Text '3' is set on object 'Object Repository/carting/Page_ProjectBackend/item5'

2018-05-09 12:38:08 - [MESSAGE][PASSED] - Text '3' is set on object 'Object Repository/carting/Page_ProjectBackend/item5'

2018-05-09 12:38:08 - [TEST_STEP][PASSED] - Statement - finalPrice = finalPrice + java.lang.Integer.parseInt(item_1_amount) * prices[1]: null

2018-05-09 12:38:08 - [TEST_STEP][PASSED] - Statement - finalPrice = finalPrice + java.lang.Integer.parseInt(item_2_amount) * prices[2]: null

2018-05-09 12:38:08 - [TEST_STEP][PASSED] - Statement - finalPrice = finalPrice + java.lang.Integer.parseInt(item_3_amount) * prices[3]: null

2018-05-09 12:38:08 - [TEST_STEP][PASSED] - Statement - finalPrice = finalPrice + java.lang.Integer.parseInt(item_4_amount) * prices[4]: null

2018-05-09 12:38:08 - [TEST_STEP][PASSED] - Statement - finalPrice = finalPrice + java.lang.Integer.parseInt(item_5_amount) * prices[5]: null

2018-05-09 12:38:08 - [TEST_STEP][PASSED] - Statement - priceInString = java.lang.String.format("%,d", finalPrice): null

2018-05-09 12:38:08 - [TEST_STEP][PASSED] - Statement - println(priceInString): null

2018-05-09 12:38:08 - [TEST_STEP][PASSED] - delay: Delayed 5 second(s)

2018-05-09 12:38:13 - [MESSAGE][PASSED] - Delayed 5 second(s)

2018-05-09 12:38:13 - [TEST_STEP][PASSED] - verifyElementText: Actual text and expected text of test object 'Object Repository/carting/Page_ProjectBackend/Total price  label' are matched.

2018-05-09 12:38:13 - [MESSAGE][PASSED] - Actual text and expected text of test object 'Object Repository/carting/Page_ProjectBackend/Total price  label' are matched.

2018-05-09 12:38:13 - [TEST_STEP][PASSED] - delay: Delayed 5 second(s)

2018-05-09 12:38:18 - [MESSAGE][PASSED] - Delayed 5 second(s)]]></system-out>
         <system-err><![CDATA[]]></system-err>
      </testcase>
      <testcase name="Test Cases/Change amount in cart" classname="Test Cases/Change amount in cart" status="PASSED">
         <system-out><![CDATA[2018-05-09 12:38:18 - [TEST_CASE][PASSED] - Test Cases/Change amount in cart: Test Cases/Change amount in cart

2018-05-09 12:38:18 - [TEST_STEP][PASSED] - openBrowser: Browser is opened with url: ''

2018-05-09 12:38:18 - [MESSAGE][WARNING] - A browser is already opened. Closing browser and opening a new one

2018-05-09 12:38:21 - [MESSAGE][PASSED] - Browser is opened with url: ''

2018-05-09 12:38:21 - [TEST_STEP][PASSED] - navigateToUrl: Navigate to 'http://54.71.80.147:8086/' successfully

2018-05-09 12:38:35 - [MESSAGE][PASSED] - Navigate to 'http://54.71.80.147:8086/' successfully

2018-05-09 12:38:35 - [TEST_STEP][PASSED] - setText: Text 'user' is set on object 'Object Repository/Login_Page/input_username'

2018-05-09 12:38:35 - [MESSAGE][PASSED] - Text 'user' is set on object 'Object Repository/Login_Page/input_username'

2018-05-09 12:38:35 - [TEST_STEP][PASSED] - setText: Text 'user' is set on object 'Object Repository/Login_Page/input_password'

2018-05-09 12:38:35 - [MESSAGE][PASSED] - Text 'user' is set on object 'Object Repository/Login_Page/input_password'

2018-05-09 12:38:35 - [TEST_STEP][PASSED] - click: Object: 'Object Repository/Login_Page/button_Login' is clicked on

2018-05-09 12:38:36 - [MESSAGE][PASSED] - Object: 'Object Repository/Login_Page/button_Login' is clicked on

2018-05-09 12:38:36 - [TEST_STEP][PASSED] - delay: Delayed 2 second(s)

2018-05-09 12:38:38 - [MESSAGE][PASSED] - Delayed 2 second(s)

2018-05-09 12:38:38 - [TEST_STEP][PASSED] - waitForElementPresent: Object 'Object Repository/Main_Page/h2_Products' is present

2018-05-09 12:38:38 - [MESSAGE][PASSED] - Object 'Object Repository/Main_Page/h2_Products' is present

2018-05-09 12:38:38 - [TEST_STEP][PASSED] - delay: Delayed 5 second(s)

2018-05-09 12:38:43 - [MESSAGE][PASSED] - Delayed 5 second(s)

2018-05-09 12:38:43 - [TEST_STEP][PASSED] - Statement - driver = com.kms.katalon.core.webui.driver.DriverFactory.getWebDriver(): null

2018-05-09 12:38:43 - [TEST_STEP][PASSED] - Statement - Products = driver.findElement(org.openqa.selenium.By.xpath("/html/body/app-root/app-product-list/div/div[2]/div")): null

2018-05-09 12:38:43 - [TEST_STEP][PASSED] - Statement - farmerCards = Products.findElements(org.openqa.selenium.By.className("farmer-card")): null

2018-05-09 12:38:43 - [TEST_STEP][PASSED] - Statement - For ([i = 1, i <= farmerCards.size(), (i++)]): Actual text and expected text of test object 'Object Repository/Product page/cart amount label' are matched.

2018-05-09 12:38:43 - [TEST_STEP][PASSED] - Statement - buttonAddProduct = new com.kms.katalon.core.testobject.TestObject(): null

2018-05-09 12:38:43 - [TEST_STEP][PASSED] - Statement - buttonAddProduct.addProperty("xpath", EQUALS, "/html/body/app-root/app-product-list/div/div[2]/div/div[" + i + "]/a/div[2]/div[2]/button"): null

2018-05-09 12:38:43 - [TEST_STEP][PASSED] - verifyElementText: Actual text and expected text of test object '' are matched.

2018-05-09 12:38:43 - [MESSAGE][PASSED] - Actual text and expected text of test object '' are matched.

2018-05-09 12:38:43 - [TEST_STEP][PASSED] - click: Object: '' is clicked on

2018-05-09 12:38:43 - [MESSAGE][PASSED] - Object: '' is clicked on

2018-05-09 12:38:43 - [TEST_STEP][PASSED] - verifyElementText: Actual text and expected text of test object '' are matched.

2018-05-09 12:38:43 - [MESSAGE][PASSED] - Actual text and expected text of test object '' are matched.

2018-05-09 12:38:43 - [TEST_STEP][PASSED] - Statement - println(buttonAddProduct): null

2018-05-09 12:38:43 - [TEST_STEP][PASSED] - verifyElementText: Actual text and expected text of test object 'Object Repository/Product page/cart amount label' are matched.

2018-05-09 12:38:43 - [MESSAGE][PASSED] - Actual text and expected text of test object 'Object Repository/Product page/cart amount label' are matched.

2018-05-09 12:38:43 - [TEST_STEP][PASSED] - Statement - buttonAddProduct = new com.kms.katalon.core.testobject.TestObject(): null

2018-05-09 12:38:43 - [TEST_STEP][PASSED] - Statement - buttonAddProduct.addProperty("xpath", EQUALS, "/html/body/app-root/app-product-list/div/div[2]/div/div[" + i + "]/a/div[2]/div[2]/button"): null

2018-05-09 12:38:43 - [TEST_STEP][PASSED] - verifyElementText: Actual text and expected text of test object '' are matched.

2018-05-09 12:38:43 - [MESSAGE][PASSED] - Actual text and expected text of test object '' are matched.

2018-05-09 12:38:43 - [TEST_STEP][PASSED] - click: Object: '' is clicked on

2018-05-09 12:38:43 - [MESSAGE][PASSED] - Object: '' is clicked on

2018-05-09 12:38:43 - [TEST_STEP][PASSED] - verifyElementText: Actual text and expected text of test object '' are matched.

2018-05-09 12:38:43 - [MESSAGE][PASSED] - Actual text and expected text of test object '' are matched.

2018-05-09 12:38:43 - [TEST_STEP][PASSED] - Statement - println(buttonAddProduct): null

2018-05-09 12:38:43 - [TEST_STEP][PASSED] - verifyElementText: Actual text and expected text of test object 'Object Repository/Product page/cart amount label' are matched.

2018-05-09 12:38:43 - [MESSAGE][PASSED] - Actual text and expected text of test object 'Object Repository/Product page/cart amount label' are matched.

2018-05-09 12:38:43 - [TEST_STEP][PASSED] - Statement - buttonAddProduct = new com.kms.katalon.core.testobject.TestObject(): null

2018-05-09 12:38:43 - [TEST_STEP][PASSED] - Statement - buttonAddProduct.addProperty("xpath", EQUALS, "/html/body/app-root/app-product-list/div/div[2]/div/div[" + i + "]/a/div[2]/div[2]/button"): null

2018-05-09 12:38:43 - [TEST_STEP][PASSED] - verifyElementText: Actual text and expected text of test object '' are matched.

2018-05-09 12:38:44 - [MESSAGE][PASSED] - Actual text and expected text of test object '' are matched.

2018-05-09 12:38:44 - [TEST_STEP][PASSED] - click: Object: '' is clicked on

2018-05-09 12:38:44 - [MESSAGE][PASSED] - Object: '' is clicked on

2018-05-09 12:38:44 - [TEST_STEP][PASSED] - verifyElementText: Actual text and expected text of test object '' are matched.

2018-05-09 12:38:44 - [MESSAGE][PASSED] - Actual text and expected text of test object '' are matched.

2018-05-09 12:38:44 - [TEST_STEP][PASSED] - Statement - println(buttonAddProduct): null

2018-05-09 12:38:44 - [TEST_STEP][PASSED] - verifyElementText: Actual text and expected text of test object 'Object Repository/Product page/cart amount label' are matched.

2018-05-09 12:38:44 - [MESSAGE][PASSED] - Actual text and expected text of test object 'Object Repository/Product page/cart amount label' are matched.

2018-05-09 12:38:44 - [TEST_STEP][PASSED] - Statement - buttonAddProduct = new com.kms.katalon.core.testobject.TestObject(): null

2018-05-09 12:38:44 - [TEST_STEP][PASSED] - Statement - buttonAddProduct.addProperty("xpath", EQUALS, "/html/body/app-root/app-product-list/div/div[2]/div/div[" + i + "]/a/div[2]/div[2]/button"): null

2018-05-09 12:38:44 - [TEST_STEP][PASSED] - verifyElementText: Actual text and expected text of test object '' are matched.

2018-05-09 12:38:44 - [MESSAGE][PASSED] - Actual text and expected text of test object '' are matched.

2018-05-09 12:38:44 - [TEST_STEP][PASSED] - click: Object: '' is clicked on

2018-05-09 12:38:44 - [MESSAGE][PASSED] - Object: '' is clicked on

2018-05-09 12:38:44 - [TEST_STEP][PASSED] - verifyElementText: Actual text and expected text of test object '' are matched.

2018-05-09 12:38:44 - [MESSAGE][PASSED] - Actual text and expected text of test object '' are matched.

2018-05-09 12:38:44 - [TEST_STEP][PASSED] - Statement - println(buttonAddProduct): null

2018-05-09 12:38:44 - [TEST_STEP][PASSED] - verifyElementText: Actual text and expected text of test object 'Object Repository/Product page/cart amount label' are matched.

2018-05-09 12:38:44 - [MESSAGE][PASSED] - Actual text and expected text of test object 'Object Repository/Product page/cart amount label' are matched.

2018-05-09 12:38:44 - [TEST_STEP][PASSED] - Statement - buttonAddProduct = new com.kms.katalon.core.testobject.TestObject(): null

2018-05-09 12:38:44 - [TEST_STEP][PASSED] - Statement - buttonAddProduct.addProperty("xpath", EQUALS, "/html/body/app-root/app-product-list/div/div[2]/div/div[" + i + "]/a/div[2]/div[2]/button"): null

2018-05-09 12:38:44 - [TEST_STEP][PASSED] - verifyElementText: Actual text and expected text of test object '' are matched.

2018-05-09 12:38:44 - [MESSAGE][PASSED] - Actual text and expected text of test object '' are matched.

2018-05-09 12:38:44 - [TEST_STEP][PASSED] - click: Object: '' is clicked on

2018-05-09 12:38:44 - [MESSAGE][PASSED] - Object: '' is clicked on

2018-05-09 12:38:44 - [TEST_STEP][PASSED] - verifyElementText: Actual text and expected text of test object '' are matched.

2018-05-09 12:38:44 - [MESSAGE][PASSED] - Actual text and expected text of test object '' are matched.

2018-05-09 12:38:44 - [TEST_STEP][PASSED] - Statement - println(buttonAddProduct): null

2018-05-09 12:38:44 - [TEST_STEP][PASSED] - verifyElementText: Actual text and expected text of test object 'Object Repository/Product page/cart amount label' are matched.

2018-05-09 12:38:44 - [MESSAGE][PASSED] - Actual text and expected text of test object 'Object Repository/Product page/cart amount label' are matched.

2018-05-09 12:38:44 - [TEST_STEP][PASSED] - delay: Delayed 2 second(s)

2018-05-09 12:38:46 - [MESSAGE][PASSED] - Delayed 2 second(s)

2018-05-09 12:38:46 - [TEST_STEP][PASSED] - click: Object: 'Object Repository/Main_Page/a_Carts' is clicked on

2018-05-09 12:38:47 - [MESSAGE][PASSED] - Object: 'Object Repository/Main_Page/a_Carts' is clicked on

2018-05-09 12:38:47 - [TEST_STEP][PASSED] - delay: Delayed 2 second(s)

2018-05-09 12:38:49 - [MESSAGE][PASSED] - Delayed 2 second(s)

2018-05-09 12:38:49 - [TEST_STEP][PASSED] - Statement - items = driver.findElement(org.openqa.selenium.By.xpath("/html/body/app-root/app-cart-list/div/div/table")): null

2018-05-09 12:38:49 - [TEST_STEP][PASSED] - Statement - itemInTable = items.findElements(org.openqa.selenium.By.tagName("tr")): null

2018-05-09 12:38:49 - [TEST_STEP][PASSED] - Statement - prices = []: null

2018-05-09 12:38:49 - [TEST_STEP][PASSED] - Statement - For ([i = 1, i < size, (i++)]): null

2018-05-09 12:38:49 - [TEST_STEP][PASSED] - Statement - product = new com.kms.katalon.core.testobject.TestObject(): null

2018-05-09 12:38:49 - [TEST_STEP][PASSED] - Statement - product.addProperty("xpath", EQUALS, "//*[@id="add-row"]/div/table/tbody/tr[" + i + "]/td[2]"): null

2018-05-09 12:38:49 - [TEST_STEP][PASSED] - Statement - prices[i] = java.lang.Integer.parseInt(com.kms.katalon.core.webui.keyword.WebUiBuiltInKeywords.getText(product).replace(" THB", "").replace(",", "")): Text of object '' is: '20,000 THB'

2018-05-09 12:38:49 - [MESSAGE][PASSED] - Text of object '' is: '20,000 THB'

2018-05-09 12:38:49 - [TEST_STEP][PASSED] - Statement - println("No:" + i + "price" + prices[i]): null

2018-05-09 12:38:49 - [TEST_STEP][PASSED] - Statement - product = new com.kms.katalon.core.testobject.TestObject(): null

2018-05-09 12:38:49 - [TEST_STEP][PASSED] - Statement - product.addProperty("xpath", EQUALS, "//*[@id="add-row"]/div/table/tbody/tr[" + i + "]/td[2]"): null

2018-05-09 12:38:49 - [TEST_STEP][PASSED] - Statement - prices[i] = java.lang.Integer.parseInt(com.kms.katalon.core.webui.keyword.WebUiBuiltInKeywords.getText(product).replace(" THB", "").replace(",", "")): Text of object '' is: '150 THB'

2018-05-09 12:38:49 - [MESSAGE][PASSED] - Text of object '' is: '150 THB'

2018-05-09 12:38:49 - [TEST_STEP][PASSED] - Statement - println("No:" + i + "price" + prices[i]): null

2018-05-09 12:38:49 - [TEST_STEP][PASSED] - Statement - product = new com.kms.katalon.core.testobject.TestObject(): null

2018-05-09 12:38:49 - [TEST_STEP][PASSED] - Statement - product.addProperty("xpath", EQUALS, "//*[@id="add-row"]/div/table/tbody/tr[" + i + "]/td[2]"): null

2018-05-09 12:38:49 - [TEST_STEP][PASSED] - Statement - prices[i] = java.lang.Integer.parseInt(com.kms.katalon.core.webui.keyword.WebUiBuiltInKeywords.getText(product).replace(" THB", "").replace(",", "")): Text of object '' is: '280 THB'

2018-05-09 12:38:49 - [MESSAGE][PASSED] - Text of object '' is: '280 THB'

2018-05-09 12:38:49 - [TEST_STEP][PASSED] - Statement - println("No:" + i + "price" + prices[i]): null

2018-05-09 12:38:49 - [TEST_STEP][PASSED] - Statement - product = new com.kms.katalon.core.testobject.TestObject(): null

2018-05-09 12:38:49 - [TEST_STEP][PASSED] - Statement - product.addProperty("xpath", EQUALS, "//*[@id="add-row"]/div/table/tbody/tr[" + i + "]/td[2]"): null

2018-05-09 12:38:49 - [TEST_STEP][PASSED] - Statement - prices[i] = java.lang.Integer.parseInt(com.kms.katalon.core.webui.keyword.WebUiBuiltInKeywords.getText(product).replace(" THB", "").replace(",", "")): Text of object '' is: '12 THB'

2018-05-09 12:38:49 - [MESSAGE][PASSED] - Text of object '' is: '12 THB'

2018-05-09 12:38:49 - [TEST_STEP][PASSED] - Statement - println("No:" + i + "price" + prices[i]): null

2018-05-09 12:38:49 - [TEST_STEP][PASSED] - Statement - product = new com.kms.katalon.core.testobject.TestObject(): null

2018-05-09 12:38:49 - [TEST_STEP][PASSED] - Statement - product.addProperty("xpath", EQUALS, "//*[@id="add-row"]/div/table/tbody/tr[" + i + "]/td[2]"): null

2018-05-09 12:38:49 - [TEST_STEP][PASSED] - Statement - prices[i] = java.lang.Integer.parseInt(com.kms.katalon.core.webui.keyword.WebUiBuiltInKeywords.getText(product).replace(" THB", "").replace(",", "")): Text of object '' is: '20 THB'

2018-05-09 12:38:49 - [MESSAGE][PASSED] - Text of object '' is: '20 THB'

2018-05-09 12:38:49 - [TEST_STEP][PASSED] - Statement - println("No:" + i + "price" + prices[i]): null

2018-05-09 12:38:49 - [TEST_STEP][PASSED] - setText: Text '4' is set on object 'Object Repository/carting/Page_ProjectBackend/item1'

2018-05-09 12:38:49 - [MESSAGE][PASSED] - Text '4' is set on object 'Object Repository/carting/Page_ProjectBackend/item1'

2018-05-09 12:38:49 - [TEST_STEP][PASSED] - setText: Text '5' is set on object 'Object Repository/carting/Page_ProjectBackend/item2'

2018-05-09 12:38:49 - [MESSAGE][PASSED] - Text '5' is set on object 'Object Repository/carting/Page_ProjectBackend/item2'

2018-05-09 12:38:49 - [TEST_STEP][PASSED] - setText: Text '2' is set on object 'Object Repository/carting/Page_ProjectBackend/item3'

2018-05-09 12:38:50 - [MESSAGE][PASSED] - Text '2' is set on object 'Object Repository/carting/Page_ProjectBackend/item3'

2018-05-09 12:38:50 - [TEST_STEP][PASSED] - setText: Text '5' is set on object 'Object Repository/carting/Page_ProjectBackend/item4'

2018-05-09 12:38:50 - [MESSAGE][PASSED] - Text '5' is set on object 'Object Repository/carting/Page_ProjectBackend/item4'

2018-05-09 12:38:50 - [TEST_STEP][PASSED] - setText: Text '1' is set on object 'Object Repository/carting/Page_ProjectBackend/item5'

2018-05-09 12:38:50 - [MESSAGE][PASSED] - Text '1' is set on object 'Object Repository/carting/Page_ProjectBackend/item5'

2018-05-09 12:38:50 - [TEST_STEP][PASSED] - Statement - finalPrice = finalPrice + java.lang.Integer.parseInt(item_1_amount) * prices[1]: null

2018-05-09 12:38:50 - [TEST_STEP][PASSED] - Statement - finalPrice = finalPrice + java.lang.Integer.parseInt(item_2_amount) * prices[2]: null

2018-05-09 12:38:50 - [TEST_STEP][PASSED] - Statement - finalPrice = finalPrice + java.lang.Integer.parseInt(item_3_amount) * prices[3]: null

2018-05-09 12:38:50 - [TEST_STEP][PASSED] - Statement - finalPrice = finalPrice + java.lang.Integer.parseInt(item_4_amount) * prices[4]: null

2018-05-09 12:38:50 - [TEST_STEP][PASSED] - Statement - finalPrice = finalPrice + java.lang.Integer.parseInt(item_5_amount) * prices[5]: null

2018-05-09 12:38:50 - [TEST_STEP][PASSED] - Statement - priceInString = java.lang.String.format("%,d", finalPrice): null

2018-05-09 12:38:50 - [TEST_STEP][PASSED] - Statement - println(priceInString): null

2018-05-09 12:38:50 - [TEST_STEP][PASSED] - delay: Delayed 5 second(s)

2018-05-09 12:38:55 - [MESSAGE][PASSED] - Delayed 5 second(s)

2018-05-09 12:38:55 - [TEST_STEP][PASSED] - verifyElementText: Actual text and expected text of test object 'Object Repository/carting/Page_ProjectBackend/Total price  label' are matched.

2018-05-09 12:38:55 - [MESSAGE][PASSED] - Actual text and expected text of test object 'Object Repository/carting/Page_ProjectBackend/Total price  label' are matched.

2018-05-09 12:38:55 - [TEST_STEP][PASSED] - delay: Delayed 5 second(s)

2018-05-09 12:39:00 - [MESSAGE][PASSED] - Delayed 5 second(s)]]></system-out>
         <system-err><![CDATA[]]></system-err>
      </testcase>
      <testcase name="Test Cases/Change amount in cart" classname="Test Cases/Change amount in cart" status="PASSED">
         <system-out><![CDATA[2018-05-09 12:39:00 - [TEST_CASE][PASSED] - Test Cases/Change amount in cart: Test Cases/Change amount in cart

2018-05-09 12:39:00 - [TEST_STEP][PASSED] - openBrowser: Browser is opened with url: ''

2018-05-09 12:39:00 - [MESSAGE][WARNING] - A browser is already opened. Closing browser and opening a new one

2018-05-09 12:39:04 - [MESSAGE][PASSED] - Browser is opened with url: ''

2018-05-09 12:39:04 - [TEST_STEP][PASSED] - navigateToUrl: Navigate to 'http://54.71.80.147:8086/' successfully

2018-05-09 12:39:17 - [MESSAGE][PASSED] - Navigate to 'http://54.71.80.147:8086/' successfully

2018-05-09 12:39:17 - [TEST_STEP][PASSED] - setText: Text 'user' is set on object 'Object Repository/Login_Page/input_username'

2018-05-09 12:39:17 - [MESSAGE][PASSED] - Text 'user' is set on object 'Object Repository/Login_Page/input_username'

2018-05-09 12:39:17 - [TEST_STEP][PASSED] - setText: Text 'user' is set on object 'Object Repository/Login_Page/input_password'

2018-05-09 12:39:17 - [MESSAGE][PASSED] - Text 'user' is set on object 'Object Repository/Login_Page/input_password'

2018-05-09 12:39:17 - [TEST_STEP][PASSED] - click: Object: 'Object Repository/Login_Page/button_Login' is clicked on

2018-05-09 12:39:18 - [MESSAGE][PASSED] - Object: 'Object Repository/Login_Page/button_Login' is clicked on

2018-05-09 12:39:18 - [TEST_STEP][PASSED] - delay: Delayed 2 second(s)

2018-05-09 12:39:20 - [MESSAGE][PASSED] - Delayed 2 second(s)

2018-05-09 12:39:20 - [TEST_STEP][PASSED] - waitForElementPresent: Object 'Object Repository/Main_Page/h2_Products' is present

2018-05-09 12:39:20 - [MESSAGE][PASSED] - Object 'Object Repository/Main_Page/h2_Products' is present

2018-05-09 12:39:20 - [TEST_STEP][PASSED] - delay: Delayed 5 second(s)

2018-05-09 12:39:25 - [MESSAGE][PASSED] - Delayed 5 second(s)

2018-05-09 12:39:25 - [TEST_STEP][PASSED] - Statement - driver = com.kms.katalon.core.webui.driver.DriverFactory.getWebDriver(): null

2018-05-09 12:39:25 - [TEST_STEP][PASSED] - Statement - Products = driver.findElement(org.openqa.selenium.By.xpath("/html/body/app-root/app-product-list/div/div[2]/div")): null

2018-05-09 12:39:25 - [TEST_STEP][PASSED] - Statement - farmerCards = Products.findElements(org.openqa.selenium.By.className("farmer-card")): null

2018-05-09 12:39:25 - [TEST_STEP][PASSED] - Statement - For ([i = 1, i <= farmerCards.size(), (i++)]): Actual text and expected text of test object 'Object Repository/Product page/cart amount label' are matched.

2018-05-09 12:39:25 - [TEST_STEP][PASSED] - Statement - buttonAddProduct = new com.kms.katalon.core.testobject.TestObject(): null

2018-05-09 12:39:25 - [TEST_STEP][PASSED] - Statement - buttonAddProduct.addProperty("xpath", EQUALS, "/html/body/app-root/app-product-list/div/div[2]/div/div[" + i + "]/a/div[2]/div[2]/button"): null

2018-05-09 12:39:25 - [TEST_STEP][PASSED] - verifyElementText: Actual text and expected text of test object '' are matched.

2018-05-09 12:39:25 - [MESSAGE][PASSED] - Actual text and expected text of test object '' are matched.

2018-05-09 12:39:25 - [TEST_STEP][PASSED] - click: Object: '' is clicked on

2018-05-09 12:39:25 - [MESSAGE][PASSED] - Object: '' is clicked on

2018-05-09 12:39:25 - [TEST_STEP][PASSED] - verifyElementText: Actual text and expected text of test object '' are matched.

2018-05-09 12:39:25 - [MESSAGE][PASSED] - Actual text and expected text of test object '' are matched.

2018-05-09 12:39:25 - [TEST_STEP][PASSED] - Statement - println(buttonAddProduct): null

2018-05-09 12:39:25 - [TEST_STEP][PASSED] - verifyElementText: Actual text and expected text of test object 'Object Repository/Product page/cart amount label' are matched.

2018-05-09 12:39:25 - [MESSAGE][PASSED] - Actual text and expected text of test object 'Object Repository/Product page/cart amount label' are matched.

2018-05-09 12:39:25 - [TEST_STEP][PASSED] - Statement - buttonAddProduct = new com.kms.katalon.core.testobject.TestObject(): null

2018-05-09 12:39:25 - [TEST_STEP][PASSED] - Statement - buttonAddProduct.addProperty("xpath", EQUALS, "/html/body/app-root/app-product-list/div/div[2]/div/div[" + i + "]/a/div[2]/div[2]/button"): null

2018-05-09 12:39:25 - [TEST_STEP][PASSED] - verifyElementText: Actual text and expected text of test object '' are matched.

2018-05-09 12:39:25 - [MESSAGE][PASSED] - Actual text and expected text of test object '' are matched.

2018-05-09 12:39:25 - [TEST_STEP][PASSED] - click: Object: '' is clicked on

2018-05-09 12:39:25 - [MESSAGE][PASSED] - Object: '' is clicked on

2018-05-09 12:39:25 - [TEST_STEP][PASSED] - verifyElementText: Actual text and expected text of test object '' are matched.

2018-05-09 12:39:25 - [MESSAGE][PASSED] - Actual text and expected text of test object '' are matched.

2018-05-09 12:39:25 - [TEST_STEP][PASSED] - Statement - println(buttonAddProduct): null

2018-05-09 12:39:25 - [TEST_STEP][PASSED] - verifyElementText: Actual text and expected text of test object 'Object Repository/Product page/cart amount label' are matched.

2018-05-09 12:39:25 - [MESSAGE][PASSED] - Actual text and expected text of test object 'Object Repository/Product page/cart amount label' are matched.

2018-05-09 12:39:25 - [TEST_STEP][PASSED] - Statement - buttonAddProduct = new com.kms.katalon.core.testobject.TestObject(): null

2018-05-09 12:39:25 - [TEST_STEP][PASSED] - Statement - buttonAddProduct.addProperty("xpath", EQUALS, "/html/body/app-root/app-product-list/div/div[2]/div/div[" + i + "]/a/div[2]/div[2]/button"): null

2018-05-09 12:39:25 - [TEST_STEP][PASSED] - verifyElementText: Actual text and expected text of test object '' are matched.

2018-05-09 12:39:25 - [MESSAGE][PASSED] - Actual text and expected text of test object '' are matched.

2018-05-09 12:39:25 - [TEST_STEP][PASSED] - click: Object: '' is clicked on

2018-05-09 12:39:26 - [MESSAGE][PASSED] - Object: '' is clicked on

2018-05-09 12:39:26 - [TEST_STEP][PASSED] - verifyElementText: Actual text and expected text of test object '' are matched.

2018-05-09 12:39:26 - [MESSAGE][PASSED] - Actual text and expected text of test object '' are matched.

2018-05-09 12:39:26 - [TEST_STEP][PASSED] - Statement - println(buttonAddProduct): null

2018-05-09 12:39:26 - [TEST_STEP][PASSED] - verifyElementText: Actual text and expected text of test object 'Object Repository/Product page/cart amount label' are matched.

2018-05-09 12:39:26 - [MESSAGE][PASSED] - Actual text and expected text of test object 'Object Repository/Product page/cart amount label' are matched.

2018-05-09 12:39:26 - [TEST_STEP][PASSED] - Statement - buttonAddProduct = new com.kms.katalon.core.testobject.TestObject(): null

2018-05-09 12:39:26 - [TEST_STEP][PASSED] - Statement - buttonAddProduct.addProperty("xpath", EQUALS, "/html/body/app-root/app-product-list/div/div[2]/div/div[" + i + "]/a/div[2]/div[2]/button"): null

2018-05-09 12:39:26 - [TEST_STEP][PASSED] - verifyElementText: Actual text and expected text of test object '' are matched.

2018-05-09 12:39:26 - [MESSAGE][PASSED] - Actual text and expected text of test object '' are matched.

2018-05-09 12:39:26 - [TEST_STEP][PASSED] - click: Object: '' is clicked on

2018-05-09 12:39:26 - [MESSAGE][PASSED] - Object: '' is clicked on

2018-05-09 12:39:26 - [TEST_STEP][PASSED] - verifyElementText: Actual text and expected text of test object '' are matched.

2018-05-09 12:39:26 - [MESSAGE][PASSED] - Actual text and expected text of test object '' are matched.

2018-05-09 12:39:26 - [TEST_STEP][PASSED] - Statement - println(buttonAddProduct): null

2018-05-09 12:39:26 - [TEST_STEP][PASSED] - verifyElementText: Actual text and expected text of test object 'Object Repository/Product page/cart amount label' are matched.

2018-05-09 12:39:26 - [MESSAGE][PASSED] - Actual text and expected text of test object 'Object Repository/Product page/cart amount label' are matched.

2018-05-09 12:39:26 - [TEST_STEP][PASSED] - Statement - buttonAddProduct = new com.kms.katalon.core.testobject.TestObject(): null

2018-05-09 12:39:26 - [TEST_STEP][PASSED] - Statement - buttonAddProduct.addProperty("xpath", EQUALS, "/html/body/app-root/app-product-list/div/div[2]/div/div[" + i + "]/a/div[2]/div[2]/button"): null

2018-05-09 12:39:26 - [TEST_STEP][PASSED] - verifyElementText: Actual text and expected text of test object '' are matched.

2018-05-09 12:39:26 - [MESSAGE][PASSED] - Actual text and expected text of test object '' are matched.

2018-05-09 12:39:26 - [TEST_STEP][PASSED] - click: Object: '' is clicked on

2018-05-09 12:39:26 - [MESSAGE][PASSED] - Object: '' is clicked on

2018-05-09 12:39:26 - [TEST_STEP][PASSED] - verifyElementText: Actual text and expected text of test object '' are matched.

2018-05-09 12:39:26 - [MESSAGE][PASSED] - Actual text and expected text of test object '' are matched.

2018-05-09 12:39:26 - [TEST_STEP][PASSED] - Statement - println(buttonAddProduct): null

2018-05-09 12:39:26 - [TEST_STEP][PASSED] - verifyElementText: Actual text and expected text of test object 'Object Repository/Product page/cart amount label' are matched.

2018-05-09 12:39:26 - [MESSAGE][PASSED] - Actual text and expected text of test object 'Object Repository/Product page/cart amount label' are matched.

2018-05-09 12:39:26 - [TEST_STEP][PASSED] - delay: Delayed 2 second(s)

2018-05-09 12:39:28 - [MESSAGE][PASSED] - Delayed 2 second(s)

2018-05-09 12:39:28 - [TEST_STEP][PASSED] - click: Object: 'Object Repository/Main_Page/a_Carts' is clicked on

2018-05-09 12:39:29 - [MESSAGE][PASSED] - Object: 'Object Repository/Main_Page/a_Carts' is clicked on

2018-05-09 12:39:29 - [TEST_STEP][PASSED] - delay: Delayed 2 second(s)

2018-05-09 12:39:31 - [MESSAGE][PASSED] - Delayed 2 second(s)

2018-05-09 12:39:31 - [TEST_STEP][PASSED] - Statement - items = driver.findElement(org.openqa.selenium.By.xpath("/html/body/app-root/app-cart-list/div/div/table")): null

2018-05-09 12:39:31 - [TEST_STEP][PASSED] - Statement - itemInTable = items.findElements(org.openqa.selenium.By.tagName("tr")): null

2018-05-09 12:39:31 - [TEST_STEP][PASSED] - Statement - prices = []: null

2018-05-09 12:39:31 - [TEST_STEP][PASSED] - Statement - For ([i = 1, i < size, (i++)]): null

2018-05-09 12:39:31 - [TEST_STEP][PASSED] - Statement - product = new com.kms.katalon.core.testobject.TestObject(): null

2018-05-09 12:39:31 - [TEST_STEP][PASSED] - Statement - product.addProperty("xpath", EQUALS, "//*[@id="add-row"]/div/table/tbody/tr[" + i + "]/td[2]"): null

2018-05-09 12:39:31 - [TEST_STEP][PASSED] - Statement - prices[i] = java.lang.Integer.parseInt(com.kms.katalon.core.webui.keyword.WebUiBuiltInKeywords.getText(product).replace(" THB", "").replace(",", "")): Text of object '' is: '20,000 THB'

2018-05-09 12:39:31 - [MESSAGE][PASSED] - Text of object '' is: '20,000 THB'

2018-05-09 12:39:31 - [TEST_STEP][PASSED] - Statement - println("No:" + i + "price" + prices[i]): null

2018-05-09 12:39:31 - [TEST_STEP][PASSED] - Statement - product = new com.kms.katalon.core.testobject.TestObject(): null

2018-05-09 12:39:31 - [TEST_STEP][PASSED] - Statement - product.addProperty("xpath", EQUALS, "//*[@id="add-row"]/div/table/tbody/tr[" + i + "]/td[2]"): null

2018-05-09 12:39:31 - [TEST_STEP][PASSED] - Statement - prices[i] = java.lang.Integer.parseInt(com.kms.katalon.core.webui.keyword.WebUiBuiltInKeywords.getText(product).replace(" THB", "").replace(",", "")): Text of object '' is: '150 THB'

2018-05-09 12:39:31 - [MESSAGE][PASSED] - Text of object '' is: '150 THB'

2018-05-09 12:39:31 - [TEST_STEP][PASSED] - Statement - println("No:" + i + "price" + prices[i]): null

2018-05-09 12:39:31 - [TEST_STEP][PASSED] - Statement - product = new com.kms.katalon.core.testobject.TestObject(): null

2018-05-09 12:39:31 - [TEST_STEP][PASSED] - Statement - product.addProperty("xpath", EQUALS, "//*[@id="add-row"]/div/table/tbody/tr[" + i + "]/td[2]"): null

2018-05-09 12:39:31 - [TEST_STEP][PASSED] - Statement - prices[i] = java.lang.Integer.parseInt(com.kms.katalon.core.webui.keyword.WebUiBuiltInKeywords.getText(product).replace(" THB", "").replace(",", "")): Text of object '' is: '280 THB'

2018-05-09 12:39:31 - [MESSAGE][PASSED] - Text of object '' is: '280 THB'

2018-05-09 12:39:31 - [TEST_STEP][PASSED] - Statement - println("No:" + i + "price" + prices[i]): null

2018-05-09 12:39:31 - [TEST_STEP][PASSED] - Statement - product = new com.kms.katalon.core.testobject.TestObject(): null

2018-05-09 12:39:31 - [TEST_STEP][PASSED] - Statement - product.addProperty("xpath", EQUALS, "//*[@id="add-row"]/div/table/tbody/tr[" + i + "]/td[2]"): null

2018-05-09 12:39:31 - [TEST_STEP][PASSED] - Statement - prices[i] = java.lang.Integer.parseInt(com.kms.katalon.core.webui.keyword.WebUiBuiltInKeywords.getText(product).replace(" THB", "").replace(",", "")): Text of object '' is: '12 THB'

2018-05-09 12:39:31 - [MESSAGE][PASSED] - Text of object '' is: '12 THB'

2018-05-09 12:39:31 - [TEST_STEP][PASSED] - Statement - println("No:" + i + "price" + prices[i]): null

2018-05-09 12:39:31 - [TEST_STEP][PASSED] - Statement - product = new com.kms.katalon.core.testobject.TestObject(): null

2018-05-09 12:39:31 - [TEST_STEP][PASSED] - Statement - product.addProperty("xpath", EQUALS, "//*[@id="add-row"]/div/table/tbody/tr[" + i + "]/td[2]"): null

2018-05-09 12:39:31 - [TEST_STEP][PASSED] - Statement - prices[i] = java.lang.Integer.parseInt(com.kms.katalon.core.webui.keyword.WebUiBuiltInKeywords.getText(product).replace(" THB", "").replace(",", "")): Text of object '' is: '20 THB'

2018-05-09 12:39:31 - [MESSAGE][PASSED] - Text of object '' is: '20 THB'

2018-05-09 12:39:31 - [TEST_STEP][PASSED] - Statement - println("No:" + i + "price" + prices[i]): null

2018-05-09 12:39:31 - [TEST_STEP][PASSED] - setText: Text '1' is set on object 'Object Repository/carting/Page_ProjectBackend/item1'

2018-05-09 12:39:31 - [MESSAGE][PASSED] - Text '1' is set on object 'Object Repository/carting/Page_ProjectBackend/item1'

2018-05-09 12:39:31 - [TEST_STEP][PASSED] - setText: Text '2' is set on object 'Object Repository/carting/Page_ProjectBackend/item2'

2018-05-09 12:39:31 - [MESSAGE][PASSED] - Text '2' is set on object 'Object Repository/carting/Page_ProjectBackend/item2'

2018-05-09 12:39:31 - [TEST_STEP][PASSED] - setText: Text '5' is set on object 'Object Repository/carting/Page_ProjectBackend/item3'

2018-05-09 12:39:32 - [MESSAGE][PASSED] - Text '5' is set on object 'Object Repository/carting/Page_ProjectBackend/item3'

2018-05-09 12:39:32 - [TEST_STEP][PASSED] - setText: Text '1' is set on object 'Object Repository/carting/Page_ProjectBackend/item4'

2018-05-09 12:39:32 - [MESSAGE][PASSED] - Text '1' is set on object 'Object Repository/carting/Page_ProjectBackend/item4'

2018-05-09 12:39:32 - [TEST_STEP][PASSED] - setText: Text '5' is set on object 'Object Repository/carting/Page_ProjectBackend/item5'

2018-05-09 12:39:32 - [MESSAGE][PASSED] - Text '5' is set on object 'Object Repository/carting/Page_ProjectBackend/item5'

2018-05-09 12:39:32 - [TEST_STEP][PASSED] - Statement - finalPrice = finalPrice + java.lang.Integer.parseInt(item_1_amount) * prices[1]: null

2018-05-09 12:39:32 - [TEST_STEP][PASSED] - Statement - finalPrice = finalPrice + java.lang.Integer.parseInt(item_2_amount) * prices[2]: null

2018-05-09 12:39:32 - [TEST_STEP][PASSED] - Statement - finalPrice = finalPrice + java.lang.Integer.parseInt(item_3_amount) * prices[3]: null

2018-05-09 12:39:32 - [TEST_STEP][PASSED] - Statement - finalPrice = finalPrice + java.lang.Integer.parseInt(item_4_amount) * prices[4]: null

2018-05-09 12:39:32 - [TEST_STEP][PASSED] - Statement - finalPrice = finalPrice + java.lang.Integer.parseInt(item_5_amount) * prices[5]: null

2018-05-09 12:39:32 - [TEST_STEP][PASSED] - Statement - priceInString = java.lang.String.format("%,d", finalPrice): null

2018-05-09 12:39:32 - [TEST_STEP][PASSED] - Statement - println(priceInString): null

2018-05-09 12:39:32 - [TEST_STEP][PASSED] - delay: Delayed 5 second(s)

2018-05-09 12:39:37 - [MESSAGE][PASSED] - Delayed 5 second(s)

2018-05-09 12:39:37 - [TEST_STEP][PASSED] - verifyElementText: Actual text and expected text of test object 'Object Repository/carting/Page_ProjectBackend/Total price  label' are matched.

2018-05-09 12:39:37 - [MESSAGE][PASSED] - Actual text and expected text of test object 'Object Repository/carting/Page_ProjectBackend/Total price  label' are matched.

2018-05-09 12:39:37 - [TEST_STEP][PASSED] - delay: Delayed 5 second(s)

2018-05-09 12:39:42 - [MESSAGE][PASSED] - Delayed 5 second(s)]]></system-out>
         <system-err><![CDATA[]]></system-err>
      </testcase>
      <testcase name="Test Cases/Change amount in cart" classname="Test Cases/Change amount in cart" status="PASSED">
         <system-out><![CDATA[2018-05-09 12:39:42 - [TEST_CASE][PASSED] - Test Cases/Change amount in cart: Test Cases/Change amount in cart

2018-05-09 12:39:42 - [TEST_STEP][PASSED] - openBrowser: Browser is opened with url: ''

2018-05-09 12:39:42 - [MESSAGE][WARNING] - A browser is already opened. Closing browser and opening a new one

2018-05-09 12:39:46 - [MESSAGE][PASSED] - Browser is opened with url: ''

2018-05-09 12:39:46 - [TEST_STEP][PASSED] - navigateToUrl: Navigate to 'http://54.71.80.147:8086/' successfully

2018-05-09 12:40:01 - [MESSAGE][PASSED] - Navigate to 'http://54.71.80.147:8086/' successfully

2018-05-09 12:40:01 - [TEST_STEP][PASSED] - setText: Text 'user' is set on object 'Object Repository/Login_Page/input_username'

2018-05-09 12:40:01 - [MESSAGE][PASSED] - Text 'user' is set on object 'Object Repository/Login_Page/input_username'

2018-05-09 12:40:01 - [TEST_STEP][PASSED] - setText: Text 'user' is set on object 'Object Repository/Login_Page/input_password'

2018-05-09 12:40:01 - [MESSAGE][PASSED] - Text 'user' is set on object 'Object Repository/Login_Page/input_password'

2018-05-09 12:40:01 - [TEST_STEP][PASSED] - click: Object: 'Object Repository/Login_Page/button_Login' is clicked on

2018-05-09 12:40:01 - [MESSAGE][PASSED] - Object: 'Object Repository/Login_Page/button_Login' is clicked on

2018-05-09 12:40:01 - [TEST_STEP][PASSED] - delay: Delayed 2 second(s)

2018-05-09 12:40:03 - [MESSAGE][PASSED] - Delayed 2 second(s)

2018-05-09 12:40:03 - [TEST_STEP][PASSED] - waitForElementPresent: Object 'Object Repository/Main_Page/h2_Products' is present

2018-05-09 12:40:03 - [MESSAGE][PASSED] - Object 'Object Repository/Main_Page/h2_Products' is present

2018-05-09 12:40:03 - [TEST_STEP][PASSED] - delay: Delayed 5 second(s)

2018-05-09 12:40:08 - [MESSAGE][PASSED] - Delayed 5 second(s)

2018-05-09 12:40:08 - [TEST_STEP][PASSED] - Statement - driver = com.kms.katalon.core.webui.driver.DriverFactory.getWebDriver(): null

2018-05-09 12:40:08 - [TEST_STEP][PASSED] - Statement - Products = driver.findElement(org.openqa.selenium.By.xpath("/html/body/app-root/app-product-list/div/div[2]/div")): null

2018-05-09 12:40:08 - [TEST_STEP][PASSED] - Statement - farmerCards = Products.findElements(org.openqa.selenium.By.className("farmer-card")): null

2018-05-09 12:40:08 - [TEST_STEP][PASSED] - Statement - For ([i = 1, i <= farmerCards.size(), (i++)]): Actual text and expected text of test object 'Object Repository/Product page/cart amount label' are matched.

2018-05-09 12:40:08 - [TEST_STEP][PASSED] - Statement - buttonAddProduct = new com.kms.katalon.core.testobject.TestObject(): null

2018-05-09 12:40:08 - [TEST_STEP][PASSED] - Statement - buttonAddProduct.addProperty("xpath", EQUALS, "/html/body/app-root/app-product-list/div/div[2]/div/div[" + i + "]/a/div[2]/div[2]/button"): null

2018-05-09 12:40:08 - [TEST_STEP][PASSED] - verifyElementText: Actual text and expected text of test object '' are matched.

2018-05-09 12:40:08 - [MESSAGE][PASSED] - Actual text and expected text of test object '' are matched.

2018-05-09 12:40:08 - [TEST_STEP][PASSED] - click: Object: '' is clicked on

2018-05-09 12:40:09 - [MESSAGE][PASSED] - Object: '' is clicked on

2018-05-09 12:40:09 - [TEST_STEP][PASSED] - verifyElementText: Actual text and expected text of test object '' are matched.

2018-05-09 12:40:09 - [MESSAGE][PASSED] - Actual text and expected text of test object '' are matched.

2018-05-09 12:40:09 - [TEST_STEP][PASSED] - Statement - println(buttonAddProduct): null

2018-05-09 12:40:09 - [TEST_STEP][PASSED] - verifyElementText: Actual text and expected text of test object 'Object Repository/Product page/cart amount label' are matched.

2018-05-09 12:40:09 - [MESSAGE][PASSED] - Actual text and expected text of test object 'Object Repository/Product page/cart amount label' are matched.

2018-05-09 12:40:09 - [TEST_STEP][PASSED] - Statement - buttonAddProduct = new com.kms.katalon.core.testobject.TestObject(): null

2018-05-09 12:40:09 - [TEST_STEP][PASSED] - Statement - buttonAddProduct.addProperty("xpath", EQUALS, "/html/body/app-root/app-product-list/div/div[2]/div/div[" + i + "]/a/div[2]/div[2]/button"): null

2018-05-09 12:40:09 - [TEST_STEP][PASSED] - verifyElementText: Actual text and expected text of test object '' are matched.

2018-05-09 12:40:09 - [MESSAGE][PASSED] - Actual text and expected text of test object '' are matched.

2018-05-09 12:40:09 - [TEST_STEP][PASSED] - click: Object: '' is clicked on

2018-05-09 12:40:09 - [MESSAGE][PASSED] - Object: '' is clicked on

2018-05-09 12:40:09 - [TEST_STEP][PASSED] - verifyElementText: Actual text and expected text of test object '' are matched.

2018-05-09 12:40:09 - [MESSAGE][PASSED] - Actual text and expected text of test object '' are matched.

2018-05-09 12:40:09 - [TEST_STEP][PASSED] - Statement - println(buttonAddProduct): null

2018-05-09 12:40:09 - [TEST_STEP][PASSED] - verifyElementText: Actual text and expected text of test object 'Object Repository/Product page/cart amount label' are matched.

2018-05-09 12:40:09 - [MESSAGE][PASSED] - Actual text and expected text of test object 'Object Repository/Product page/cart amount label' are matched.

2018-05-09 12:40:09 - [TEST_STEP][PASSED] - Statement - buttonAddProduct = new com.kms.katalon.core.testobject.TestObject(): null

2018-05-09 12:40:09 - [TEST_STEP][PASSED] - Statement - buttonAddProduct.addProperty("xpath", EQUALS, "/html/body/app-root/app-product-list/div/div[2]/div/div[" + i + "]/a/div[2]/div[2]/button"): null

2018-05-09 12:40:09 - [TEST_STEP][PASSED] - verifyElementText: Actual text and expected text of test object '' are matched.

2018-05-09 12:40:09 - [MESSAGE][PASSED] - Actual text and expected text of test object '' are matched.

2018-05-09 12:40:09 - [TEST_STEP][PASSED] - click: Object: '' is clicked on

2018-05-09 12:40:09 - [MESSAGE][PASSED] - Object: '' is clicked on

2018-05-09 12:40:09 - [TEST_STEP][PASSED] - verifyElementText: Actual text and expected text of test object '' are matched.

2018-05-09 12:40:09 - [MESSAGE][PASSED] - Actual text and expected text of test object '' are matched.

2018-05-09 12:40:09 - [TEST_STEP][PASSED] - Statement - println(buttonAddProduct): null

2018-05-09 12:40:09 - [TEST_STEP][PASSED] - verifyElementText: Actual text and expected text of test object 'Object Repository/Product page/cart amount label' are matched.

2018-05-09 12:40:09 - [MESSAGE][PASSED] - Actual text and expected text of test object 'Object Repository/Product page/cart amount label' are matched.

2018-05-09 12:40:09 - [TEST_STEP][PASSED] - Statement - buttonAddProduct = new com.kms.katalon.core.testobject.TestObject(): null

2018-05-09 12:40:09 - [TEST_STEP][PASSED] - Statement - buttonAddProduct.addProperty("xpath", EQUALS, "/html/body/app-root/app-product-list/div/div[2]/div/div[" + i + "]/a/div[2]/div[2]/button"): null

2018-05-09 12:40:09 - [TEST_STEP][PASSED] - verifyElementText: Actual text and expected text of test object '' are matched.

2018-05-09 12:40:09 - [MESSAGE][PASSED] - Actual text and expected text of test object '' are matched.

2018-05-09 12:40:09 - [TEST_STEP][PASSED] - click: Object: '' is clicked on

2018-05-09 12:40:10 - [MESSAGE][PASSED] - Object: '' is clicked on

2018-05-09 12:40:10 - [TEST_STEP][PASSED] - verifyElementText: Actual text and expected text of test object '' are matched.

2018-05-09 12:40:10 - [MESSAGE][PASSED] - Actual text and expected text of test object '' are matched.

2018-05-09 12:40:10 - [TEST_STEP][PASSED] - Statement - println(buttonAddProduct): null

2018-05-09 12:40:10 - [TEST_STEP][PASSED] - verifyElementText: Actual text and expected text of test object 'Object Repository/Product page/cart amount label' are matched.

2018-05-09 12:40:10 - [MESSAGE][PASSED] - Actual text and expected text of test object 'Object Repository/Product page/cart amount label' are matched.

2018-05-09 12:40:10 - [TEST_STEP][PASSED] - Statement - buttonAddProduct = new com.kms.katalon.core.testobject.TestObject(): null

2018-05-09 12:40:10 - [TEST_STEP][PASSED] - Statement - buttonAddProduct.addProperty("xpath", EQUALS, "/html/body/app-root/app-product-list/div/div[2]/div/div[" + i + "]/a/div[2]/div[2]/button"): null

2018-05-09 12:40:10 - [TEST_STEP][PASSED] - verifyElementText: Actual text and expected text of test object '' are matched.

2018-05-09 12:40:10 - [MESSAGE][PASSED] - Actual text and expected text of test object '' are matched.

2018-05-09 12:40:10 - [TEST_STEP][PASSED] - click: Object: '' is clicked on

2018-05-09 12:40:10 - [MESSAGE][PASSED] - Object: '' is clicked on

2018-05-09 12:40:10 - [TEST_STEP][PASSED] - verifyElementText: Actual text and expected text of test object '' are matched.

2018-05-09 12:40:10 - [MESSAGE][PASSED] - Actual text and expected text of test object '' are matched.

2018-05-09 12:40:10 - [TEST_STEP][PASSED] - Statement - println(buttonAddProduct): null

2018-05-09 12:40:10 - [TEST_STEP][PASSED] - verifyElementText: Actual text and expected text of test object 'Object Repository/Product page/cart amount label' are matched.

2018-05-09 12:40:10 - [MESSAGE][PASSED] - Actual text and expected text of test object 'Object Repository/Product page/cart amount label' are matched.

2018-05-09 12:40:10 - [TEST_STEP][PASSED] - delay: Delayed 2 second(s)

2018-05-09 12:40:12 - [MESSAGE][PASSED] - Delayed 2 second(s)

2018-05-09 12:40:12 - [TEST_STEP][PASSED] - click: Object: 'Object Repository/Main_Page/a_Carts' is clicked on

2018-05-09 12:40:12 - [MESSAGE][PASSED] - Object: 'Object Repository/Main_Page/a_Carts' is clicked on

2018-05-09 12:40:12 - [TEST_STEP][PASSED] - delay: Delayed 2 second(s)

2018-05-09 12:40:14 - [MESSAGE][PASSED] - Delayed 2 second(s)

2018-05-09 12:40:14 - [TEST_STEP][PASSED] - Statement - items = driver.findElement(org.openqa.selenium.By.xpath("/html/body/app-root/app-cart-list/div/div/table")): null

2018-05-09 12:40:14 - [TEST_STEP][PASSED] - Statement - itemInTable = items.findElements(org.openqa.selenium.By.tagName("tr")): null

2018-05-09 12:40:14 - [TEST_STEP][PASSED] - Statement - prices = []: null

2018-05-09 12:40:14 - [TEST_STEP][PASSED] - Statement - For ([i = 1, i < size, (i++)]): null

2018-05-09 12:40:14 - [TEST_STEP][PASSED] - Statement - product = new com.kms.katalon.core.testobject.TestObject(): null

2018-05-09 12:40:14 - [TEST_STEP][PASSED] - Statement - product.addProperty("xpath", EQUALS, "//*[@id="add-row"]/div/table/tbody/tr[" + i + "]/td[2]"): null

2018-05-09 12:40:14 - [TEST_STEP][PASSED] - Statement - prices[i] = java.lang.Integer.parseInt(com.kms.katalon.core.webui.keyword.WebUiBuiltInKeywords.getText(product).replace(" THB", "").replace(",", "")): Text of object '' is: '20,000 THB'

2018-05-09 12:40:14 - [MESSAGE][PASSED] - Text of object '' is: '20,000 THB'

2018-05-09 12:40:14 - [TEST_STEP][PASSED] - Statement - println("No:" + i + "price" + prices[i]): null

2018-05-09 12:40:14 - [TEST_STEP][PASSED] - Statement - product = new com.kms.katalon.core.testobject.TestObject(): null

2018-05-09 12:40:14 - [TEST_STEP][PASSED] - Statement - product.addProperty("xpath", EQUALS, "//*[@id="add-row"]/div/table/tbody/tr[" + i + "]/td[2]"): null

2018-05-09 12:40:14 - [TEST_STEP][PASSED] - Statement - prices[i] = java.lang.Integer.parseInt(com.kms.katalon.core.webui.keyword.WebUiBuiltInKeywords.getText(product).replace(" THB", "").replace(",", "")): Text of object '' is: '150 THB'

2018-05-09 12:40:14 - [MESSAGE][PASSED] - Text of object '' is: '150 THB'

2018-05-09 12:40:14 - [TEST_STEP][PASSED] - Statement - println("No:" + i + "price" + prices[i]): null

2018-05-09 12:40:14 - [TEST_STEP][PASSED] - Statement - product = new com.kms.katalon.core.testobject.TestObject(): null

2018-05-09 12:40:14 - [TEST_STEP][PASSED] - Statement - product.addProperty("xpath", EQUALS, "//*[@id="add-row"]/div/table/tbody/tr[" + i + "]/td[2]"): null

2018-05-09 12:40:14 - [TEST_STEP][PASSED] - Statement - prices[i] = java.lang.Integer.parseInt(com.kms.katalon.core.webui.keyword.WebUiBuiltInKeywords.getText(product).replace(" THB", "").replace(",", "")): Text of object '' is: '280 THB'

2018-05-09 12:40:14 - [MESSAGE][PASSED] - Text of object '' is: '280 THB'

2018-05-09 12:40:14 - [TEST_STEP][PASSED] - Statement - println("No:" + i + "price" + prices[i]): null

2018-05-09 12:40:14 - [TEST_STEP][PASSED] - Statement - product = new com.kms.katalon.core.testobject.TestObject(): null

2018-05-09 12:40:14 - [TEST_STEP][PASSED] - Statement - product.addProperty("xpath", EQUALS, "//*[@id="add-row"]/div/table/tbody/tr[" + i + "]/td[2]"): null

2018-05-09 12:40:14 - [TEST_STEP][PASSED] - Statement - prices[i] = java.lang.Integer.parseInt(com.kms.katalon.core.webui.keyword.WebUiBuiltInKeywords.getText(product).replace(" THB", "").replace(",", "")): Text of object '' is: '12 THB'

2018-05-09 12:40:15 - [MESSAGE][PASSED] - Text of object '' is: '12 THB'

2018-05-09 12:40:15 - [TEST_STEP][PASSED] - Statement - println("No:" + i + "price" + prices[i]): null

2018-05-09 12:40:15 - [TEST_STEP][PASSED] - Statement - product = new com.kms.katalon.core.testobject.TestObject(): null

2018-05-09 12:40:15 - [TEST_STEP][PASSED] - Statement - product.addProperty("xpath", EQUALS, "//*[@id="add-row"]/div/table/tbody/tr[" + i + "]/td[2]"): null

2018-05-09 12:40:15 - [TEST_STEP][PASSED] - Statement - prices[i] = java.lang.Integer.parseInt(com.kms.katalon.core.webui.keyword.WebUiBuiltInKeywords.getText(product).replace(" THB", "").replace(",", "")): Text of object '' is: '20 THB'

2018-05-09 12:40:15 - [MESSAGE][PASSED] - Text of object '' is: '20 THB'

2018-05-09 12:40:15 - [TEST_STEP][PASSED] - Statement - println("No:" + i + "price" + prices[i]): null

2018-05-09 12:40:15 - [TEST_STEP][PASSED] - setText: Text '7' is set on object 'Object Repository/carting/Page_ProjectBackend/item1'

2018-05-09 12:40:15 - [MESSAGE][PASSED] - Text '7' is set on object 'Object Repository/carting/Page_ProjectBackend/item1'

2018-05-09 12:40:15 - [TEST_STEP][PASSED] - setText: Text '2' is set on object 'Object Repository/carting/Page_ProjectBackend/item2'

2018-05-09 12:40:15 - [MESSAGE][PASSED] - Text '2' is set on object 'Object Repository/carting/Page_ProjectBackend/item2'

2018-05-09 12:40:15 - [TEST_STEP][PASSED] - setText: Text '1' is set on object 'Object Repository/carting/Page_ProjectBackend/item3'

2018-05-09 12:40:15 - [MESSAGE][PASSED] - Text '1' is set on object 'Object Repository/carting/Page_ProjectBackend/item3'

2018-05-09 12:40:15 - [TEST_STEP][PASSED] - setText: Text '8' is set on object 'Object Repository/carting/Page_ProjectBackend/item4'

2018-05-09 12:40:15 - [MESSAGE][PASSED] - Text '8' is set on object 'Object Repository/carting/Page_ProjectBackend/item4'

2018-05-09 12:40:15 - [TEST_STEP][PASSED] - setText: Text '9' is set on object 'Object Repository/carting/Page_ProjectBackend/item5'

2018-05-09 12:40:16 - [MESSAGE][PASSED] - Text '9' is set on object 'Object Repository/carting/Page_ProjectBackend/item5'

2018-05-09 12:40:16 - [TEST_STEP][PASSED] - Statement - finalPrice = finalPrice + java.lang.Integer.parseInt(item_1_amount) * prices[1]: null

2018-05-09 12:40:16 - [TEST_STEP][PASSED] - Statement - finalPrice = finalPrice + java.lang.Integer.parseInt(item_2_amount) * prices[2]: null

2018-05-09 12:40:16 - [TEST_STEP][PASSED] - Statement - finalPrice = finalPrice + java.lang.Integer.parseInt(item_3_amount) * prices[3]: null

2018-05-09 12:40:16 - [TEST_STEP][PASSED] - Statement - finalPrice = finalPrice + java.lang.Integer.parseInt(item_4_amount) * prices[4]: null

2018-05-09 12:40:16 - [TEST_STEP][PASSED] - Statement - finalPrice = finalPrice + java.lang.Integer.parseInt(item_5_amount) * prices[5]: null

2018-05-09 12:40:16 - [TEST_STEP][PASSED] - Statement - priceInString = java.lang.String.format("%,d", finalPrice): null

2018-05-09 12:40:16 - [TEST_STEP][PASSED] - Statement - println(priceInString): null

2018-05-09 12:40:16 - [TEST_STEP][PASSED] - delay: Delayed 5 second(s)

2018-05-09 12:40:21 - [MESSAGE][PASSED] - Delayed 5 second(s)

2018-05-09 12:40:21 - [TEST_STEP][PASSED] - verifyElementText: Actual text and expected text of test object 'Object Repository/carting/Page_ProjectBackend/Total price  label' are matched.

2018-05-09 12:40:21 - [MESSAGE][PASSED] - Actual text and expected text of test object 'Object Repository/carting/Page_ProjectBackend/Total price  label' are matched.

2018-05-09 12:40:21 - [TEST_STEP][PASSED] - delay: Delayed 5 second(s)

2018-05-09 12:40:26 - [MESSAGE][PASSED] - Delayed 5 second(s)]]></system-out>
         <system-err><![CDATA[]]></system-err>
      </testcase>
      <system-out><![CDATA[2018-05-09 12:37:34 - [TEST_SUITE][PASSED] - Test selecting and updating amount in cart page change total price: Test Cases/Change amount in cart]]></system-out>
      <system-err><![CDATA[]]></system-err>
   </testsuite>
</testsuites>
