<?xml version="1.0" encoding="UTF-8"?>
<testsuites name="Login as user" time="20" tests="4" failures="0" errors="0">
   <testsuite name="Login as user" tests="4" failures="0" errors="0" time="20" timestamp="2018-05-10 21:03:09" hostname="Donut - DESKTOP-IGTTMO3" id="Test Suites/Login as user">
      <properties>
         <property name="deviceName" value=""/>
         <property name="devicePlatform" value=""/>
         <property name="logFolder" value="C:\\Users\\Donut\\git\\234-project-katalon-test\\Reports\\Login as user\\20180510_210307"/>
         <property name="logFiles" value="C:\\Users\\Donut\\git\\234-project-katalon-test\\Reports\\Login as user\\20180510_210307\\execution0.log"/>
         <property name="attachments" value=""/>
         <property name="hostName" value="Donut - DESKTOP-IGTTMO3"/>
         <property name="os" value="Windows 10 64bit"/>
         <property name="katalonVersion" value="5.3.1.1"/>
         <property name="browser" value="Chrome 66.0.3359.139"/>
         <property name="hostAddress" value="172.20.10.2"/>
         <property name="sessionId" value="0133047c6aa3dd5022cb1be940f4441f"/>
         <property name="seleniumVersion" value="3.7.1"/>
         <property name="proxyInformation" value="ProxyInformation{proxyOption=NO_PROXY, proxyServerType=HTTP, password=, proxyServerAddress=, proxyServerPort=0}"/>
         <property name="platform" value="Windows 10"/>
      </properties>
      <testcase name="Test Cases/Navigate to web" classname="Test Cases/Navigate to web" status="PASSED">
         <system-out><![CDATA[2018-05-10 21:03:10 - [TEST_CASE][PASSED] - Test Cases/Navigate to web: Test Cases/Navigate to web

2018-05-10 21:03:10 - [TEST_STEP][PASSED] - openBrowser: Browser is opened with url: ''

2018-05-10 21:03:14 - [MESSAGE][PASSED] - Browser is opened with url: ''

2018-05-10 21:03:14 - [TEST_STEP][PASSED] - navigateToUrl: Navigate to 'http://54.71.80.147:8086/' successfully

2018-05-10 21:03:24 - [MESSAGE][PASSED] - Navigate to 'http://54.71.80.147:8086/' successfully]]></system-out>
         <system-err><![CDATA[]]></system-err>
      </testcase>
      <testcase name="Test Cases/2-Login as User" classname="Test Cases/2-Login as User" status="PASSED">
         <system-out><![CDATA[2018-05-10 21:03:24 - [TEST_CASE][PASSED] - Test Cases/2-Login as User: Test Cases/2-Login as User

2018-05-10 21:03:25 - [TEST_STEP][PASSED] - setText: Text 'user' is set on object 'Object Repository/Login_Page/input_username'

2018-05-10 21:03:25 - [MESSAGE][PASSED] - Text 'user' is set on object 'Object Repository/Login_Page/input_username'

2018-05-10 21:03:25 - [TEST_STEP][PASSED] - setText: Text 'user' is set on object 'Object Repository/Login_Page/input_password'

2018-05-10 21:03:25 - [MESSAGE][PASSED] - Text 'user' is set on object 'Object Repository/Login_Page/input_password'

2018-05-10 21:03:25 - [TEST_STEP][PASSED] - click: Object: 'Object Repository/Login_Page/button_Login' is clicked on

2018-05-10 21:03:25 - [MESSAGE][PASSED] - Object: 'Object Repository/Login_Page/button_Login' is clicked on

2018-05-10 21:03:25 - [TEST_STEP][PASSED] - verifyElementText: Actual text and expected text of test object 'Object Repository/Navigation bar/Redirect to product' are matched.

2018-05-10 21:03:27 - [MESSAGE][PASSED] - Actual text and expected text of test object 'Object Repository/Navigation bar/Redirect to product' are matched.

2018-05-10 21:03:27 - [TEST_STEP][PASSED] - verifyElementText: Actual text and expected text of test object 'Object Repository/Navigation bar/Redirect to cart' are matched.

2018-05-10 21:03:27 - [MESSAGE][PASSED] - Actual text and expected text of test object 'Object Repository/Navigation bar/Redirect to cart' are matched.

2018-05-10 21:03:27 - [TEST_STEP][PASSED] - click: Object: 'Object Repository/Product page/Logout Button' is clicked on

2018-05-10 21:03:27 - [MESSAGE][PASSED] - Object: 'Object Repository/Product page/Logout Button' is clicked on

2018-05-10 21:03:27 - [TEST_STEP][PASSED] - verifyElementPresent: Object 'Object Repository/Login_Page/Login Header' is present

2018-05-10 21:03:27 - [MESSAGE][PASSED] - Object 'Object Repository/Login_Page/Login Header' is present]]></system-out>
         <system-err><![CDATA[]]></system-err>
      </testcase>
      <testcase name="Test Cases/2-Login as User" classname="Test Cases/2-Login as User" status="PASSED">
         <system-out><![CDATA[2018-05-10 21:03:27 - [TEST_CASE][PASSED] - Test Cases/2-Login as User: Test Cases/2-Login as User

2018-05-10 21:03:27 - [TEST_STEP][PASSED] - setText: Text 'hello' is set on object 'Object Repository/Login_Page/input_username'

2018-05-10 21:03:28 - [MESSAGE][PASSED] - Text 'hello' is set on object 'Object Repository/Login_Page/input_username'

2018-05-10 21:03:28 - [TEST_STEP][PASSED] - setText: Text 'hello' is set on object 'Object Repository/Login_Page/input_password'

2018-05-10 21:03:28 - [MESSAGE][PASSED] - Text 'hello' is set on object 'Object Repository/Login_Page/input_password'

2018-05-10 21:03:28 - [TEST_STEP][PASSED] - click: Object: 'Object Repository/Login_Page/button_Login' is clicked on

2018-05-10 21:03:28 - [MESSAGE][PASSED] - Object: 'Object Repository/Login_Page/button_Login' is clicked on

2018-05-10 21:03:28 - [TEST_STEP][PASSED] - verifyElementText: Actual text and expected text of test object 'Object Repository/Navigation bar/Redirect to product' are matched.

2018-05-10 21:03:28 - [MESSAGE][PASSED] - Actual text and expected text of test object 'Object Repository/Navigation bar/Redirect to product' are matched.

2018-05-10 21:03:28 - [TEST_STEP][PASSED] - verifyElementText: Actual text and expected text of test object 'Object Repository/Navigation bar/Redirect to cart' are matched.

2018-05-10 21:03:29 - [MESSAGE][PASSED] - Actual text and expected text of test object 'Object Repository/Navigation bar/Redirect to cart' are matched.

2018-05-10 21:03:29 - [TEST_STEP][PASSED] - click: Object: 'Object Repository/Product page/Logout Button' is clicked on

2018-05-10 21:03:29 - [MESSAGE][PASSED] - Object: 'Object Repository/Product page/Logout Button' is clicked on

2018-05-10 21:03:29 - [TEST_STEP][PASSED] - verifyElementPresent: Object 'Object Repository/Login_Page/Login Header' is present

2018-05-10 21:03:29 - [MESSAGE][PASSED] - Object 'Object Repository/Login_Page/Login Header' is present]]></system-out>
         <system-err><![CDATA[]]></system-err>
      </testcase>
      <testcase name="Test Cases/Exit browser" classname="Test Cases/Exit browser" status="PASSED">
         <system-out><![CDATA[2018-05-10 21:03:29 - [TEST_CASE][PASSED] - Test Cases/Exit browser: Test Cases/Exit browser

2018-05-10 21:03:29 - [TEST_STEP][PASSED] - closeBrowser: Browser is closed

2018-05-10 21:03:30 - [MESSAGE][PASSED] - Browser is closed]]></system-out>
         <system-err><![CDATA[]]></system-err>
      </testcase>
      <system-out><![CDATA[2018-05-10 21:03:09 - [TEST_SUITE][PASSED] - Login as user: Test Cases/Exit browser]]></system-out>
      <system-err><![CDATA[]]></system-err>
   </testsuite>
</testsuites>
