<?xml version="1.0" encoding="UTF-8"?>
<testsuites name="Test selecting and updating amount in cart page change total price" time="101" tests="6" failures="0" errors="0">
   <testsuite name="Test selecting and updating amount in cart page change total price" tests="6" failures="0" errors="0" time="101" timestamp="2018-05-10 21:59:46" hostname="Donut - DESKTOP-IGTTMO3" id="Test Suites/Test selecting and updating amount in cart page change total price">
      <properties>
         <property name="deviceName" value=""/>
         <property name="devicePlatform" value=""/>
         <property name="logFolder" value="C:\\Users\\Donut\\git\\234-project-katalon-test\\Reports\\Test selecting and updating amount in cart page change total price\\20180510_215944"/>
         <property name="logFiles" value="C:\\Users\\Donut\\git\\234-project-katalon-test\\Reports\\Test selecting and updating amount in cart page change total price\\20180510_215944\\execution0.log"/>
         <property name="attachments" value=""/>
         <property name="hostName" value="Donut - DESKTOP-IGTTMO3"/>
         <property name="os" value="Windows 10 64bit"/>
         <property name="katalonVersion" value="5.3.1.1"/>
         <property name="browser" value="Chrome 66.0.3359.139"/>
         <property name="hostAddress" value="172.20.10.2"/>
         <property name="sessionId" value="f856f9003677450b8b210bfcfdab00b3"/>
         <property name="seleniumVersion" value="3.7.1"/>
         <property name="proxyInformation" value="ProxyInformation{proxyOption=NO_PROXY, proxyServerType=HTTP, password=, proxyServerAddress=, proxyServerPort=0}"/>
         <property name="platform" value="Windows 10"/>
      </properties>
      <testcase name="Test Cases/Navigate to web" classname="Test Cases/Navigate to web" status="PASSED">
         <system-out><![CDATA[2018-05-10 21:59:47 - [TEST_CASE][PASSED] - Test Cases/Navigate to web: Test Cases/Navigate to web

2018-05-10 21:59:47 - [TEST_STEP][PASSED] - openBrowser: Browser is opened with url: ''

2018-05-10 21:59:52 - [MESSAGE][PASSED] - Browser is opened with url: ''

2018-05-10 21:59:52 - [TEST_STEP][PASSED] - navigateToUrl: Navigate to 'http://54.71.80.147:8086/' successfully

2018-05-10 21:59:58 - [MESSAGE][PASSED] - Navigate to 'http://54.71.80.147:8086/' successfully]]></system-out>
         <system-err><![CDATA[]]></system-err>
      </testcase>
      <testcase name="Test Cases/Change amount in cart" classname="Test Cases/Change amount in cart" status="PASSED">
         <system-out><![CDATA[2018-05-10 21:59:58 - [TEST_CASE][PASSED] - Test Cases/Change amount in cart: Test Cases/Change amount in cart

2018-05-10 21:59:58 - [TEST_STEP][PASSED] - setText: Text 'user' is set on object 'Object Repository/Login_Page/input_username'

2018-05-10 21:59:59 - [MESSAGE][PASSED] - Text 'user' is set on object 'Object Repository/Login_Page/input_username'

2018-05-10 21:59:59 - [TEST_STEP][PASSED] - setText: Text 'user' is set on object 'Object Repository/Login_Page/input_password'

2018-05-10 21:59:59 - [MESSAGE][PASSED] - Text 'user' is set on object 'Object Repository/Login_Page/input_password'

2018-05-10 21:59:59 - [TEST_STEP][PASSED] - click: Object: 'Object Repository/Login_Page/button_Login' is clicked on

2018-05-10 21:59:59 - [MESSAGE][PASSED] - Object: 'Object Repository/Login_Page/button_Login' is clicked on

2018-05-10 21:59:59 - [TEST_STEP][PASSED] - delay: Delayed 2 second(s)

2018-05-10 22:00:01 - [MESSAGE][PASSED] - Delayed 2 second(s)

2018-05-10 22:00:01 - [TEST_STEP][PASSED] - waitForElementPresent: Object 'Object Repository/Product page/Header_Products' is present

2018-05-10 22:00:01 - [MESSAGE][PASSED] - Object 'Object Repository/Product page/Header_Products' is present

2018-05-10 22:00:01 - [TEST_STEP][PASSED] - delay: Delayed 5 second(s)

2018-05-10 22:00:06 - [MESSAGE][PASSED] - Delayed 5 second(s)

2018-05-10 22:00:06 - [TEST_STEP][PASSED] - Statement - driver = com.kms.katalon.core.webui.driver.DriverFactory.getWebDriver(): null

2018-05-10 22:00:06 - [TEST_STEP][PASSED] - Statement - Products = driver.findElement(org.openqa.selenium.By.xpath("/html/body/app-root/app-product-list/div/div[2]/div")): null

2018-05-10 22:00:06 - [TEST_STEP][PASSED] - Statement - farmerCards = Products.findElements(org.openqa.selenium.By.className("farmer-card")): null

2018-05-10 22:00:06 - [TEST_STEP][PASSED] - Statement - For ([i = 1, i <= farmerCards.size(), (i++)]): Actual text and expected text of test object 'Object Repository/Product page/cart amount label' are matched.

2018-05-10 22:00:06 - [TEST_STEP][PASSED] - Statement - buttonAddProduct = new com.kms.katalon.core.testobject.TestObject(): null

2018-05-10 22:00:06 - [TEST_STEP][PASSED] - Statement - buttonAddProduct.addProperty("xpath", EQUALS, "/html/body/app-root/app-product-list/div/div[2]/div/div[" + i + "]/a/div[2]/div[2]/button"): null

2018-05-10 22:00:06 - [TEST_STEP][PASSED] - verifyElementText: Actual text and expected text of test object '' are matched.

2018-05-10 22:00:06 - [MESSAGE][PASSED] - Actual text and expected text of test object '' are matched.

2018-05-10 22:00:06 - [TEST_STEP][PASSED] - click: Object: '' is clicked on

2018-05-10 22:00:06 - [MESSAGE][PASSED] - Object: '' is clicked on

2018-05-10 22:00:06 - [TEST_STEP][PASSED] - verifyElementText: Actual text and expected text of test object '' are matched.

2018-05-10 22:00:06 - [MESSAGE][PASSED] - Actual text and expected text of test object '' are matched.

2018-05-10 22:00:06 - [TEST_STEP][PASSED] - Statement - println(buttonAddProduct): null

2018-05-10 22:00:06 - [TEST_STEP][PASSED] - verifyElementText: Actual text and expected text of test object 'Object Repository/Product page/cart amount label' are matched.

2018-05-10 22:00:07 - [MESSAGE][PASSED] - Actual text and expected text of test object 'Object Repository/Product page/cart amount label' are matched.

2018-05-10 22:00:07 - [TEST_STEP][PASSED] - Statement - buttonAddProduct = new com.kms.katalon.core.testobject.TestObject(): null

2018-05-10 22:00:07 - [TEST_STEP][PASSED] - Statement - buttonAddProduct.addProperty("xpath", EQUALS, "/html/body/app-root/app-product-list/div/div[2]/div/div[" + i + "]/a/div[2]/div[2]/button"): null

2018-05-10 22:00:07 - [TEST_STEP][PASSED] - verifyElementText: Actual text and expected text of test object '' are matched.

2018-05-10 22:00:07 - [MESSAGE][PASSED] - Actual text and expected text of test object '' are matched.

2018-05-10 22:00:07 - [TEST_STEP][PASSED] - click: Object: '' is clicked on

2018-05-10 22:00:07 - [MESSAGE][PASSED] - Object: '' is clicked on

2018-05-10 22:00:07 - [TEST_STEP][PASSED] - verifyElementText: Actual text and expected text of test object '' are matched.

2018-05-10 22:00:07 - [MESSAGE][PASSED] - Actual text and expected text of test object '' are matched.

2018-05-10 22:00:07 - [TEST_STEP][PASSED] - Statement - println(buttonAddProduct): null

2018-05-10 22:00:07 - [TEST_STEP][PASSED] - verifyElementText: Actual text and expected text of test object 'Object Repository/Product page/cart amount label' are matched.

2018-05-10 22:00:07 - [MESSAGE][PASSED] - Actual text and expected text of test object 'Object Repository/Product page/cart amount label' are matched.

2018-05-10 22:00:07 - [TEST_STEP][PASSED] - Statement - buttonAddProduct = new com.kms.katalon.core.testobject.TestObject(): null

2018-05-10 22:00:07 - [TEST_STEP][PASSED] - Statement - buttonAddProduct.addProperty("xpath", EQUALS, "/html/body/app-root/app-product-list/div/div[2]/div/div[" + i + "]/a/div[2]/div[2]/button"): null

2018-05-10 22:00:07 - [TEST_STEP][PASSED] - verifyElementText: Actual text and expected text of test object '' are matched.

2018-05-10 22:00:07 - [MESSAGE][PASSED] - Actual text and expected text of test object '' are matched.

2018-05-10 22:00:07 - [TEST_STEP][PASSED] - click: Object: '' is clicked on

2018-05-10 22:00:07 - [MESSAGE][PASSED] - Object: '' is clicked on

2018-05-10 22:00:07 - [TEST_STEP][PASSED] - verifyElementText: Actual text and expected text of test object '' are matched.

2018-05-10 22:00:07 - [MESSAGE][PASSED] - Actual text and expected text of test object '' are matched.

2018-05-10 22:00:07 - [TEST_STEP][PASSED] - Statement - println(buttonAddProduct): null

2018-05-10 22:00:07 - [TEST_STEP][PASSED] - verifyElementText: Actual text and expected text of test object 'Object Repository/Product page/cart amount label' are matched.

2018-05-10 22:00:07 - [MESSAGE][PASSED] - Actual text and expected text of test object 'Object Repository/Product page/cart amount label' are matched.

2018-05-10 22:00:07 - [TEST_STEP][PASSED] - Statement - buttonAddProduct = new com.kms.katalon.core.testobject.TestObject(): null

2018-05-10 22:00:07 - [TEST_STEP][PASSED] - Statement - buttonAddProduct.addProperty("xpath", EQUALS, "/html/body/app-root/app-product-list/div/div[2]/div/div[" + i + "]/a/div[2]/div[2]/button"): null

2018-05-10 22:00:07 - [TEST_STEP][PASSED] - verifyElementText: Actual text and expected text of test object '' are matched.

2018-05-10 22:00:07 - [MESSAGE][PASSED] - Actual text and expected text of test object '' are matched.

2018-05-10 22:00:07 - [TEST_STEP][PASSED] - click: Object: '' is clicked on

2018-05-10 22:00:07 - [MESSAGE][PASSED] - Object: '' is clicked on

2018-05-10 22:00:07 - [TEST_STEP][PASSED] - verifyElementText: Actual text and expected text of test object '' are matched.

2018-05-10 22:00:08 - [MESSAGE][PASSED] - Actual text and expected text of test object '' are matched.

2018-05-10 22:00:08 - [TEST_STEP][PASSED] - Statement - println(buttonAddProduct): null

2018-05-10 22:00:08 - [TEST_STEP][PASSED] - verifyElementText: Actual text and expected text of test object 'Object Repository/Product page/cart amount label' are matched.

2018-05-10 22:00:08 - [MESSAGE][PASSED] - Actual text and expected text of test object 'Object Repository/Product page/cart amount label' are matched.

2018-05-10 22:00:08 - [TEST_STEP][PASSED] - Statement - buttonAddProduct = new com.kms.katalon.core.testobject.TestObject(): null

2018-05-10 22:00:08 - [TEST_STEP][PASSED] - Statement - buttonAddProduct.addProperty("xpath", EQUALS, "/html/body/app-root/app-product-list/div/div[2]/div/div[" + i + "]/a/div[2]/div[2]/button"): null

2018-05-10 22:00:08 - [TEST_STEP][PASSED] - verifyElementText: Actual text and expected text of test object '' are matched.

2018-05-10 22:00:08 - [MESSAGE][PASSED] - Actual text and expected text of test object '' are matched.

2018-05-10 22:00:08 - [TEST_STEP][PASSED] - click: Object: '' is clicked on

2018-05-10 22:00:08 - [MESSAGE][PASSED] - Object: '' is clicked on

2018-05-10 22:00:08 - [TEST_STEP][PASSED] - verifyElementText: Actual text and expected text of test object '' are matched.

2018-05-10 22:00:08 - [MESSAGE][PASSED] - Actual text and expected text of test object '' are matched.

2018-05-10 22:00:08 - [TEST_STEP][PASSED] - Statement - println(buttonAddProduct): null

2018-05-10 22:00:08 - [TEST_STEP][PASSED] - verifyElementText: Actual text and expected text of test object 'Object Repository/Product page/cart amount label' are matched.

2018-05-10 22:00:08 - [MESSAGE][PASSED] - Actual text and expected text of test object 'Object Repository/Product page/cart amount label' are matched.

2018-05-10 22:00:08 - [TEST_STEP][PASSED] - delay: Delayed 2 second(s)

2018-05-10 22:00:10 - [MESSAGE][PASSED] - Delayed 2 second(s)

2018-05-10 22:00:10 - [TEST_STEP][PASSED] - click: Object: 'Object Repository/Navigation bar/Redirect to cart' is clicked on

2018-05-10 22:00:10 - [MESSAGE][PASSED] - Object: 'Object Repository/Navigation bar/Redirect to cart' is clicked on

2018-05-10 22:00:10 - [TEST_STEP][PASSED] - delay: Delayed 2 second(s)

2018-05-10 22:00:12 - [MESSAGE][PASSED] - Delayed 2 second(s)

2018-05-10 22:00:12 - [TEST_STEP][PASSED] - Statement - items = driver.findElement(org.openqa.selenium.By.xpath("/html/body/app-root/app-cart-list/div/div/table")): null

2018-05-10 22:00:12 - [TEST_STEP][PASSED] - Statement - itemInTable = items.findElements(org.openqa.selenium.By.tagName("tr")): null

2018-05-10 22:00:12 - [TEST_STEP][PASSED] - Statement - prices = new java.util.ArrayList(): null

2018-05-10 22:00:12 - [TEST_STEP][PASSED] - Statement - For ([i = 1, i < size, (i++)]): null

2018-05-10 22:00:12 - [TEST_STEP][PASSED] - Statement - product = new com.kms.katalon.core.testobject.TestObject(): null

2018-05-10 22:00:12 - [TEST_STEP][PASSED] - Statement - product.addProperty("xpath", EQUALS, "//*[@id="add-row"]/div/table/tbody/tr[" + i + "]/td[2]"): null

2018-05-10 22:00:12 - [TEST_STEP][PASSED] - Statement - prices.add(java.lang.Integer.parseInt(com.kms.katalon.core.webui.keyword.WebUiBuiltInKeywords.getText(product).replace(" THB", "").replace(",", ""))): Text of object '' is: '20,000 THB'

2018-05-10 22:00:12 - [MESSAGE][PASSED] - Text of object '' is: '20,000 THB'

2018-05-10 22:00:12 - [TEST_STEP][PASSED] - Statement - println("No:" + i + "price" + prices.get(i - 1)): null

2018-05-10 22:00:12 - [TEST_STEP][PASSED] - Statement - product = new com.kms.katalon.core.testobject.TestObject(): null

2018-05-10 22:00:12 - [TEST_STEP][PASSED] - Statement - product.addProperty("xpath", EQUALS, "//*[@id="add-row"]/div/table/tbody/tr[" + i + "]/td[2]"): null

2018-05-10 22:00:12 - [TEST_STEP][PASSED] - Statement - prices.add(java.lang.Integer.parseInt(com.kms.katalon.core.webui.keyword.WebUiBuiltInKeywords.getText(product).replace(" THB", "").replace(",", ""))): Text of object '' is: '150 THB'

2018-05-10 22:00:12 - [MESSAGE][PASSED] - Text of object '' is: '150 THB'

2018-05-10 22:00:12 - [TEST_STEP][PASSED] - Statement - println("No:" + i + "price" + prices.get(i - 1)): null

2018-05-10 22:00:12 - [TEST_STEP][PASSED] - Statement - product = new com.kms.katalon.core.testobject.TestObject(): null

2018-05-10 22:00:12 - [TEST_STEP][PASSED] - Statement - product.addProperty("xpath", EQUALS, "//*[@id="add-row"]/div/table/tbody/tr[" + i + "]/td[2]"): null

2018-05-10 22:00:12 - [TEST_STEP][PASSED] - Statement - prices.add(java.lang.Integer.parseInt(com.kms.katalon.core.webui.keyword.WebUiBuiltInKeywords.getText(product).replace(" THB", "").replace(",", ""))): Text of object '' is: '280 THB'

2018-05-10 22:00:13 - [MESSAGE][PASSED] - Text of object '' is: '280 THB'

2018-05-10 22:00:13 - [TEST_STEP][PASSED] - Statement - println("No:" + i + "price" + prices.get(i - 1)): null

2018-05-10 22:00:13 - [TEST_STEP][PASSED] - Statement - product = new com.kms.katalon.core.testobject.TestObject(): null

2018-05-10 22:00:13 - [TEST_STEP][PASSED] - Statement - product.addProperty("xpath", EQUALS, "//*[@id="add-row"]/div/table/tbody/tr[" + i + "]/td[2]"): null

2018-05-10 22:00:13 - [TEST_STEP][PASSED] - Statement - prices.add(java.lang.Integer.parseInt(com.kms.katalon.core.webui.keyword.WebUiBuiltInKeywords.getText(product).replace(" THB", "").replace(",", ""))): Text of object '' is: '12 THB'

2018-05-10 22:00:13 - [MESSAGE][PASSED] - Text of object '' is: '12 THB'

2018-05-10 22:00:13 - [TEST_STEP][PASSED] - Statement - println("No:" + i + "price" + prices.get(i - 1)): null

2018-05-10 22:00:13 - [TEST_STEP][PASSED] - Statement - product = new com.kms.katalon.core.testobject.TestObject(): null

2018-05-10 22:00:13 - [TEST_STEP][PASSED] - Statement - product.addProperty("xpath", EQUALS, "//*[@id="add-row"]/div/table/tbody/tr[" + i + "]/td[2]"): null

2018-05-10 22:00:13 - [TEST_STEP][PASSED] - Statement - prices.add(java.lang.Integer.parseInt(com.kms.katalon.core.webui.keyword.WebUiBuiltInKeywords.getText(product).replace(" THB", "").replace(",", ""))): Text of object '' is: '20 THB'

2018-05-10 22:00:13 - [MESSAGE][PASSED] - Text of object '' is: '20 THB'

2018-05-10 22:00:13 - [TEST_STEP][PASSED] - Statement - println("No:" + i + "price" + prices.get(i - 1)): null

2018-05-10 22:00:13 - [TEST_STEP][PASSED] - setText: Text '2' is set on object 'Object Repository/Cart Page/item1'

2018-05-10 22:00:13 - [MESSAGE][PASSED] - Text '2' is set on object 'Object Repository/Cart Page/item1'

2018-05-10 22:00:13 - [TEST_STEP][PASSED] - setText: Text '4' is set on object 'Object Repository/Cart Page/item2'

2018-05-10 22:00:13 - [MESSAGE][PASSED] - Text '4' is set on object 'Object Repository/Cart Page/item2'

2018-05-10 22:00:13 - [TEST_STEP][PASSED] - setText: Text '5' is set on object 'Object Repository/Cart Page/item3'

2018-05-10 22:00:13 - [MESSAGE][PASSED] - Text '5' is set on object 'Object Repository/Cart Page/item3'

2018-05-10 22:00:13 - [TEST_STEP][PASSED] - setText: Text '1' is set on object 'Object Repository/Cart Page/item4'

2018-05-10 22:00:13 - [MESSAGE][PASSED] - Text '1' is set on object 'Object Repository/Cart Page/item4'

2018-05-10 22:00:13 - [TEST_STEP][PASSED] - setText: Text '3' is set on object 'Object Repository/Cart Page/item5'

2018-05-10 22:00:14 - [MESSAGE][PASSED] - Text '3' is set on object 'Object Repository/Cart Page/item5'

2018-05-10 22:00:14 - [TEST_STEP][PASSED] - Statement - finalPrice = java.lang.Integer.parseInt(item_1_amount) * prices.get(0): null

2018-05-10 22:00:14 - [TEST_STEP][PASSED] - Statement - finalPrice = finalPrice + java.lang.Integer.parseInt(item_2_amount) * prices.get(1): null

2018-05-10 22:00:14 - [TEST_STEP][PASSED] - Statement - finalPrice = finalPrice + java.lang.Integer.parseInt(item_3_amount) * prices.get(2): null

2018-05-10 22:00:14 - [TEST_STEP][PASSED] - Statement - finalPrice = finalPrice + java.lang.Integer.parseInt(item_4_amount) * prices.get(3): null

2018-05-10 22:00:14 - [TEST_STEP][PASSED] - Statement - finalPrice = finalPrice + java.lang.Integer.parseInt(item_5_amount) * prices.get(4): null

2018-05-10 22:00:14 - [TEST_STEP][PASSED] - Statement - priceInString = java.lang.String.format("%,d", finalPrice): null

2018-05-10 22:00:14 - [TEST_STEP][PASSED] - Statement - println(priceInString): null

2018-05-10 22:00:14 - [TEST_STEP][PASSED] - delay: Delayed 5 second(s)

2018-05-10 22:00:19 - [MESSAGE][PASSED] - Delayed 5 second(s)

2018-05-10 22:00:19 - [TEST_STEP][PASSED] - verifyElementText: Actual text and expected text of test object 'Object Repository/Cart Page/Total price  label' are matched.

2018-05-10 22:00:19 - [MESSAGE][PASSED] - Actual text and expected text of test object 'Object Repository/Cart Page/Total price  label' are matched.

2018-05-10 22:00:19 - [TEST_STEP][PASSED] - delay: Delayed 2 second(s)

2018-05-10 22:00:21 - [MESSAGE][PASSED] - Delayed 2 second(s)

2018-05-10 22:00:21 - [TEST_STEP][PASSED] - click: Object: 'Object Repository/Navigation bar/Logout Button' is clicked on

2018-05-10 22:00:21 - [MESSAGE][PASSED] - Object: 'Object Repository/Navigation bar/Logout Button' is clicked on

2018-05-10 22:00:21 - [TEST_STEP][PASSED] - verifyElementPresent: Object 'Object Repository/Login_Page/Login Header' is present

2018-05-10 22:00:21 - [MESSAGE][PASSED] - Object 'Object Repository/Login_Page/Login Header' is present]]></system-out>
         <system-err><![CDATA[]]></system-err>
      </testcase>
      <testcase name="Test Cases/Change amount in cart" classname="Test Cases/Change amount in cart" status="PASSED">
         <system-out><![CDATA[2018-05-10 22:00:21 - [TEST_CASE][PASSED] - Test Cases/Change amount in cart: Test Cases/Change amount in cart

2018-05-10 22:00:21 - [TEST_STEP][PASSED] - setText: Text 'user' is set on object 'Object Repository/Login_Page/input_username'

2018-05-10 22:00:21 - [MESSAGE][PASSED] - Text 'user' is set on object 'Object Repository/Login_Page/input_username'

2018-05-10 22:00:21 - [TEST_STEP][PASSED] - setText: Text 'user' is set on object 'Object Repository/Login_Page/input_password'

2018-05-10 22:00:21 - [MESSAGE][PASSED] - Text 'user' is set on object 'Object Repository/Login_Page/input_password'

2018-05-10 22:00:21 - [TEST_STEP][PASSED] - click: Object: 'Object Repository/Login_Page/button_Login' is clicked on

2018-05-10 22:00:22 - [MESSAGE][PASSED] - Object: 'Object Repository/Login_Page/button_Login' is clicked on

2018-05-10 22:00:22 - [TEST_STEP][PASSED] - delay: Delayed 2 second(s)

2018-05-10 22:00:24 - [MESSAGE][PASSED] - Delayed 2 second(s)

2018-05-10 22:00:24 - [TEST_STEP][PASSED] - waitForElementPresent: Object 'Object Repository/Product page/Header_Products' is present

2018-05-10 22:00:24 - [MESSAGE][PASSED] - Object 'Object Repository/Product page/Header_Products' is present

2018-05-10 22:00:24 - [TEST_STEP][PASSED] - delay: Delayed 5 second(s)

2018-05-10 22:00:29 - [MESSAGE][PASSED] - Delayed 5 second(s)

2018-05-10 22:00:29 - [TEST_STEP][PASSED] - Statement - driver = com.kms.katalon.core.webui.driver.DriverFactory.getWebDriver(): null

2018-05-10 22:00:29 - [TEST_STEP][PASSED] - Statement - Products = driver.findElement(org.openqa.selenium.By.xpath("/html/body/app-root/app-product-list/div/div[2]/div")): null

2018-05-10 22:00:29 - [TEST_STEP][PASSED] - Statement - farmerCards = Products.findElements(org.openqa.selenium.By.className("farmer-card")): null

2018-05-10 22:00:29 - [TEST_STEP][PASSED] - Statement - For ([i = 1, i <= farmerCards.size(), (i++)]): Actual text and expected text of test object 'Object Repository/Product page/cart amount label' are matched.

2018-05-10 22:00:29 - [TEST_STEP][PASSED] - Statement - buttonAddProduct = new com.kms.katalon.core.testobject.TestObject(): null

2018-05-10 22:00:29 - [TEST_STEP][PASSED] - Statement - buttonAddProduct.addProperty("xpath", EQUALS, "/html/body/app-root/app-product-list/div/div[2]/div/div[" + i + "]/a/div[2]/div[2]/button"): null

2018-05-10 22:00:29 - [TEST_STEP][PASSED] - verifyElementText: Actual text and expected text of test object '' are matched.

2018-05-10 22:00:29 - [MESSAGE][PASSED] - Actual text and expected text of test object '' are matched.

2018-05-10 22:00:29 - [TEST_STEP][PASSED] - click: Object: '' is clicked on

2018-05-10 22:00:29 - [MESSAGE][PASSED] - Object: '' is clicked on

2018-05-10 22:00:29 - [TEST_STEP][PASSED] - verifyElementText: Actual text and expected text of test object '' are matched.

2018-05-10 22:00:29 - [MESSAGE][PASSED] - Actual text and expected text of test object '' are matched.

2018-05-10 22:00:29 - [TEST_STEP][PASSED] - Statement - println(buttonAddProduct): null

2018-05-10 22:00:29 - [TEST_STEP][PASSED] - verifyElementText: Actual text and expected text of test object 'Object Repository/Product page/cart amount label' are matched.

2018-05-10 22:00:29 - [MESSAGE][PASSED] - Actual text and expected text of test object 'Object Repository/Product page/cart amount label' are matched.

2018-05-10 22:00:29 - [TEST_STEP][PASSED] - Statement - buttonAddProduct = new com.kms.katalon.core.testobject.TestObject(): null

2018-05-10 22:00:29 - [TEST_STEP][PASSED] - Statement - buttonAddProduct.addProperty("xpath", EQUALS, "/html/body/app-root/app-product-list/div/div[2]/div/div[" + i + "]/a/div[2]/div[2]/button"): null

2018-05-10 22:00:29 - [TEST_STEP][PASSED] - verifyElementText: Actual text and expected text of test object '' are matched.

2018-05-10 22:00:29 - [MESSAGE][PASSED] - Actual text and expected text of test object '' are matched.

2018-05-10 22:00:29 - [TEST_STEP][PASSED] - click: Object: '' is clicked on

2018-05-10 22:00:29 - [MESSAGE][PASSED] - Object: '' is clicked on

2018-05-10 22:00:29 - [TEST_STEP][PASSED] - verifyElementText: Actual text and expected text of test object '' are matched.

2018-05-10 22:00:29 - [MESSAGE][PASSED] - Actual text and expected text of test object '' are matched.

2018-05-10 22:00:29 - [TEST_STEP][PASSED] - Statement - println(buttonAddProduct): null

2018-05-10 22:00:29 - [TEST_STEP][PASSED] - verifyElementText: Actual text and expected text of test object 'Object Repository/Product page/cart amount label' are matched.

2018-05-10 22:00:29 - [MESSAGE][PASSED] - Actual text and expected text of test object 'Object Repository/Product page/cart amount label' are matched.

2018-05-10 22:00:29 - [TEST_STEP][PASSED] - Statement - buttonAddProduct = new com.kms.katalon.core.testobject.TestObject(): null

2018-05-10 22:00:29 - [TEST_STEP][PASSED] - Statement - buttonAddProduct.addProperty("xpath", EQUALS, "/html/body/app-root/app-product-list/div/div[2]/div/div[" + i + "]/a/div[2]/div[2]/button"): null

2018-05-10 22:00:29 - [TEST_STEP][PASSED] - verifyElementText: Actual text and expected text of test object '' are matched.

2018-05-10 22:00:29 - [MESSAGE][PASSED] - Actual text and expected text of test object '' are matched.

2018-05-10 22:00:29 - [TEST_STEP][PASSED] - click: Object: '' is clicked on

2018-05-10 22:00:30 - [MESSAGE][PASSED] - Object: '' is clicked on

2018-05-10 22:00:30 - [TEST_STEP][PASSED] - verifyElementText: Actual text and expected text of test object '' are matched.

2018-05-10 22:00:30 - [MESSAGE][PASSED] - Actual text and expected text of test object '' are matched.

2018-05-10 22:00:30 - [TEST_STEP][PASSED] - Statement - println(buttonAddProduct): null

2018-05-10 22:00:30 - [TEST_STEP][PASSED] - verifyElementText: Actual text and expected text of test object 'Object Repository/Product page/cart amount label' are matched.

2018-05-10 22:00:30 - [MESSAGE][PASSED] - Actual text and expected text of test object 'Object Repository/Product page/cart amount label' are matched.

2018-05-10 22:00:30 - [TEST_STEP][PASSED] - Statement - buttonAddProduct = new com.kms.katalon.core.testobject.TestObject(): null

2018-05-10 22:00:30 - [TEST_STEP][PASSED] - Statement - buttonAddProduct.addProperty("xpath", EQUALS, "/html/body/app-root/app-product-list/div/div[2]/div/div[" + i + "]/a/div[2]/div[2]/button"): null

2018-05-10 22:00:30 - [TEST_STEP][PASSED] - verifyElementText: Actual text and expected text of test object '' are matched.

2018-05-10 22:00:30 - [MESSAGE][PASSED] - Actual text and expected text of test object '' are matched.

2018-05-10 22:00:30 - [TEST_STEP][PASSED] - click: Object: '' is clicked on

2018-05-10 22:00:30 - [MESSAGE][PASSED] - Object: '' is clicked on

2018-05-10 22:00:30 - [TEST_STEP][PASSED] - verifyElementText: Actual text and expected text of test object '' are matched.

2018-05-10 22:00:30 - [MESSAGE][PASSED] - Actual text and expected text of test object '' are matched.

2018-05-10 22:00:30 - [TEST_STEP][PASSED] - Statement - println(buttonAddProduct): null

2018-05-10 22:00:30 - [TEST_STEP][PASSED] - verifyElementText: Actual text and expected text of test object 'Object Repository/Product page/cart amount label' are matched.

2018-05-10 22:00:30 - [MESSAGE][PASSED] - Actual text and expected text of test object 'Object Repository/Product page/cart amount label' are matched.

2018-05-10 22:00:30 - [TEST_STEP][PASSED] - Statement - buttonAddProduct = new com.kms.katalon.core.testobject.TestObject(): null

2018-05-10 22:00:30 - [TEST_STEP][PASSED] - Statement - buttonAddProduct.addProperty("xpath", EQUALS, "/html/body/app-root/app-product-list/div/div[2]/div/div[" + i + "]/a/div[2]/div[2]/button"): null

2018-05-10 22:00:30 - [TEST_STEP][PASSED] - verifyElementText: Actual text and expected text of test object '' are matched.

2018-05-10 22:00:30 - [MESSAGE][PASSED] - Actual text and expected text of test object '' are matched.

2018-05-10 22:00:30 - [TEST_STEP][PASSED] - click: Object: '' is clicked on

2018-05-10 22:00:30 - [MESSAGE][PASSED] - Object: '' is clicked on

2018-05-10 22:00:30 - [TEST_STEP][PASSED] - verifyElementText: Actual text and expected text of test object '' are matched.

2018-05-10 22:00:30 - [MESSAGE][PASSED] - Actual text and expected text of test object '' are matched.

2018-05-10 22:00:30 - [TEST_STEP][PASSED] - Statement - println(buttonAddProduct): null

2018-05-10 22:00:30 - [TEST_STEP][PASSED] - verifyElementText: Actual text and expected text of test object 'Object Repository/Product page/cart amount label' are matched.

2018-05-10 22:00:30 - [MESSAGE][PASSED] - Actual text and expected text of test object 'Object Repository/Product page/cart amount label' are matched.

2018-05-10 22:00:30 - [TEST_STEP][PASSED] - delay: Delayed 2 second(s)

2018-05-10 22:00:32 - [MESSAGE][PASSED] - Delayed 2 second(s)

2018-05-10 22:00:32 - [TEST_STEP][PASSED] - click: Object: 'Object Repository/Navigation bar/Redirect to cart' is clicked on

2018-05-10 22:00:32 - [MESSAGE][PASSED] - Object: 'Object Repository/Navigation bar/Redirect to cart' is clicked on

2018-05-10 22:00:32 - [TEST_STEP][PASSED] - delay: Delayed 2 second(s)

2018-05-10 22:00:34 - [MESSAGE][PASSED] - Delayed 2 second(s)

2018-05-10 22:00:34 - [TEST_STEP][PASSED] - Statement - items = driver.findElement(org.openqa.selenium.By.xpath("/html/body/app-root/app-cart-list/div/div/table")): null

2018-05-10 22:00:34 - [TEST_STEP][PASSED] - Statement - itemInTable = items.findElements(org.openqa.selenium.By.tagName("tr")): null

2018-05-10 22:00:35 - [TEST_STEP][PASSED] - Statement - prices = new java.util.ArrayList(): null

2018-05-10 22:00:35 - [TEST_STEP][PASSED] - Statement - For ([i = 1, i < size, (i++)]): null

2018-05-10 22:00:35 - [TEST_STEP][PASSED] - Statement - product = new com.kms.katalon.core.testobject.TestObject(): null

2018-05-10 22:00:35 - [TEST_STEP][PASSED] - Statement - product.addProperty("xpath", EQUALS, "//*[@id="add-row"]/div/table/tbody/tr[" + i + "]/td[2]"): null

2018-05-10 22:00:35 - [TEST_STEP][PASSED] - Statement - prices.add(java.lang.Integer.parseInt(com.kms.katalon.core.webui.keyword.WebUiBuiltInKeywords.getText(product).replace(" THB", "").replace(",", ""))): Text of object '' is: '20,000 THB'

2018-05-10 22:00:35 - [MESSAGE][PASSED] - Text of object '' is: '20,000 THB'

2018-05-10 22:00:35 - [TEST_STEP][PASSED] - Statement - println("No:" + i + "price" + prices.get(i - 1)): null

2018-05-10 22:00:35 - [TEST_STEP][PASSED] - Statement - product = new com.kms.katalon.core.testobject.TestObject(): null

2018-05-10 22:00:35 - [TEST_STEP][PASSED] - Statement - product.addProperty("xpath", EQUALS, "//*[@id="add-row"]/div/table/tbody/tr[" + i + "]/td[2]"): null

2018-05-10 22:00:35 - [TEST_STEP][PASSED] - Statement - prices.add(java.lang.Integer.parseInt(com.kms.katalon.core.webui.keyword.WebUiBuiltInKeywords.getText(product).replace(" THB", "").replace(",", ""))): Text of object '' is: '150 THB'

2018-05-10 22:00:35 - [MESSAGE][PASSED] - Text of object '' is: '150 THB'

2018-05-10 22:00:35 - [TEST_STEP][PASSED] - Statement - println("No:" + i + "price" + prices.get(i - 1)): null

2018-05-10 22:00:35 - [TEST_STEP][PASSED] - Statement - product = new com.kms.katalon.core.testobject.TestObject(): null

2018-05-10 22:00:35 - [TEST_STEP][PASSED] - Statement - product.addProperty("xpath", EQUALS, "//*[@id="add-row"]/div/table/tbody/tr[" + i + "]/td[2]"): null

2018-05-10 22:00:35 - [TEST_STEP][PASSED] - Statement - prices.add(java.lang.Integer.parseInt(com.kms.katalon.core.webui.keyword.WebUiBuiltInKeywords.getText(product).replace(" THB", "").replace(",", ""))): Text of object '' is: '280 THB'

2018-05-10 22:00:35 - [MESSAGE][PASSED] - Text of object '' is: '280 THB'

2018-05-10 22:00:35 - [TEST_STEP][PASSED] - Statement - println("No:" + i + "price" + prices.get(i - 1)): null

2018-05-10 22:00:35 - [TEST_STEP][PASSED] - Statement - product = new com.kms.katalon.core.testobject.TestObject(): null

2018-05-10 22:00:35 - [TEST_STEP][PASSED] - Statement - product.addProperty("xpath", EQUALS, "//*[@id="add-row"]/div/table/tbody/tr[" + i + "]/td[2]"): null

2018-05-10 22:00:35 - [TEST_STEP][PASSED] - Statement - prices.add(java.lang.Integer.parseInt(com.kms.katalon.core.webui.keyword.WebUiBuiltInKeywords.getText(product).replace(" THB", "").replace(",", ""))): Text of object '' is: '12 THB'

2018-05-10 22:00:35 - [MESSAGE][PASSED] - Text of object '' is: '12 THB'

2018-05-10 22:00:35 - [TEST_STEP][PASSED] - Statement - println("No:" + i + "price" + prices.get(i - 1)): null

2018-05-10 22:00:35 - [TEST_STEP][PASSED] - Statement - product = new com.kms.katalon.core.testobject.TestObject(): null

2018-05-10 22:00:35 - [TEST_STEP][PASSED] - Statement - product.addProperty("xpath", EQUALS, "//*[@id="add-row"]/div/table/tbody/tr[" + i + "]/td[2]"): null

2018-05-10 22:00:35 - [TEST_STEP][PASSED] - Statement - prices.add(java.lang.Integer.parseInt(com.kms.katalon.core.webui.keyword.WebUiBuiltInKeywords.getText(product).replace(" THB", "").replace(",", ""))): Text of object '' is: '20 THB'

2018-05-10 22:00:35 - [MESSAGE][PASSED] - Text of object '' is: '20 THB'

2018-05-10 22:00:35 - [TEST_STEP][PASSED] - Statement - println("No:" + i + "price" + prices.get(i - 1)): null

2018-05-10 22:00:35 - [TEST_STEP][PASSED] - setText: Text '4' is set on object 'Object Repository/Cart Page/item1'

2018-05-10 22:00:35 - [MESSAGE][PASSED] - Text '4' is set on object 'Object Repository/Cart Page/item1'

2018-05-10 22:00:35 - [TEST_STEP][PASSED] - setText: Text '5' is set on object 'Object Repository/Cart Page/item2'

2018-05-10 22:00:35 - [MESSAGE][PASSED] - Text '5' is set on object 'Object Repository/Cart Page/item2'

2018-05-10 22:00:35 - [TEST_STEP][PASSED] - setText: Text '2' is set on object 'Object Repository/Cart Page/item3'

2018-05-10 22:00:35 - [MESSAGE][PASSED] - Text '2' is set on object 'Object Repository/Cart Page/item3'

2018-05-10 22:00:35 - [TEST_STEP][PASSED] - setText: Text '5' is set on object 'Object Repository/Cart Page/item4'

2018-05-10 22:00:36 - [MESSAGE][PASSED] - Text '5' is set on object 'Object Repository/Cart Page/item4'

2018-05-10 22:00:36 - [TEST_STEP][PASSED] - setText: Text '1' is set on object 'Object Repository/Cart Page/item5'

2018-05-10 22:00:36 - [MESSAGE][PASSED] - Text '1' is set on object 'Object Repository/Cart Page/item5'

2018-05-10 22:00:36 - [TEST_STEP][PASSED] - Statement - finalPrice = java.lang.Integer.parseInt(item_1_amount) * prices.get(0): null

2018-05-10 22:00:36 - [TEST_STEP][PASSED] - Statement - finalPrice = finalPrice + java.lang.Integer.parseInt(item_2_amount) * prices.get(1): null

2018-05-10 22:00:36 - [TEST_STEP][PASSED] - Statement - finalPrice = finalPrice + java.lang.Integer.parseInt(item_3_amount) * prices.get(2): null

2018-05-10 22:00:36 - [TEST_STEP][PASSED] - Statement - finalPrice = finalPrice + java.lang.Integer.parseInt(item_4_amount) * prices.get(3): null

2018-05-10 22:00:36 - [TEST_STEP][PASSED] - Statement - finalPrice = finalPrice + java.lang.Integer.parseInt(item_5_amount) * prices.get(4): null

2018-05-10 22:00:36 - [TEST_STEP][PASSED] - Statement - priceInString = java.lang.String.format("%,d", finalPrice): null

2018-05-10 22:00:36 - [TEST_STEP][PASSED] - Statement - println(priceInString): null

2018-05-10 22:00:36 - [TEST_STEP][PASSED] - delay: Delayed 5 second(s)

2018-05-10 22:00:41 - [MESSAGE][PASSED] - Delayed 5 second(s)

2018-05-10 22:00:41 - [TEST_STEP][PASSED] - verifyElementText: Actual text and expected text of test object 'Object Repository/Cart Page/Total price  label' are matched.

2018-05-10 22:00:41 - [MESSAGE][PASSED] - Actual text and expected text of test object 'Object Repository/Cart Page/Total price  label' are matched.

2018-05-10 22:00:41 - [TEST_STEP][PASSED] - delay: Delayed 2 second(s)

2018-05-10 22:00:43 - [MESSAGE][PASSED] - Delayed 2 second(s)

2018-05-10 22:00:43 - [TEST_STEP][PASSED] - click: Object: 'Object Repository/Navigation bar/Logout Button' is clicked on

2018-05-10 22:00:43 - [MESSAGE][PASSED] - Object: 'Object Repository/Navigation bar/Logout Button' is clicked on

2018-05-10 22:00:43 - [TEST_STEP][PASSED] - verifyElementPresent: Object 'Object Repository/Login_Page/Login Header' is present

2018-05-10 22:00:43 - [MESSAGE][PASSED] - Object 'Object Repository/Login_Page/Login Header' is present]]></system-out>
         <system-err><![CDATA[]]></system-err>
      </testcase>
      <testcase name="Test Cases/Change amount in cart" classname="Test Cases/Change amount in cart" status="PASSED">
         <system-out><![CDATA[2018-05-10 22:00:43 - [TEST_CASE][PASSED] - Test Cases/Change amount in cart: Test Cases/Change amount in cart

2018-05-10 22:00:43 - [TEST_STEP][PASSED] - setText: Text 'user' is set on object 'Object Repository/Login_Page/input_username'

2018-05-10 22:00:43 - [MESSAGE][PASSED] - Text 'user' is set on object 'Object Repository/Login_Page/input_username'

2018-05-10 22:00:43 - [TEST_STEP][PASSED] - setText: Text 'user' is set on object 'Object Repository/Login_Page/input_password'

2018-05-10 22:00:44 - [MESSAGE][PASSED] - Text 'user' is set on object 'Object Repository/Login_Page/input_password'

2018-05-10 22:00:44 - [TEST_STEP][PASSED] - click: Object: 'Object Repository/Login_Page/button_Login' is clicked on

2018-05-10 22:00:44 - [MESSAGE][PASSED] - Object: 'Object Repository/Login_Page/button_Login' is clicked on

2018-05-10 22:00:44 - [TEST_STEP][PASSED] - delay: Delayed 2 second(s)

2018-05-10 22:00:46 - [MESSAGE][PASSED] - Delayed 2 second(s)

2018-05-10 22:00:46 - [TEST_STEP][PASSED] - waitForElementPresent: Object 'Object Repository/Product page/Header_Products' is present

2018-05-10 22:00:46 - [MESSAGE][PASSED] - Object 'Object Repository/Product page/Header_Products' is present

2018-05-10 22:00:46 - [TEST_STEP][PASSED] - delay: Delayed 5 second(s)

2018-05-10 22:00:51 - [MESSAGE][PASSED] - Delayed 5 second(s)

2018-05-10 22:00:51 - [TEST_STEP][PASSED] - Statement - driver = com.kms.katalon.core.webui.driver.DriverFactory.getWebDriver(): null

2018-05-10 22:00:51 - [TEST_STEP][PASSED] - Statement - Products = driver.findElement(org.openqa.selenium.By.xpath("/html/body/app-root/app-product-list/div/div[2]/div")): null

2018-05-10 22:00:51 - [TEST_STEP][PASSED] - Statement - farmerCards = Products.findElements(org.openqa.selenium.By.className("farmer-card")): null

2018-05-10 22:00:51 - [TEST_STEP][PASSED] - Statement - For ([i = 1, i <= farmerCards.size(), (i++)]): Actual text and expected text of test object 'Object Repository/Product page/cart amount label' are matched.

2018-05-10 22:00:51 - [TEST_STEP][PASSED] - Statement - buttonAddProduct = new com.kms.katalon.core.testobject.TestObject(): null

2018-05-10 22:00:51 - [TEST_STEP][PASSED] - Statement - buttonAddProduct.addProperty("xpath", EQUALS, "/html/body/app-root/app-product-list/div/div[2]/div/div[" + i + "]/a/div[2]/div[2]/button"): null

2018-05-10 22:00:51 - [TEST_STEP][PASSED] - verifyElementText: Actual text and expected text of test object '' are matched.

2018-05-10 22:00:51 - [MESSAGE][PASSED] - Actual text and expected text of test object '' are matched.

2018-05-10 22:00:51 - [TEST_STEP][PASSED] - click: Object: '' is clicked on

2018-05-10 22:00:51 - [MESSAGE][PASSED] - Object: '' is clicked on

2018-05-10 22:00:51 - [TEST_STEP][PASSED] - verifyElementText: Actual text and expected text of test object '' are matched.

2018-05-10 22:00:51 - [MESSAGE][PASSED] - Actual text and expected text of test object '' are matched.

2018-05-10 22:00:51 - [TEST_STEP][PASSED] - Statement - println(buttonAddProduct): null

2018-05-10 22:00:51 - [TEST_STEP][PASSED] - verifyElementText: Actual text and expected text of test object 'Object Repository/Product page/cart amount label' are matched.

2018-05-10 22:00:51 - [MESSAGE][PASSED] - Actual text and expected text of test object 'Object Repository/Product page/cart amount label' are matched.

2018-05-10 22:00:51 - [TEST_STEP][PASSED] - Statement - buttonAddProduct = new com.kms.katalon.core.testobject.TestObject(): null

2018-05-10 22:00:51 - [TEST_STEP][PASSED] - Statement - buttonAddProduct.addProperty("xpath", EQUALS, "/html/body/app-root/app-product-list/div/div[2]/div/div[" + i + "]/a/div[2]/div[2]/button"): null

2018-05-10 22:00:51 - [TEST_STEP][PASSED] - verifyElementText: Actual text and expected text of test object '' are matched.

2018-05-10 22:00:51 - [MESSAGE][PASSED] - Actual text and expected text of test object '' are matched.

2018-05-10 22:00:51 - [TEST_STEP][PASSED] - click: Object: '' is clicked on

2018-05-10 22:00:51 - [MESSAGE][PASSED] - Object: '' is clicked on

2018-05-10 22:00:51 - [TEST_STEP][PASSED] - verifyElementText: Actual text and expected text of test object '' are matched.

2018-05-10 22:00:51 - [MESSAGE][PASSED] - Actual text and expected text of test object '' are matched.

2018-05-10 22:00:51 - [TEST_STEP][PASSED] - Statement - println(buttonAddProduct): null

2018-05-10 22:00:51 - [TEST_STEP][PASSED] - verifyElementText: Actual text and expected text of test object 'Object Repository/Product page/cart amount label' are matched.

2018-05-10 22:00:51 - [MESSAGE][PASSED] - Actual text and expected text of test object 'Object Repository/Product page/cart amount label' are matched.

2018-05-10 22:00:51 - [TEST_STEP][PASSED] - Statement - buttonAddProduct = new com.kms.katalon.core.testobject.TestObject(): null

2018-05-10 22:00:51 - [TEST_STEP][PASSED] - Statement - buttonAddProduct.addProperty("xpath", EQUALS, "/html/body/app-root/app-product-list/div/div[2]/div/div[" + i + "]/a/div[2]/div[2]/button"): null

2018-05-10 22:00:51 - [TEST_STEP][PASSED] - verifyElementText: Actual text and expected text of test object '' are matched.

2018-05-10 22:00:52 - [MESSAGE][PASSED] - Actual text and expected text of test object '' are matched.

2018-05-10 22:00:52 - [TEST_STEP][PASSED] - click: Object: '' is clicked on

2018-05-10 22:00:52 - [MESSAGE][PASSED] - Object: '' is clicked on

2018-05-10 22:00:52 - [TEST_STEP][PASSED] - verifyElementText: Actual text and expected text of test object '' are matched.

2018-05-10 22:00:52 - [MESSAGE][PASSED] - Actual text and expected text of test object '' are matched.

2018-05-10 22:00:52 - [TEST_STEP][PASSED] - Statement - println(buttonAddProduct): null

2018-05-10 22:00:52 - [TEST_STEP][PASSED] - verifyElementText: Actual text and expected text of test object 'Object Repository/Product page/cart amount label' are matched.

2018-05-10 22:00:52 - [MESSAGE][PASSED] - Actual text and expected text of test object 'Object Repository/Product page/cart amount label' are matched.

2018-05-10 22:00:52 - [TEST_STEP][PASSED] - Statement - buttonAddProduct = new com.kms.katalon.core.testobject.TestObject(): null

2018-05-10 22:00:52 - [TEST_STEP][PASSED] - Statement - buttonAddProduct.addProperty("xpath", EQUALS, "/html/body/app-root/app-product-list/div/div[2]/div/div[" + i + "]/a/div[2]/div[2]/button"): null

2018-05-10 22:00:52 - [TEST_STEP][PASSED] - verifyElementText: Actual text and expected text of test object '' are matched.

2018-05-10 22:00:52 - [MESSAGE][PASSED] - Actual text and expected text of test object '' are matched.

2018-05-10 22:00:52 - [TEST_STEP][PASSED] - click: Object: '' is clicked on

2018-05-10 22:00:52 - [MESSAGE][PASSED] - Object: '' is clicked on

2018-05-10 22:00:52 - [TEST_STEP][PASSED] - verifyElementText: Actual text and expected text of test object '' are matched.

2018-05-10 22:00:52 - [MESSAGE][PASSED] - Actual text and expected text of test object '' are matched.

2018-05-10 22:00:52 - [TEST_STEP][PASSED] - Statement - println(buttonAddProduct): null

2018-05-10 22:00:52 - [TEST_STEP][PASSED] - verifyElementText: Actual text and expected text of test object 'Object Repository/Product page/cart amount label' are matched.

2018-05-10 22:00:52 - [MESSAGE][PASSED] - Actual text and expected text of test object 'Object Repository/Product page/cart amount label' are matched.

2018-05-10 22:00:52 - [TEST_STEP][PASSED] - Statement - buttonAddProduct = new com.kms.katalon.core.testobject.TestObject(): null

2018-05-10 22:00:52 - [TEST_STEP][PASSED] - Statement - buttonAddProduct.addProperty("xpath", EQUALS, "/html/body/app-root/app-product-list/div/div[2]/div/div[" + i + "]/a/div[2]/div[2]/button"): null

2018-05-10 22:00:52 - [TEST_STEP][PASSED] - verifyElementText: Actual text and expected text of test object '' are matched.

2018-05-10 22:00:52 - [MESSAGE][PASSED] - Actual text and expected text of test object '' are matched.

2018-05-10 22:00:52 - [TEST_STEP][PASSED] - click: Object: '' is clicked on

2018-05-10 22:00:52 - [MESSAGE][PASSED] - Object: '' is clicked on

2018-05-10 22:00:52 - [TEST_STEP][PASSED] - verifyElementText: Actual text and expected text of test object '' are matched.

2018-05-10 22:00:52 - [MESSAGE][PASSED] - Actual text and expected text of test object '' are matched.

2018-05-10 22:00:52 - [TEST_STEP][PASSED] - Statement - println(buttonAddProduct): null

2018-05-10 22:00:52 - [TEST_STEP][PASSED] - verifyElementText: Actual text and expected text of test object 'Object Repository/Product page/cart amount label' are matched.

2018-05-10 22:00:52 - [MESSAGE][PASSED] - Actual text and expected text of test object 'Object Repository/Product page/cart amount label' are matched.

2018-05-10 22:00:52 - [TEST_STEP][PASSED] - delay: Delayed 2 second(s)

2018-05-10 22:00:54 - [MESSAGE][PASSED] - Delayed 2 second(s)

2018-05-10 22:00:54 - [TEST_STEP][PASSED] - click: Object: 'Object Repository/Navigation bar/Redirect to cart' is clicked on

2018-05-10 22:00:54 - [MESSAGE][PASSED] - Object: 'Object Repository/Navigation bar/Redirect to cart' is clicked on

2018-05-10 22:00:54 - [TEST_STEP][PASSED] - delay: Delayed 2 second(s)

2018-05-10 22:00:56 - [MESSAGE][PASSED] - Delayed 2 second(s)

2018-05-10 22:00:56 - [TEST_STEP][PASSED] - Statement - items = driver.findElement(org.openqa.selenium.By.xpath("/html/body/app-root/app-cart-list/div/div/table")): null

2018-05-10 22:00:57 - [TEST_STEP][PASSED] - Statement - itemInTable = items.findElements(org.openqa.selenium.By.tagName("tr")): null

2018-05-10 22:00:57 - [TEST_STEP][PASSED] - Statement - prices = new java.util.ArrayList(): null

2018-05-10 22:00:57 - [TEST_STEP][PASSED] - Statement - For ([i = 1, i < size, (i++)]): null

2018-05-10 22:00:57 - [TEST_STEP][PASSED] - Statement - product = new com.kms.katalon.core.testobject.TestObject(): null

2018-05-10 22:00:57 - [TEST_STEP][PASSED] - Statement - product.addProperty("xpath", EQUALS, "//*[@id="add-row"]/div/table/tbody/tr[" + i + "]/td[2]"): null

2018-05-10 22:00:57 - [TEST_STEP][PASSED] - Statement - prices.add(java.lang.Integer.parseInt(com.kms.katalon.core.webui.keyword.WebUiBuiltInKeywords.getText(product).replace(" THB", "").replace(",", ""))): Text of object '' is: '20,000 THB'

2018-05-10 22:00:57 - [MESSAGE][PASSED] - Text of object '' is: '20,000 THB'

2018-05-10 22:00:57 - [TEST_STEP][PASSED] - Statement - println("No:" + i + "price" + prices.get(i - 1)): null

2018-05-10 22:00:57 - [TEST_STEP][PASSED] - Statement - product = new com.kms.katalon.core.testobject.TestObject(): null

2018-05-10 22:00:57 - [TEST_STEP][PASSED] - Statement - product.addProperty("xpath", EQUALS, "//*[@id="add-row"]/div/table/tbody/tr[" + i + "]/td[2]"): null

2018-05-10 22:00:57 - [TEST_STEP][PASSED] - Statement - prices.add(java.lang.Integer.parseInt(com.kms.katalon.core.webui.keyword.WebUiBuiltInKeywords.getText(product).replace(" THB", "").replace(",", ""))): Text of object '' is: '150 THB'

2018-05-10 22:00:57 - [MESSAGE][PASSED] - Text of object '' is: '150 THB'

2018-05-10 22:00:57 - [TEST_STEP][PASSED] - Statement - println("No:" + i + "price" + prices.get(i - 1)): null

2018-05-10 22:00:57 - [TEST_STEP][PASSED] - Statement - product = new com.kms.katalon.core.testobject.TestObject(): null

2018-05-10 22:00:57 - [TEST_STEP][PASSED] - Statement - product.addProperty("xpath", EQUALS, "//*[@id="add-row"]/div/table/tbody/tr[" + i + "]/td[2]"): null

2018-05-10 22:00:57 - [TEST_STEP][PASSED] - Statement - prices.add(java.lang.Integer.parseInt(com.kms.katalon.core.webui.keyword.WebUiBuiltInKeywords.getText(product).replace(" THB", "").replace(",", ""))): Text of object '' is: '280 THB'

2018-05-10 22:00:57 - [MESSAGE][PASSED] - Text of object '' is: '280 THB'

2018-05-10 22:00:57 - [TEST_STEP][PASSED] - Statement - println("No:" + i + "price" + prices.get(i - 1)): null

2018-05-10 22:00:57 - [TEST_STEP][PASSED] - Statement - product = new com.kms.katalon.core.testobject.TestObject(): null

2018-05-10 22:00:57 - [TEST_STEP][PASSED] - Statement - product.addProperty("xpath", EQUALS, "//*[@id="add-row"]/div/table/tbody/tr[" + i + "]/td[2]"): null

2018-05-10 22:00:57 - [TEST_STEP][PASSED] - Statement - prices.add(java.lang.Integer.parseInt(com.kms.katalon.core.webui.keyword.WebUiBuiltInKeywords.getText(product).replace(" THB", "").replace(",", ""))): Text of object '' is: '12 THB'

2018-05-10 22:00:57 - [MESSAGE][PASSED] - Text of object '' is: '12 THB'

2018-05-10 22:00:57 - [TEST_STEP][PASSED] - Statement - println("No:" + i + "price" + prices.get(i - 1)): null

2018-05-10 22:00:57 - [TEST_STEP][PASSED] - Statement - product = new com.kms.katalon.core.testobject.TestObject(): null

2018-05-10 22:00:57 - [TEST_STEP][PASSED] - Statement - product.addProperty("xpath", EQUALS, "//*[@id="add-row"]/div/table/tbody/tr[" + i + "]/td[2]"): null

2018-05-10 22:00:57 - [TEST_STEP][PASSED] - Statement - prices.add(java.lang.Integer.parseInt(com.kms.katalon.core.webui.keyword.WebUiBuiltInKeywords.getText(product).replace(" THB", "").replace(",", ""))): Text of object '' is: '20 THB'

2018-05-10 22:00:57 - [MESSAGE][PASSED] - Text of object '' is: '20 THB'

2018-05-10 22:00:57 - [TEST_STEP][PASSED] - Statement - println("No:" + i + "price" + prices.get(i - 1)): null

2018-05-10 22:00:57 - [TEST_STEP][PASSED] - setText: Text '1' is set on object 'Object Repository/Cart Page/item1'

2018-05-10 22:00:57 - [MESSAGE][PASSED] - Text '1' is set on object 'Object Repository/Cart Page/item1'

2018-05-10 22:00:57 - [TEST_STEP][PASSED] - setText: Text '2' is set on object 'Object Repository/Cart Page/item2'

2018-05-10 22:00:57 - [MESSAGE][PASSED] - Text '2' is set on object 'Object Repository/Cart Page/item2'

2018-05-10 22:00:57 - [TEST_STEP][PASSED] - setText: Text '5' is set on object 'Object Repository/Cart Page/item3'

2018-05-10 22:00:57 - [MESSAGE][PASSED] - Text '5' is set on object 'Object Repository/Cart Page/item3'

2018-05-10 22:00:57 - [TEST_STEP][PASSED] - setText: Text '1' is set on object 'Object Repository/Cart Page/item4'

2018-05-10 22:00:57 - [MESSAGE][PASSED] - Text '1' is set on object 'Object Repository/Cart Page/item4'

2018-05-10 22:00:57 - [TEST_STEP][PASSED] - setText: Text '5' is set on object 'Object Repository/Cart Page/item5'

2018-05-10 22:00:58 - [MESSAGE][PASSED] - Text '5' is set on object 'Object Repository/Cart Page/item5'

2018-05-10 22:00:58 - [TEST_STEP][PASSED] - Statement - finalPrice = java.lang.Integer.parseInt(item_1_amount) * prices.get(0): null

2018-05-10 22:00:58 - [TEST_STEP][PASSED] - Statement - finalPrice = finalPrice + java.lang.Integer.parseInt(item_2_amount) * prices.get(1): null

2018-05-10 22:00:58 - [TEST_STEP][PASSED] - Statement - finalPrice = finalPrice + java.lang.Integer.parseInt(item_3_amount) * prices.get(2): null

2018-05-10 22:00:58 - [TEST_STEP][PASSED] - Statement - finalPrice = finalPrice + java.lang.Integer.parseInt(item_4_amount) * prices.get(3): null

2018-05-10 22:00:58 - [TEST_STEP][PASSED] - Statement - finalPrice = finalPrice + java.lang.Integer.parseInt(item_5_amount) * prices.get(4): null

2018-05-10 22:00:58 - [TEST_STEP][PASSED] - Statement - priceInString = java.lang.String.format("%,d", finalPrice): null

2018-05-10 22:00:58 - [TEST_STEP][PASSED] - Statement - println(priceInString): null

2018-05-10 22:00:58 - [TEST_STEP][PASSED] - delay: Delayed 5 second(s)

2018-05-10 22:01:03 - [MESSAGE][PASSED] - Delayed 5 second(s)

2018-05-10 22:01:03 - [TEST_STEP][PASSED] - verifyElementText: Actual text and expected text of test object 'Object Repository/Cart Page/Total price  label' are matched.

2018-05-10 22:01:03 - [MESSAGE][PASSED] - Actual text and expected text of test object 'Object Repository/Cart Page/Total price  label' are matched.

2018-05-10 22:01:03 - [TEST_STEP][PASSED] - delay: Delayed 2 second(s)

2018-05-10 22:01:05 - [MESSAGE][PASSED] - Delayed 2 second(s)

2018-05-10 22:01:05 - [TEST_STEP][PASSED] - click: Object: 'Object Repository/Navigation bar/Logout Button' is clicked on

2018-05-10 22:01:05 - [MESSAGE][PASSED] - Object: 'Object Repository/Navigation bar/Logout Button' is clicked on

2018-05-10 22:01:05 - [TEST_STEP][PASSED] - verifyElementPresent: Object 'Object Repository/Login_Page/Login Header' is present

2018-05-10 22:01:05 - [MESSAGE][PASSED] - Object 'Object Repository/Login_Page/Login Header' is present]]></system-out>
         <system-err><![CDATA[]]></system-err>
      </testcase>
      <testcase name="Test Cases/Change amount in cart" classname="Test Cases/Change amount in cart" status="PASSED">
         <system-out><![CDATA[2018-05-10 22:01:05 - [TEST_CASE][PASSED] - Test Cases/Change amount in cart: Test Cases/Change amount in cart

2018-05-10 22:01:05 - [TEST_STEP][PASSED] - setText: Text 'user' is set on object 'Object Repository/Login_Page/input_username'

2018-05-10 22:01:05 - [MESSAGE][PASSED] - Text 'user' is set on object 'Object Repository/Login_Page/input_username'

2018-05-10 22:01:05 - [TEST_STEP][PASSED] - setText: Text 'user' is set on object 'Object Repository/Login_Page/input_password'

2018-05-10 22:01:05 - [MESSAGE][PASSED] - Text 'user' is set on object 'Object Repository/Login_Page/input_password'

2018-05-10 22:01:05 - [TEST_STEP][PASSED] - click: Object: 'Object Repository/Login_Page/button_Login' is clicked on

2018-05-10 22:01:06 - [MESSAGE][PASSED] - Object: 'Object Repository/Login_Page/button_Login' is clicked on

2018-05-10 22:01:06 - [TEST_STEP][PASSED] - delay: Delayed 2 second(s)

2018-05-10 22:01:08 - [MESSAGE][PASSED] - Delayed 2 second(s)

2018-05-10 22:01:08 - [TEST_STEP][PASSED] - waitForElementPresent: Object 'Object Repository/Product page/Header_Products' is present

2018-05-10 22:01:08 - [MESSAGE][PASSED] - Object 'Object Repository/Product page/Header_Products' is present

2018-05-10 22:01:08 - [TEST_STEP][PASSED] - delay: Delayed 5 second(s)

2018-05-10 22:01:13 - [MESSAGE][PASSED] - Delayed 5 second(s)

2018-05-10 22:01:13 - [TEST_STEP][PASSED] - Statement - driver = com.kms.katalon.core.webui.driver.DriverFactory.getWebDriver(): null

2018-05-10 22:01:13 - [TEST_STEP][PASSED] - Statement - Products = driver.findElement(org.openqa.selenium.By.xpath("/html/body/app-root/app-product-list/div/div[2]/div")): null

2018-05-10 22:01:13 - [TEST_STEP][PASSED] - Statement - farmerCards = Products.findElements(org.openqa.selenium.By.className("farmer-card")): null

2018-05-10 22:01:13 - [TEST_STEP][PASSED] - Statement - For ([i = 1, i <= farmerCards.size(), (i++)]): Actual text and expected text of test object 'Object Repository/Product page/cart amount label' are matched.

2018-05-10 22:01:13 - [TEST_STEP][PASSED] - Statement - buttonAddProduct = new com.kms.katalon.core.testobject.TestObject(): null

2018-05-10 22:01:13 - [TEST_STEP][PASSED] - Statement - buttonAddProduct.addProperty("xpath", EQUALS, "/html/body/app-root/app-product-list/div/div[2]/div/div[" + i + "]/a/div[2]/div[2]/button"): null

2018-05-10 22:01:13 - [TEST_STEP][PASSED] - verifyElementText: Actual text and expected text of test object '' are matched.

2018-05-10 22:01:13 - [MESSAGE][PASSED] - Actual text and expected text of test object '' are matched.

2018-05-10 22:01:13 - [TEST_STEP][PASSED] - click: Object: '' is clicked on

2018-05-10 22:01:13 - [MESSAGE][PASSED] - Object: '' is clicked on

2018-05-10 22:01:13 - [TEST_STEP][PASSED] - verifyElementText: Actual text and expected text of test object '' are matched.

2018-05-10 22:01:13 - [MESSAGE][PASSED] - Actual text and expected text of test object '' are matched.

2018-05-10 22:01:13 - [TEST_STEP][PASSED] - Statement - println(buttonAddProduct): null

2018-05-10 22:01:13 - [TEST_STEP][PASSED] - verifyElementText: Actual text and expected text of test object 'Object Repository/Product page/cart amount label' are matched.

2018-05-10 22:01:13 - [MESSAGE][PASSED] - Actual text and expected text of test object 'Object Repository/Product page/cart amount label' are matched.

2018-05-10 22:01:13 - [TEST_STEP][PASSED] - Statement - buttonAddProduct = new com.kms.katalon.core.testobject.TestObject(): null

2018-05-10 22:01:13 - [TEST_STEP][PASSED] - Statement - buttonAddProduct.addProperty("xpath", EQUALS, "/html/body/app-root/app-product-list/div/div[2]/div/div[" + i + "]/a/div[2]/div[2]/button"): null

2018-05-10 22:01:13 - [TEST_STEP][PASSED] - verifyElementText: Actual text and expected text of test object '' are matched.

2018-05-10 22:01:13 - [MESSAGE][PASSED] - Actual text and expected text of test object '' are matched.

2018-05-10 22:01:13 - [TEST_STEP][PASSED] - click: Object: '' is clicked on

2018-05-10 22:01:13 - [MESSAGE][PASSED] - Object: '' is clicked on

2018-05-10 22:01:13 - [TEST_STEP][PASSED] - verifyElementText: Actual text and expected text of test object '' are matched.

2018-05-10 22:01:13 - [MESSAGE][PASSED] - Actual text and expected text of test object '' are matched.

2018-05-10 22:01:13 - [TEST_STEP][PASSED] - Statement - println(buttonAddProduct): null

2018-05-10 22:01:13 - [TEST_STEP][PASSED] - verifyElementText: Actual text and expected text of test object 'Object Repository/Product page/cart amount label' are matched.

2018-05-10 22:01:13 - [MESSAGE][PASSED] - Actual text and expected text of test object 'Object Repository/Product page/cart amount label' are matched.

2018-05-10 22:01:13 - [TEST_STEP][PASSED] - Statement - buttonAddProduct = new com.kms.katalon.core.testobject.TestObject(): null

2018-05-10 22:01:13 - [TEST_STEP][PASSED] - Statement - buttonAddProduct.addProperty("xpath", EQUALS, "/html/body/app-root/app-product-list/div/div[2]/div/div[" + i + "]/a/div[2]/div[2]/button"): null

2018-05-10 22:01:13 - [TEST_STEP][PASSED] - verifyElementText: Actual text and expected text of test object '' are matched.

2018-05-10 22:01:13 - [MESSAGE][PASSED] - Actual text and expected text of test object '' are matched.

2018-05-10 22:01:13 - [TEST_STEP][PASSED] - click: Object: '' is clicked on

2018-05-10 22:01:13 - [MESSAGE][PASSED] - Object: '' is clicked on

2018-05-10 22:01:13 - [TEST_STEP][PASSED] - verifyElementText: Actual text and expected text of test object '' are matched.

2018-05-10 22:01:14 - [MESSAGE][PASSED] - Actual text and expected text of test object '' are matched.

2018-05-10 22:01:14 - [TEST_STEP][PASSED] - Statement - println(buttonAddProduct): null

2018-05-10 22:01:14 - [TEST_STEP][PASSED] - verifyElementText: Actual text and expected text of test object 'Object Repository/Product page/cart amount label' are matched.

2018-05-10 22:01:14 - [MESSAGE][PASSED] - Actual text and expected text of test object 'Object Repository/Product page/cart amount label' are matched.

2018-05-10 22:01:14 - [TEST_STEP][PASSED] - Statement - buttonAddProduct = new com.kms.katalon.core.testobject.TestObject(): null

2018-05-10 22:01:14 - [TEST_STEP][PASSED] - Statement - buttonAddProduct.addProperty("xpath", EQUALS, "/html/body/app-root/app-product-list/div/div[2]/div/div[" + i + "]/a/div[2]/div[2]/button"): null

2018-05-10 22:01:14 - [TEST_STEP][PASSED] - verifyElementText: Actual text and expected text of test object '' are matched.

2018-05-10 22:01:14 - [MESSAGE][PASSED] - Actual text and expected text of test object '' are matched.

2018-05-10 22:01:14 - [TEST_STEP][PASSED] - click: Object: '' is clicked on

2018-05-10 22:01:14 - [MESSAGE][PASSED] - Object: '' is clicked on

2018-05-10 22:01:14 - [TEST_STEP][PASSED] - verifyElementText: Actual text and expected text of test object '' are matched.

2018-05-10 22:01:14 - [MESSAGE][PASSED] - Actual text and expected text of test object '' are matched.

2018-05-10 22:01:14 - [TEST_STEP][PASSED] - Statement - println(buttonAddProduct): null

2018-05-10 22:01:14 - [TEST_STEP][PASSED] - verifyElementText: Actual text and expected text of test object 'Object Repository/Product page/cart amount label' are matched.

2018-05-10 22:01:14 - [MESSAGE][PASSED] - Actual text and expected text of test object 'Object Repository/Product page/cart amount label' are matched.

2018-05-10 22:01:14 - [TEST_STEP][PASSED] - Statement - buttonAddProduct = new com.kms.katalon.core.testobject.TestObject(): null

2018-05-10 22:01:14 - [TEST_STEP][PASSED] - Statement - buttonAddProduct.addProperty("xpath", EQUALS, "/html/body/app-root/app-product-list/div/div[2]/div/div[" + i + "]/a/div[2]/div[2]/button"): null

2018-05-10 22:01:14 - [TEST_STEP][PASSED] - verifyElementText: Actual text and expected text of test object '' are matched.

2018-05-10 22:01:14 - [MESSAGE][PASSED] - Actual text and expected text of test object '' are matched.

2018-05-10 22:01:14 - [TEST_STEP][PASSED] - click: Object: '' is clicked on

2018-05-10 22:01:14 - [MESSAGE][PASSED] - Object: '' is clicked on

2018-05-10 22:01:14 - [TEST_STEP][PASSED] - verifyElementText: Actual text and expected text of test object '' are matched.

2018-05-10 22:01:14 - [MESSAGE][PASSED] - Actual text and expected text of test object '' are matched.

2018-05-10 22:01:14 - [TEST_STEP][PASSED] - Statement - println(buttonAddProduct): null

2018-05-10 22:01:14 - [TEST_STEP][PASSED] - verifyElementText: Actual text and expected text of test object 'Object Repository/Product page/cart amount label' are matched.

2018-05-10 22:01:14 - [MESSAGE][PASSED] - Actual text and expected text of test object 'Object Repository/Product page/cart amount label' are matched.

2018-05-10 22:01:14 - [TEST_STEP][PASSED] - delay: Delayed 2 second(s)

2018-05-10 22:01:16 - [MESSAGE][PASSED] - Delayed 2 second(s)

2018-05-10 22:01:16 - [TEST_STEP][PASSED] - click: Object: 'Object Repository/Navigation bar/Redirect to cart' is clicked on

2018-05-10 22:01:16 - [MESSAGE][PASSED] - Object: 'Object Repository/Navigation bar/Redirect to cart' is clicked on

2018-05-10 22:01:16 - [TEST_STEP][PASSED] - delay: Delayed 2 second(s)

2018-05-10 22:01:18 - [MESSAGE][PASSED] - Delayed 2 second(s)

2018-05-10 22:01:18 - [TEST_STEP][PASSED] - Statement - items = driver.findElement(org.openqa.selenium.By.xpath("/html/body/app-root/app-cart-list/div/div/table")): null

2018-05-10 22:01:18 - [TEST_STEP][PASSED] - Statement - itemInTable = items.findElements(org.openqa.selenium.By.tagName("tr")): null

2018-05-10 22:01:18 - [TEST_STEP][PASSED] - Statement - prices = new java.util.ArrayList(): null

2018-05-10 22:01:18 - [TEST_STEP][PASSED] - Statement - For ([i = 1, i < size, (i++)]): null

2018-05-10 22:01:18 - [TEST_STEP][PASSED] - Statement - product = new com.kms.katalon.core.testobject.TestObject(): null

2018-05-10 22:01:18 - [TEST_STEP][PASSED] - Statement - product.addProperty("xpath", EQUALS, "//*[@id="add-row"]/div/table/tbody/tr[" + i + "]/td[2]"): null

2018-05-10 22:01:18 - [TEST_STEP][PASSED] - Statement - prices.add(java.lang.Integer.parseInt(com.kms.katalon.core.webui.keyword.WebUiBuiltInKeywords.getText(product).replace(" THB", "").replace(",", ""))): Text of object '' is: '20,000 THB'

2018-05-10 22:01:18 - [MESSAGE][PASSED] - Text of object '' is: '20,000 THB'

2018-05-10 22:01:18 - [TEST_STEP][PASSED] - Statement - println("No:" + i + "price" + prices.get(i - 1)): null

2018-05-10 22:01:18 - [TEST_STEP][PASSED] - Statement - product = new com.kms.katalon.core.testobject.TestObject(): null

2018-05-10 22:01:18 - [TEST_STEP][PASSED] - Statement - product.addProperty("xpath", EQUALS, "//*[@id="add-row"]/div/table/tbody/tr[" + i + "]/td[2]"): null

2018-05-10 22:01:18 - [TEST_STEP][PASSED] - Statement - prices.add(java.lang.Integer.parseInt(com.kms.katalon.core.webui.keyword.WebUiBuiltInKeywords.getText(product).replace(" THB", "").replace(",", ""))): Text of object '' is: '150 THB'

2018-05-10 22:01:19 - [MESSAGE][PASSED] - Text of object '' is: '150 THB'

2018-05-10 22:01:19 - [TEST_STEP][PASSED] - Statement - println("No:" + i + "price" + prices.get(i - 1)): null

2018-05-10 22:01:19 - [TEST_STEP][PASSED] - Statement - product = new com.kms.katalon.core.testobject.TestObject(): null

2018-05-10 22:01:19 - [TEST_STEP][PASSED] - Statement - product.addProperty("xpath", EQUALS, "//*[@id="add-row"]/div/table/tbody/tr[" + i + "]/td[2]"): null

2018-05-10 22:01:19 - [TEST_STEP][PASSED] - Statement - prices.add(java.lang.Integer.parseInt(com.kms.katalon.core.webui.keyword.WebUiBuiltInKeywords.getText(product).replace(" THB", "").replace(",", ""))): Text of object '' is: '280 THB'

2018-05-10 22:01:19 - [MESSAGE][PASSED] - Text of object '' is: '280 THB'

2018-05-10 22:01:19 - [TEST_STEP][PASSED] - Statement - println("No:" + i + "price" + prices.get(i - 1)): null

2018-05-10 22:01:19 - [TEST_STEP][PASSED] - Statement - product = new com.kms.katalon.core.testobject.TestObject(): null

2018-05-10 22:01:19 - [TEST_STEP][PASSED] - Statement - product.addProperty("xpath", EQUALS, "//*[@id="add-row"]/div/table/tbody/tr[" + i + "]/td[2]"): null

2018-05-10 22:01:19 - [TEST_STEP][PASSED] - Statement - prices.add(java.lang.Integer.parseInt(com.kms.katalon.core.webui.keyword.WebUiBuiltInKeywords.getText(product).replace(" THB", "").replace(",", ""))): Text of object '' is: '12 THB'

2018-05-10 22:01:19 - [MESSAGE][PASSED] - Text of object '' is: '12 THB'

2018-05-10 22:01:19 - [TEST_STEP][PASSED] - Statement - println("No:" + i + "price" + prices.get(i - 1)): null

2018-05-10 22:01:19 - [TEST_STEP][PASSED] - Statement - product = new com.kms.katalon.core.testobject.TestObject(): null

2018-05-10 22:01:19 - [TEST_STEP][PASSED] - Statement - product.addProperty("xpath", EQUALS, "//*[@id="add-row"]/div/table/tbody/tr[" + i + "]/td[2]"): null

2018-05-10 22:01:19 - [TEST_STEP][PASSED] - Statement - prices.add(java.lang.Integer.parseInt(com.kms.katalon.core.webui.keyword.WebUiBuiltInKeywords.getText(product).replace(" THB", "").replace(",", ""))): Text of object '' is: '20 THB'

2018-05-10 22:01:19 - [MESSAGE][PASSED] - Text of object '' is: '20 THB'

2018-05-10 22:01:19 - [TEST_STEP][PASSED] - Statement - println("No:" + i + "price" + prices.get(i - 1)): null

2018-05-10 22:01:19 - [TEST_STEP][PASSED] - setText: Text '7' is set on object 'Object Repository/Cart Page/item1'

2018-05-10 22:01:19 - [MESSAGE][PASSED] - Text '7' is set on object 'Object Repository/Cart Page/item1'

2018-05-10 22:01:19 - [TEST_STEP][PASSED] - setText: Text '2' is set on object 'Object Repository/Cart Page/item2'

2018-05-10 22:01:19 - [MESSAGE][PASSED] - Text '2' is set on object 'Object Repository/Cart Page/item2'

2018-05-10 22:01:19 - [TEST_STEP][PASSED] - setText: Text '1' is set on object 'Object Repository/Cart Page/item3'

2018-05-10 22:01:19 - [MESSAGE][PASSED] - Text '1' is set on object 'Object Repository/Cart Page/item3'

2018-05-10 22:01:19 - [TEST_STEP][PASSED] - setText: Text '8' is set on object 'Object Repository/Cart Page/item4'

2018-05-10 22:01:19 - [MESSAGE][PASSED] - Text '8' is set on object 'Object Repository/Cart Page/item4'

2018-05-10 22:01:19 - [TEST_STEP][PASSED] - setText: Text '9' is set on object 'Object Repository/Cart Page/item5'

2018-05-10 22:01:20 - [MESSAGE][PASSED] - Text '9' is set on object 'Object Repository/Cart Page/item5'

2018-05-10 22:01:20 - [TEST_STEP][PASSED] - Statement - finalPrice = java.lang.Integer.parseInt(item_1_amount) * prices.get(0): null

2018-05-10 22:01:20 - [TEST_STEP][PASSED] - Statement - finalPrice = finalPrice + java.lang.Integer.parseInt(item_2_amount) * prices.get(1): null

2018-05-10 22:01:20 - [TEST_STEP][PASSED] - Statement - finalPrice = finalPrice + java.lang.Integer.parseInt(item_3_amount) * prices.get(2): null

2018-05-10 22:01:20 - [TEST_STEP][PASSED] - Statement - finalPrice = finalPrice + java.lang.Integer.parseInt(item_4_amount) * prices.get(3): null

2018-05-10 22:01:20 - [TEST_STEP][PASSED] - Statement - finalPrice = finalPrice + java.lang.Integer.parseInt(item_5_amount) * prices.get(4): null

2018-05-10 22:01:20 - [TEST_STEP][PASSED] - Statement - priceInString = java.lang.String.format("%,d", finalPrice): null

2018-05-10 22:01:20 - [TEST_STEP][PASSED] - Statement - println(priceInString): null

2018-05-10 22:01:20 - [TEST_STEP][PASSED] - delay: Delayed 5 second(s)

2018-05-10 22:01:25 - [MESSAGE][PASSED] - Delayed 5 second(s)

2018-05-10 22:01:25 - [TEST_STEP][PASSED] - verifyElementText: Actual text and expected text of test object 'Object Repository/Cart Page/Total price  label' are matched.

2018-05-10 22:01:25 - [MESSAGE][PASSED] - Actual text and expected text of test object 'Object Repository/Cart Page/Total price  label' are matched.

2018-05-10 22:01:25 - [TEST_STEP][PASSED] - delay: Delayed 2 second(s)

2018-05-10 22:01:27 - [MESSAGE][PASSED] - Delayed 2 second(s)

2018-05-10 22:01:27 - [TEST_STEP][PASSED] - click: Object: 'Object Repository/Navigation bar/Logout Button' is clicked on

2018-05-10 22:01:27 - [MESSAGE][PASSED] - Object: 'Object Repository/Navigation bar/Logout Button' is clicked on

2018-05-10 22:01:27 - [TEST_STEP][PASSED] - verifyElementPresent: Object 'Object Repository/Login_Page/Login Header' is present

2018-05-10 22:01:27 - [MESSAGE][PASSED] - Object 'Object Repository/Login_Page/Login Header' is present]]></system-out>
         <system-err><![CDATA[]]></system-err>
      </testcase>
      <testcase name="Test Cases/Exit browser" classname="Test Cases/Exit browser" status="PASSED">
         <system-out><![CDATA[2018-05-10 22:01:27 - [TEST_CASE][PASSED] - Test Cases/Exit browser: Test Cases/Exit browser

2018-05-10 22:01:27 - [TEST_STEP][PASSED] - closeBrowser: Browser is closed

2018-05-10 22:01:28 - [MESSAGE][PASSED] - Browser is closed]]></system-out>
         <system-err><![CDATA[]]></system-err>
      </testcase>
      <system-out><![CDATA[2018-05-10 21:59:46 - [TEST_SUITE][PASSED] - Test selecting and updating amount in cart page change total price: Test Cases/Exit browser]]></system-out>
      <system-err><![CDATA[]]></system-err>
   </testsuite>
</testsuites>
