<?xml version="1.0" encoding="UTF-8"?>
<testsuites name="Login as admin" time="17" tests="4" failures="0" errors="0">
   <testsuite name="Login as admin" tests="4" failures="0" errors="0" time="17" timestamp="2018-05-10 18:23:56" hostname="Donut - 10.80.178.12" id="Test Suites/Login as admin">
      <properties>
         <property name="deviceName" value=""/>
         <property name="devicePlatform" value=""/>
         <property name="logFolder" value="C:\\Users\\Donut\\git\\234-project-katalon-test\\Reports\\Login as admin\\20180510_182353"/>
         <property name="logFiles" value="C:\\Users\\Donut\\git\\234-project-katalon-test\\Reports\\Login as admin\\20180510_182353\\execution0.log"/>
         <property name="attachments" value=""/>
         <property name="hostName" value="Donut - 10.80.178.12"/>
         <property name="os" value="Windows 10 64bit"/>
         <property name="katalonVersion" value="5.3.1.1"/>
         <property name="browser" value="Chrome 66.0.3359.139"/>
         <property name="hostAddress" value="10.80.178.12"/>
         <property name="sessionId" value="49e0ea38c3356231056c885bcccf7479"/>
         <property name="seleniumVersion" value="3.7.1"/>
         <property name="proxyInformation" value="ProxyInformation{proxyOption=NO_PROXY, proxyServerType=HTTP, password=, proxyServerAddress=, proxyServerPort=0}"/>
         <property name="platform" value="Windows 10"/>
      </properties>
      <testcase name="Test Cases/Navigate to web" classname="Test Cases/Navigate to web" status="PASSED">
         <system-out><![CDATA[2018-05-10 18:23:57 - [TEST_CASE][PASSED] - Test Cases/Navigate to web: Test Cases/Navigate to web

2018-05-10 18:23:57 - [TEST_STEP][PASSED] - openBrowser: Browser is opened with url: ''

2018-05-10 18:24:02 - [MESSAGE][PASSED] - Browser is opened with url: ''

2018-05-10 18:24:02 - [TEST_STEP][PASSED] - navigateToUrl: Navigate to 'http://54.71.80.147:8086/' successfully

2018-05-10 18:24:11 - [MESSAGE][PASSED] - Navigate to 'http://54.71.80.147:8086/' successfully]]></system-out>
         <system-err><![CDATA[]]></system-err>
      </testcase>
      <testcase name="Test Cases/Login with credentials" classname="Test Cases/Login with credentials" status="PASSED">
         <system-out><![CDATA[2018-05-10 18:24:11 - [TEST_CASE][PASSED] - Test Cases/Login with credentials: Test Cases/Login with credentials

2018-05-10 18:24:11 - [TEST_STEP][PASSED] - setText: Text 'admin' is set on object 'Object Repository/Login_Page/input_username'

2018-05-10 18:24:11 - [MESSAGE][PASSED] - Text 'admin' is set on object 'Object Repository/Login_Page/input_username'

2018-05-10 18:24:11 - [TEST_STEP][PASSED] - setText: Text 'admin' is set on object 'Object Repository/Login_Page/input_password'

2018-05-10 18:24:12 - [MESSAGE][PASSED] - Text 'admin' is set on object 'Object Repository/Login_Page/input_password'

2018-05-10 18:24:12 - [TEST_STEP][PASSED] - click: Object: 'Object Repository/Login_Page/button_Login' is clicked on

2018-05-10 18:24:12 - [MESSAGE][PASSED] - Object: 'Object Repository/Login_Page/button_Login' is clicked on]]></system-out>
         <system-err><![CDATA[]]></system-err>
      </testcase>
      <testcase name="Test Cases/Verify admin landing page" classname="Test Cases/Verify admin landing page" status="PASSED">
         <system-out><![CDATA[2018-05-10 18:24:12 - [TEST_CASE][PASSED] - Test Cases/Verify admin landing page: Test Cases/Verify admin landing page

2018-05-10 18:24:12 - [TEST_STEP][PASSED] - verifyElementText: Actual text and expected text of test object 'Object Repository/Product page/a_Products' are matched.

2018-05-10 18:24:13 - [MESSAGE][PASSED] - Actual text and expected text of test object 'Object Repository/Product page/a_Products' are matched.

2018-05-10 18:24:13 - [TEST_STEP][PASSED] - verifyElementText: Actual text and expected text of test object 'Object Repository/Product page/a_Total Transaction' are matched.

2018-05-10 18:24:13 - [MESSAGE][PASSED] - Actual text and expected text of test object 'Object Repository/Product page/a_Total Transaction' are matched.]]></system-out>
         <system-err><![CDATA[]]></system-err>
      </testcase>
      <testcase name="Test Cases/Exit browser" classname="Test Cases/Exit browser" status="PASSED">
         <system-out><![CDATA[2018-05-10 18:24:13 - [TEST_CASE][PASSED] - Test Cases/Exit browser: Test Cases/Exit browser

2018-05-10 18:24:13 - [TEST_STEP][PASSED] - closeBrowser: Browser is closed

2018-05-10 18:24:14 - [MESSAGE][PASSED] - Browser is closed]]></system-out>
         <system-err><![CDATA[]]></system-err>
      </testcase>
      <system-out><![CDATA[2018-05-10 18:23:56 - [TEST_SUITE][PASSED] - Login as admin: Test Cases/Exit browser]]></system-out>
      <system-err><![CDATA[]]></system-err>
   </testsuite>
</testsuites>
