<?xml version="1.0" encoding="UTF-8"?>
<testsuites name="Login as user" time="22" tests="4" failures="0" errors="0">
   <testsuite name="Login as user" tests="4" failures="0" errors="0" time="22" timestamp="2018-04-28 23:34:42" hostname="Donut - DESKTOP-IGTTMO3" id="Test Suites/Login as user">
      <properties>
         <property name="deviceName" value=""/>
         <property name="devicePlatform" value=""/>
         <property name="logFolder" value="C:\\Users\\Donut\\git\\234-project-katalon-test\\Reports\\Login as user\\20180428_233440"/>
         <property name="logFiles" value="C:\\Users\\Donut\\git\\234-project-katalon-test\\Reports\\Login as user\\20180428_233440\\execution0.log"/>
         <property name="attachments" value=""/>
         <property name="hostName" value="Donut - DESKTOP-IGTTMO3"/>
         <property name="os" value="Windows 10 64bit"/>
         <property name="katalonVersion" value="5.3.1.1"/>
         <property name="browser" value="Firefox 59.0"/>
         <property name="hostAddress" value="172.20.10.2"/>
         <property name="sessionId" value="78981286-059d-407c-8035-7ce4a23bc67d"/>
         <property name="seleniumVersion" value="3.7.1"/>
         <property name="proxyInformation" value="ProxyInformation{proxyOption=NO_PROXY, proxyServerType=HTTP, password=, proxyServerAddress=, proxyServerPort=0}"/>
         <property name="platform" value="Windows 10"/>
      </properties>
      <testcase name="Test Cases/Navigate to web" classname="Test Cases/Navigate to web" status="PASSED">
         <system-out><![CDATA[2018-04-28 23:34:43 - [TEST_CASE][PASSED] - Test Cases/Navigate to web: Test Cases/Navigate to web

2018-04-28 23:34:43 - [TEST_STEP][PASSED] - openBrowser: Browser is opened with url: ''

2018-04-28 23:34:49 - [MESSAGE][PASSED] - Browser is opened with url: ''

2018-04-28 23:34:49 - [TEST_STEP][PASSED] - navigateToUrl: Navigate to 'http://54.71.80.147:8086/' successfully

2018-04-28 23:35:02 - [MESSAGE][PASSED] - Navigate to 'http://54.71.80.147:8086/' successfully]]></system-out>
         <system-err><![CDATA[]]></system-err>
      </testcase>
      <testcase name="Test Cases/Login with credentials" classname="Test Cases/Login with credentials" status="PASSED">
         <system-out><![CDATA[2018-04-28 23:35:02 - [TEST_CASE][PASSED] - Test Cases/Login with credentials: Test Cases/Login with credentials

2018-04-28 23:35:03 - [TEST_STEP][PASSED] - setText: Text 'user' is set on object 'Object Repository/Page_ProjectBackend/input_username'

2018-04-28 23:35:03 - [MESSAGE][PASSED] - Text 'user' is set on object 'Object Repository/Page_ProjectBackend/input_username'

2018-04-28 23:35:03 - [TEST_STEP][PASSED] - setText: Text 'user' is set on object 'Object Repository/Page_ProjectBackend/input_password'

2018-04-28 23:35:03 - [MESSAGE][PASSED] - Text 'user' is set on object 'Object Repository/Page_ProjectBackend/input_password'

2018-04-28 23:35:03 - [TEST_STEP][PASSED] - click: Object: 'Object Repository/Page_ProjectBackend/button_Login' is clicked on

2018-04-28 23:35:03 - [MESSAGE][PASSED] - Object: 'Object Repository/Page_ProjectBackend/button_Login' is clicked on]]></system-out>
         <system-err><![CDATA[]]></system-err>
      </testcase>
      <testcase name="Test Cases/Verify user landing page" classname="Test Cases/Verify user landing page" status="PASSED">
         <system-out><![CDATA[2018-04-28 23:35:03 - [TEST_CASE][PASSED] - Test Cases/Verify user landing page: Test Cases/Verify user landing page

2018-04-28 23:35:04 - [TEST_STEP][PASSED] - verifyElementText: Actual text and expected text of test object 'Object Repository/Page_ProjectBackend (1)/a_Products' are matched.

2018-04-28 23:35:04 - [MESSAGE][PASSED] - Actual text and expected text of test object 'Object Repository/Page_ProjectBackend (1)/a_Products' are matched.

2018-04-28 23:35:04 - [TEST_STEP][PASSED] - verifyElementText: Actual text and expected text of test object 'Object Repository/Page_ProjectBackend (1)/a_Carts' are matched.

2018-04-28 23:35:04 - [MESSAGE][PASSED] - Actual text and expected text of test object 'Object Repository/Page_ProjectBackend (1)/a_Carts' are matched.]]></system-out>
         <system-err><![CDATA[]]></system-err>
      </testcase>
      <testcase name="Test Cases/Exit browser" classname="Test Cases/Exit browser" status="PASSED">
         <system-out><![CDATA[2018-04-28 23:35:04 - [TEST_CASE][PASSED] - Test Cases/Exit browser: Test Cases/Exit browser

2018-04-28 23:35:04 - [TEST_STEP][PASSED] - closeBrowser: Browser is closed

2018-04-28 23:35:05 - [MESSAGE][PASSED] - Browser is closed]]></system-out>
         <system-err><![CDATA[]]></system-err>
      </testcase>
      <system-out><![CDATA[2018-04-28 23:34:42 - [TEST_SUITE][PASSED] - Login as user: Test Cases/Exit browser]]></system-out>
      <system-err><![CDATA[]]></system-err>
   </testsuite>
</testsuites>
